F00:0001       scroll = $00
F00:0002       scrollinc = $01
F00:0003       sco = $02
F00:0004       count = $03
F00:0005       
F00:0006       zp_sd_address = $40 ; 2
F00:0007       zp_sd_currentsector = $42 ; 4
F00:0008       zp_fat32_variables = $46 ; 24
F00:0009       
F00:0010       fat32_workspace = $200
F00:0011       
F00:0012       fat32_readbuffer = fat32_workspace
F00:0013       
F00:0014       fat32_fatstart          = zp_fat32_variables + $00  ; 4 bytes
F00:0015       fat32_datastart         = zp_fat32_variables + $04  ; 4 bytes
F00:0016       fat32_rootcluster       = zp_fat32_variables + $08  ; 4 bytes
F00:0017       fat32_sectorspercluster = zp_fat32_variables + $0c  ; 1 byte
F00:0018       fat32_pendingsectors    = zp_fat32_variables + $0d  ; 1 byte
F00:0019       fat32_address           = zp_fat32_variables + $0e  ; 2 bytes
F00:0020       fat32_nextcluster       = zp_fat32_variables + $10  ; 4 bytes
F00:0021       fat32_bytesremaining    = zp_fat32_variables + $14  ; 4 bytes 
F00:0022       
F00:0023       fat32_errorstage        = fat32_bytesremaining  ; only used during initializatio
F00:0024       fat32_filenamepointer   = fat32_bytesremaining  ; only used when searching for a file
F00:0025       
F00:0026       buffer = $400
F00:0027       endbuf = $600
F00:0028       
F00:0029       PORTB = $b000
F00:0030       PORTA = $b001
F00:0031       DDRB = $b002
F00:0032       DDRA = $b003
F00:0033       
F00:0034       SD_CS   = %00010000
F00:0035       SD_SCK  = %00001000
F00:0036       SD_MOSI = %00000100
F00:0037       SD_MISO = %00000010
F00:0038       EXTVID  = %10000000
F00:0039       
F00:0040       PORTA_OUTPUTPINS = SD_CS | SD_SCK | SD_MOSI
F00:0041       
F00:0042         .org $0f00
F00:0043       
F00:0044         jsr via_init
               S01:00000F00:  20 06 0F
F00:0045         jmp sys
               S01:00000F03:  4C 20 0F
F00:0046       
F00:0047       via_init:
F00:0048         lda #%11111111          ; Set all pins on port B to output
               S01:00000F06:  A9 FF
F00:0049         sta DDRB
               S01:00000F08:  8D 02 B0
F00:0050         lda #PORTA_OUTPUTPINS   ; Set various pins on port A to output
               S01:00000F0B:  A9 1C
F00:0051         sta DDRA
               S01:00000F0D:  8D 03 B0
F00:0052         rts
               S01:00000F10:  60
F00:0053         
F00:0054       wait:
F00:0055       	phx
               S01:00000F11:  DA
F00:0056       	phy
               S01:00000F12:  5A
F00:0057               ldy  #$ff
               S01:00000F13:  A0 FF
F00:0058               ldx  #$ff
               S01:00000F15:  A2 FF
F00:0059       delay   dex          ; (2 cycles)
               S01:00000F17:  CA
F00:0060               bne  delay   ; (3 cycles in loop, 2 cycles at end)
               S01:00000F18:  D0 FD
F00:0061               dey          ; (2 cycles)
               S01:00000F1A:  88
F00:0062               bne  delay   ; (3 cycles in loop, 2 cycles at end)
               S01:00000F1B:  D0 FA
F00:0063       	ply
               S01:00000F1D:  7A
F00:0064       	plx
               S01:00000F1E:  FA
F00:0065       	rts
               S01:00000F1F:  60
F00:0066       sys:
F00:0067         .include "sys.s"
F01:0001       d400_sVoc1FreqLo = $b800
F01:0002       d401_sVoc1FreqHi = $b801
F01:0003       d402_sVoc1PWidthLo = $b802
F01:0004       d403_sVoc1PWidthHi = $b803
F01:0005       d404_sVoc1Control = $b804
F01:0006       d405_sVoc1AttDec = $b805
F01:0007       d406_sVoc1SusRel = $b806
F01:0008       d407_sVoc2FreqLo = $b807
F01:0009       d408_sVoc2FreqHi = $b808
F01:0010       d409_sVoc2PWidthLo = $b809
F01:0011       d40a_sVoc2PWidthHi = $b80a
F01:0012       d40b_sVoc2Control = $b80b
F01:0013       d40c_sVoc2AttDec = $b80c
F01:0014       d40d_sVoc2SusRel = $b80d
F01:0015       d40e_sVoc3FreqLo = $b80e
F01:0016       d40f_sVoc3FreqHi = $b80f
F01:0017       d410_sVoc3PWidthLo = $b810
F01:0018       d411_sVoc3PWidthHi = $b811
F01:0019       d412_sVoc3Control = $b812
F01:0020       d413_sVoc3AttDec = $b813
F01:0021       d414_sVoc3SusRel = $b814
F01:0022       d415_sFiltFreqLo = $b815
F01:0023       d416_sFiltFreqHi = $b816
F01:0024       d417_sFiltControl = $b817
F01:0025       d418_sFiltMode = $b818
F01:0026       
F01:0027       init:
F01:0028         sei
               S01:00000F20:  78
F01:0029         lda #$55
               S01:00000F21:  A9 55
F01:0030         sta scroll
               S01:00000F23:  85 00
F01:0031         stz count
               S01:00000F25:  64 03
F01:0032         lda #<irq
               S01:00000F27:  A9 40
F01:0033         sta $7ffe
               S01:00000F29:  8D FE 7F
F01:0034         lda #>irq
               S01:00000F2C:  A9 0F
F01:0035         sta $7fff
               S01:00000F2E:  8D FF 7F
F01:0036         lda #$c0
               S01:00000F31:  A9 C0
F01:0037         sta $b00e
               S01:00000F33:  8D 0E B0
F01:0038         ; IRQ Inits Go Here
F01:0039         lda #0 ; Song Numbehr
               S01:00000F36:  A9 00
F01:0040         jsr InitSid
               S01:00000F38:  20 8E 0F
F01:0041         cli
               S01:00000F3B:  58
F01:0042         nop
               S01:00000F3C:  EA
F01:0043       ; You can put code you want to run in the backround here.
F01:0044       loop:
F01:0045         jmp textstart
               S01:00000F3D:  4C 85 26
F01:0046       irq:
F01:0047         pha
               S01:00000F40:  48
F01:0048         phx
               S01:00000F41:  DA
F01:0049         phy
               S01:00000F42:  5A
F01:0050         lda #1
               S01:00000F43:  A9 01
F01:0051         sta irqst
               S01:00000F45:  85 04
F01:0052         inc framecount
               S01:00000F47:  E6 05
F01:0053         ; IRQ code goes here
F01:0054         lda #$40
               S01:00000F49:  A9 40
F01:0055         sta $b00d
               S01:00000F4B:  8D 0D B0
F01:0056         jsr putbut
               S01:00000F4E:  20 A1 0F
F01:0057         jsr PlaySid
               S01:00000F51:  20 5F 26
F01:0058         lda scroll
               S01:00000F54:  A5 00
F01:0059         beq scrollercheck
               S01:00000F56:  F0 04
F01:0060         ply
               S01:00000F58:  7A
F01:0061         plx
               S01:00000F59:  FA
F01:0062         pla
               S01:00000F5A:  68
F01:0063         rti
               S01:00000F5B:  40
F01:0064       
F01:0065       scrollercheck:
F01:0066         lda count
               S01:00000F5C:  A5 03
F01:0067         sec
               S01:00000F5E:  38
F01:0068         sbc #10
               S01:00000F5F:  E9 0A
F01:0069         beq nott
               S01:00000F61:  F0 06
F01:0070         inc count
               S01:00000F63:  E6 03
F01:0071         ply
               S01:00000F65:  7A
F01:0072         plx
               S01:00000F66:  FA
F01:0073         pla
               S01:00000F67:  68
F01:0074         rti
               S01:00000F68:  40
F01:0075       nott:
F01:0076         stz count
               S01:00000F69:  64 03
F01:0077         ldx #<thingy
               S01:00000F6B:  A2 8A
F01:0078         ldy #>thingy
               S01:00000F6D:  A0 0F
F01:0079         jsr w_acia_full
               S01:00000F6F:  20 D3 FF
F01:0080         ldx sco
               S01:00000F72:  A6 02
F01:0081         lda scrollmsg,x
               S01:00000F74:  BD 4B 52
F01:0082         beq endscroll
               S01:00000F77:  F0 09
F01:0083         jsr print_chara
               S01:00000F79:  20 CD FF
F01:0084         inc sco
               S01:00000F7C:  E6 02
F01:0085         ply
               S01:00000F7E:  7A
F01:0086         plx
               S01:00000F7F:  FA
F01:0087         pla
               S01:00000F80:  68
F01:0088         rti
               S01:00000F81:  40
F01:0089       endscroll:
F01:0090         lda #$55
               S01:00000F82:  A9 55
F01:0091         sta scroll
               S01:00000F84:  85 00
F01:0092         ply
               S01:00000F86:  7A
F01:0093         plx
               S01:00000F87:  FA
F01:0094         pla
               S01:00000F88:  68
F01:0095         rti
               S01:00000F89:  40
F01:0096       
F01:0097       thingy:
F01:0098         .byte $16, $0e, 38, $00
               S01:00000F8A:  16
               S01:00000F8B:  0E
               S01:00000F8C:  26
               S01:00000F8D:  00
F01:0099       
F01:0100       InitSid             ldx #$63
               S01:00000F8E:  A2 63
F01:0101                           stx $b004
               S01:00000F90:  8E 04 B0
F01:0102                           stx $b007
               S01:00000F93:  8E 07 B0
F01:0103                           ldy #$26
               S01:00000F96:  A0 26
F01:0104                           sty $b005
               S01:00000F98:  8C 05 B0
F01:0105                           sty $b006
               S01:00000F9B:  8C 06 B0
F01:0106       
F01:0107                           jmp initsid2
               S01:00000F9E:  4C 56 26
F01:0108       
F01:0109       putbut              ldx #$63
               S01:00000FA1:  A2 63
F01:0110                           stx $b004
               S01:00000FA3:  8E 04 B0
F01:0111                           stx $b007
               S01:00000FA6:  8E 07 B0
F01:0112                           ldy #$26
               S01:00000FA9:  A0 26
F01:0113                           sty $b005
               S01:00000FAB:  8C 05 B0
F01:0114                           sty $b006
               S01:00000FAE:  8C 06 B0
F01:0115                           rts
               S01:00000FB1:  60
F01:0116       
F01:0117       
F01:0118       	.org $1000
F01:0119       
F01:0120       L1000               sei
               S02:00001000:  78
F01:0121                           lda #$01
               S02:00001001:  A9 01
F01:0122                           sta $b800
               S02:00001003:  8D 00 B8
F01:0123                           lda #$7f
               S02:00001006:  A9 7F
F01:0124                           sta $dc0d
               S02:00001008:  8D 0D DC
F01:0125                           lda #$35
               S02:0000100B:  A9 35
F01:0126                           sta $01
               S02:0000100D:  85 01
F01:0127                           lda #$00
               S02:0000100F:  A9 00
F01:0128                           ldx #$00
               S02:00001011:  A2 00
F01:0129                           ldy #$00
               S02:00001013:  A0 00
F01:0130                           jsr S1100
               S02:00001015:  20 00 11
F01:0131                           lda #$37
               S02:00001018:  A9 37
F01:0132                           sta $01
               S02:0000101A:  85 01
F01:0133                           lda #$34
               S02:0000101C:  A9 34
F01:0134                           sta $0314
               S02:0000101E:  8D 14 03
F01:0135                           lda #$10
               S02:00001021:  A9 10
F01:0136                           sta $0315
               S02:00001023:  8D 15 03
F01:0137                           lda #$3a
               S02:00001026:  A9 3A
F01:0138                           sta $b800
               S02:00001028:  8D 00 B8
F01:0139                           lda #$1b
               S02:0000102B:  A9 1B
F01:0140                           sta $d011
               S02:0000102D:  8D 11 D0
F01:0141                           cli
               S02:00001030:  58
F01:0142       L1031               jmp L1031
               S02:00001031:  4C 31 10
F01:0143                           
F01:0144       L1034               lda #$01
               S02:00001034:  A9 01
F01:0145                           sta $b800
               S02:00001036:  8D 00 B8
F01:0146                           lda #$35
               S02:00001039:  A9 35
F01:0147                           sta $01
               S02:0000103B:  85 01
F01:0148                           dec $b800
               S02:0000103D:  CE 00 B8
F01:0149                           jsr L1103
               S02:00001040:  20 03 11
F01:0150                           inc $b800
               S02:00001043:  EE 00 B8
F01:0151                           lda #$37
               S02:00001046:  A9 37
F01:0152                           sta $01
               S02:00001048:  85 01
F01:0153                           inc $104e
               S02:0000104A:  EE 4E 10
F01:0154                           lda #$78
               S02:0000104D:  A9 78
F01:0155                           and #$01
               S02:0000104F:  29 01
F01:0156                           tax
               S02:00001051:  AA
F01:0157                           lda $105b,x
               S02:00001052:  BD 5B 10
F01:0158                           sta $b800
               S02:00001055:  8D 00 B8
F01:0159                           jmp $ea7e
               S02:00001058:  4C 7E EA
F01:0160       
F01:0161       	.binary "sys1.bin"
               S02:0000105B:  3A CA BF BF 0B BF BF 0B 00 06 00 00 00 00 00 00
               S02:0000106B:  00 00 00 00 00 00 00 00 00 00 00 00 00 00 00 00
F01:0162       
F01:0163       S1100               jmp L1774
               S02:00001100:  4C 74 17
F01:0164                           
F01:0165       L1103               jmp L11f2
               S02:00001103:  4C F2 11
F01:0166                           
F01:0167       L1106               and $4d20
               S02:00001106:  2D 20 4D
F01:0168                           eor $53,x
               S02:00001109:  55 53
F01:0169                           eor #$43
               S02:0000110B:  49 43
F01:0170                           jsr $5942
               S02:0000110D:  20 42 59
F01:0171                           jsr $4d41
               S02:00001110:  20 41 4D
F01:0172                           lsr a
               S02:00001113:  4A
F01:0173                           bit $4e20
               S02:00001114:  2C 20 4E
F01:0174                           eor ($4d,x)
               S02:00001117:  41 4D
F01:0175                           eor $44
               S02:00001119:  45 44
F01:0176                           jsr $5327
               S02:0000111B:  20 27 53
F01:0177                           eor $3453,y
               S02:0000111E:  59 53 34
F01:0178                           bmi L115c
               S02:00001121:  30 39
F01:0179                           rol $27,x
               S02:00001123:  36 27
F01:0180                           jsr S202d
               S02:00001125:  20 2D 20
F01:0181       
F01:0182       	.binary "sys2.bin"
               S02:00001128:  43 4F 4E 56 45 52 54 45 44 20 42 59 20 50 41 47
               S02:00001138:  45 20 2D 20 50 4C 41 59 45 52 20 42 59 20 54 42
F01:0183       
F01:0184       L115c		    rol $04
               S02:0000115C:  26 04
F01:0185       		    rol $9b,x
               S02:0000115E:  36 9B
F01:0186       
F01:0187       	.binary "sys3.bin"
               S02:00001160:  37 7A 20 1B 1A 03 03 0F 09 02 04 E9 0A 22 23 24
               S02:00001170:  24 00 00 00 51 2B 3C 00 00 00 51 2B 3C 00 08 00
F01:0188       
F01:0189       L11f2               lda #$4f
               S02:000011F2:  A9 4F
F01:0190                           sta d418_sFiltMode
               S02:000011F4:  8D 18 B8
F01:0191                           bne L11fa
               S02:000011F7:  D0 01
F01:0192                           rts
               S02:000011F9:  60
F01:0193                           
F01:0194       L11fa               ldx #$02
               S02:000011FA:  A2 02
F01:0195       L11fc               stx $aa
               S02:000011FC:  86 AA
F01:0196                           lda $1159,x
               S02:000011FE:  BD 59 11
F01:0197                           sta $ab
               S02:00001201:  85 AB
F01:0198                           tay
               S02:00001203:  A8
F01:0199                           lda #$01
               S02:00001204:  A9 01
F01:0200                           bne L1215
               S02:00001206:  D0 0D
F01:0201                           lda $1171,x
               S02:00001208:  BD 71 11
F01:0202                           beq L1210
               S02:0000120B:  F0 03
F01:0203                           jmp L1353
               S02:0000120D:  4C 53 13
F01:0204                           
F01:0205       L1210               dec $1186,x
               S02:00001210:  DE 86 11
F01:0206                           beq L1218
               S02:00001213:  F0 03
F01:0207       L1215               jmp L14ea
               S02:00001215:  4C EA 14
F01:0208                           
F01:0209       L1218               sta $11bc,x
               S02:00001218:  9D BC 11
F01:0210                           sta d406_sVoc1SusRel,y
               S02:0000121B:  99 06 B8
F01:0211                           lda $115f,x
               S02:0000121E:  BD 5F 11
F01:0212                           sta $a5
               S02:00001221:  85 A5
F01:0213                           lda $1162,x
               S02:00001223:  BD 62 11
F01:0214                           sta $a6
               S02:00001226:  85 A6
F01:0215                           ldy L115c,x
               S02:00001228:  BC 5C 11
F01:0216                           lda ($a5),y
               S02:0000122B:  B1 A5
F01:0217                           beq L1264
               S02:0000122D:  F0 35
F01:0218                           jmp L12d1
               S02:0000122F:  4C D1 12
F01:0219                           
F01:0220       L1232               ldx $aa
               S02:00001232:  A6 AA
F01:0221                           dex
               S02:00001234:  CA
F01:0222                           bpl L11fc
               S02:00001235:  10 C5
F01:0223                           lda $1205
               S02:00001237:  AD 05 12
F01:0224                           eor #$01
               S02:0000123A:  49 01
F01:0225                           sta $1205
               S02:0000123C:  8D 05 12
F01:0226                           ldy $118c
               S02:0000123F:  AC 8C 11
F01:0227                           lda #$01
               S02:00001242:  A9 01
F01:0228                           ora #$f0
               S02:00001244:  09 F0
F01:0229                           sta d417_sFiltControl
               S02:00001246:  8D 17 B8
F01:0230                           ldy #$ef
               S02:00001249:  A0 EF
F01:0231       L124b               lda $246e,y
               S02:0000124B:  B9 6E 24
F01:0232                           bne L1254
               S02:0000124E:  D0 04
F01:0233                           dey
               S02:00001250:  88
F01:0234                           lda $246e,y
               S02:00001251:  B9 6E 24
F01:0235       L1254               cmp #$ff
               S02:00001254:  C9 FF
F01:0236                           bne L125c
               S02:00001256:  D0 04
F01:0237                           ldy #$ea
               S02:00001258:  A0 EA
F01:0238                           beq L124b
               S02:0000125A:  F0 EF
F01:0239       L125c               sta d416_sFiltFreqHi
               S02:0000125C:  8D 16 B8
F01:0240                           iny
               S02:0000125F:  C8
F01:0241                           sty $124a
               S02:00001260:  8C 4A 12
F01:0242                           rts
               S02:00001263:  60
F01:0243                           
F01:0244       L1264               sta L115c,x
               S02:00001264:  9D 5C 11
F01:0245                           sta $11d1,x
               S02:00001267:  9D D1 11
F01:0246                           lda $1165,x
               S02:0000126A:  BD 65 11
F01:0247                           beq L1275
               S02:0000126D:  F0 06
F01:0248                           dec $1165,x
               S02:0000126F:  DE 65 11
F01:0249                           jmp L12cc
               S02:00001272:  4C CC 12
F01:0250                           
F01:0251       L1275               lda $116b,x
               S02:00001275:  BD 6B 11
F01:0252                           sta $a7
               S02:00001278:  85 A7
F01:0253                           lda $116e,x
               S02:0000127A:  BD 6E 11
F01:0254                           sta $a8
               S02:0000127D:  85 A8
F01:0255                           ldy $1168,x
               S02:0000127F:  BC 68 11
F01:0256                           lda ($a7),y
               S02:00001282:  B1 A7
F01:0257                           bne L128f
               S02:00001284:  D0 09
F01:0258                           iny
               S02:00001286:  C8
F01:0259                           lda ($a7),y
               S02:00001287:  B1 A7
F01:0260                           sta $1168,x
               S02:00001289:  9D 68 11
F01:0261       
F01:0262                           tay
               S02:0000128C:  A8
F01:0263                           lda ($a7),y
               S02:0000128D:  B1 A7
F01:0264       L128f               bpl L12b3
               S02:0000128F:  10 22
F01:0265                           cmp #$c0
               S02:00001291:  C9 C0
F01:0266                           bcc L12a9
               S02:00001293:  90 14
F01:0267                           cmp #$ff
               S02:00001295:  C9 FF
F01:0268                           bne L129f
               S02:00001297:  D0 06
F01:0269                           lda #$00
               S02:00001299:  A9 00
F01:0270                           sta L11f2 + 1
               S02:0000129B:  8D F3 11
F01:0271                           rts
               S02:0000129E:  60
F01:0272                           
F01:0273       L129f               and #$3f
               S02:0000129F:  29 3F
F01:0274                           sta $1165,x
               S02:000012A1:  9D 65 11
F01:0275                           iny
               S02:000012A4:  C8
F01:0276                           lda ($a7),y
               S02:000012A5:  B1 A7
F01:0277                           bne L12b3
               S02:000012A7:  D0 0A
F01:0278       L12a9               and #$1f
               S02:000012A9:  29 1F
F01:0279                           sta $1177,x
               S02:000012AB:  9D 77 11
F01:0280                           iny
               S02:000012AE:  C8
F01:0281                           lda ($a7),y
               S02:000012AF:  B1 A7
F01:0282                           bmi L129f
               S02:000012B1:  30 EC
F01:0283       L12b3               sta $a7
               S02:000012B3:  85 A7
F01:0284                           iny
               S02:000012B5:  C8
F01:0285                           tya
               S02:000012B6:  98
F01:0286                           sta $1168,x
               S02:000012B7:  9D 68 11
F01:0287                           ldy $a7
               S02:000012BA:  A4 A7
F01:0288                           lda $1874,y
               S02:000012BC:  B9 74 18
F01:0289                           sta $115f,x
               S02:000012BF:  9D 5F 11
F01:0290                           sta $a5
               S02:000012C2:  85 A5
F01:0291                           lda $20c7,y
               S02:000012C4:  B9 C7 20
F01:0292                           sta $1162,x
               S02:000012C7:  9D 62 11
F01:0293                           sta $a6
               S02:000012CA:  85 A6
F01:0294       L12cc               ldy L115c,x
               S02:000012CC:  BC 5C 11
F01:0295                           lda ($a5),y
               S02:000012CF:  B1 A5
F01:0296       L12d1               sta $1171,x
               S02:000012D1:  9D 71 11
F01:0297                           cmp #$60
               S02:000012D4:  C9 60
F01:0298                           bcc L132f
               S02:000012D6:  90 57
F01:0299                           cmp #$80
               S02:000012D8:  C9 80
F01:0300                           bcc L1310
               S02:000012DA:  90 34
F01:0301                           cmp #$c0
               S02:000012DC:  C9 C0
F01:0302                           bcc L1302
               S02:000012DE:  90 22
F01:0303       L12e0               and #$3f
               S02:000012E0:  29 3F
F01:0304                           sta $11bc,x
               S02:000012E2:  9D BC 11
F01:0305                           sty $a9
               S02:000012E5:  84 A9
F01:0306                           tay
               S02:000012E7:  A8
F01:0307                           lda $20e6,y
               S02:000012E8:  B9 E6 20
F01:0308                           sta $11bf,x
               S02:000012EB:  9D BF 11
F01:0309                           lda $20e7,y
               S02:000012EE:  B9 E7 20
F01:0310                           sta $11c2,x
               S02:000012F1:  9D C2 11
F01:0311                           lda $20e8,y
               S02:000012F4:  B9 E8 20
F01:0312                           sta $11c5,x
               S02:000012F7:  9D C5 11
F01:0313                           ldy $a9
               S02:000012FA:  A4 A9
F01:0314                           iny
               S02:000012FC:  C8
F01:0315                           lda ($a5),y
               S02:000012FD:  B1 A5
F01:0316                           jmp L132f
               S02:000012FF:  4C 2F 13
F01:0317                           
F01:0318       L1302               and #$3f
               S02:00001302:  29 3F
F01:0319                           sta $118c,x
               S02:00001304:  9D 8C 11
F01:0320                           iny
               S02:00001307:  C8
F01:0321                           lda ($a5),y
               S02:00001308:  B1 A5
F01:0322                           bmi L12e0
               S02:0000130A:  30 D4
F01:0323                           cmp #$60
               S02:0000130C:  C9 60
F01:0324                           bcc L132f
               S02:0000130E:  90 1F
F01:0325       L1310               and #$1f
               S02:00001310:  29 1F
F01:0326                           sta $11d1,x
               S02:00001312:  9D D1 11
F01:0327                           sty $a9
               S02:00001315:  84 A9
F01:0328                           tay
               S02:00001317:  A8
F01:0329                           lda $2434,y
               S02:00001318:  B9 34 24
F01:0330                           tay
               S02:0000131B:  A8
F01:0331                           lda $2439,y
               S02:0000131C:  B9 39 24
F01:0332                           sta $11da,x
               S02:0000131F:  9D DA 11
F01:0333                           sta $11dd,x
               S02:00001322:  9D DD 11
F01:0334                           iny
               S02:00001325:  C8
F01:0335                           tya
               S02:00001326:  98
F01:0336                           sta $11d4,x
               S02:00001327:  9D D4 11
F01:0337                           ldy $a9
               S02:0000132A:  A4 A9
F01:0338                           iny
               S02:0000132C:  C8
F01:0339                           lda ($a5),y
               S02:0000132D:  B1 A5
F01:0340       L132f               sta $1174,x
               S02:0000132F:  9D 74 11
F01:0341                           clc
               S02:00001332:  18
F01:0342                           adc $1177,x
               S02:00001333:  7D 77 11
F01:0343                           sta $117a,x
               S02:00001336:  9D 7A 11
F01:0344                           iny
               S02:00001339:  C8
F01:0345                           lda ($a5),y
               S02:0000133A:  B1 A5
F01:0346                           asl a
               S02:0000133C:  0A
F01:0347                           sec
               S02:0000133D:  38
F01:0348                           sbc #$01
               S02:0000133E:  E9 01
F01:0349                           sta $1186,x
               S02:00001340:  9D 86 11
F01:0350                           sta $1189,x
               S02:00001343:  9D 89 11
F01:0351                           iny
               S02:00001346:  C8
F01:0352                           tya
               S02:00001347:  98
F01:0353                           sta L115c,x
               S02:00001348:  9D 5C 11
F01:0354                           lda #$00
               S02:0000134B:  A9 00
F01:0355                           bne L1352
               S02:0000134D:  D0 03
F01:0356                           jmp L1232
               S02:0000134F:  4C 32 12
F01:0357                           
F01:0358       L1352               rts
               S02:00001352:  60
F01:0359                           
F01:0360       L1353               ldy $118c,x
               S02:00001353:  BC 8C 11
F01:0361                           sty $a9
               S02:00001356:  84 A9
F01:0362                           lda $23a9,y
               S02:00001358:  B9 A9 23
F01:0363                           sta $a5
               S02:0000135B:  85 A5
F01:0364                           dex
               S02:0000135D:  CA
F01:0365                           bpl L137c
               S02:0000135E:  10 1C
F01:0366                           and #$07
               S02:00001360:  29 07
F01:0367                           sta $1243
               S02:00001362:  8D 43 12
F01:0368                           lda $22e9,y
               S02:00001365:  B9 E9 22
F01:0369                           bmi L137c
               S02:00001368:  30 12
F01:0370                           tay
               S02:0000136A:  A8
F01:0371                           lda $244c,y
               S02:0000136B:  B9 4C 24
F01:0372                           tay
               S02:0000136E:  A8
F01:0373                           lda $246e,y
               S02:0000136F:  B9 6E 24
F01:0374                           sta L11f2 + 1
               S02:00001372:  8D F3 11
F01:0375                           iny
               S02:00001375:  C8
F01:0376                           sty $1259
               S02:00001376:  8C 59 12
F01:0377                           sty $124a
               S02:00001379:  8C 4A 12
F01:0378       L137c               ldx $a9
               S02:0000137C:  A6 A9
F01:0379                           ldy $ab
               S02:0000137E:  A4 AB
F01:0380                           lda $2269,x
               S02:00001380:  BD 69 22
F01:0381                           sta d405_sVoc1AttDec,y
               S02:00001383:  99 05 B8
F01:0382                           lda $22a9,x
               S02:00001386:  BD A9 22
F01:0383                           sta d406_sVoc1SusRel,y
               S02:00001389:  99 06 B8
F01:0384                           ldx $aa
               S02:0000138C:  A6 AA
F01:0385                           lda #$00
               S02:0000138E:  A9 00
F01:0386                           sta $1183,x
               S02:00001390:  9D 83 11
F01:0387                           sta $11b3,x
               S02:00001393:  9D B3 11
F01:0388                           sta $1171,x
               S02:00001396:  9D 71 11
F01:0389                           lda $a5
               S02:00001399:  A5 A5
F01:0390                           and #$20
               S02:0000139B:  29 20
F01:0391                           bne L13b2
               S02:0000139D:  D0 13
F01:0392                           sta $1195,x
               S02:0000139F:  9D 95 11
F01:0393                           sta $119e,x
               S02:000013A2:  9D 9E 11
F01:0394                           ldx $a9
               S02:000013A5:  A6 A9
F01:0395                           lda $20e9,x
               S02:000013A7:  BD E9 20
F01:0396                           sta d403_sVoc1PWidthHi,y
               S02:000013AA:  99 03 B8
F01:0397                           ldx $aa
               S02:000013AD:  A6 AA
F01:0398                           sta $1198,x
               S02:000013AF:  9D 98 11
F01:0399       L13b2               ldy $a9
               S02:000013B2:  A4 A9
F01:0400                           lda $a5
               S02:000013B4:  A5 A5
F01:0401                           and #$10
               S02:000013B6:  29 10
F01:0402                           sta $11e6,x
               S02:000013B8:  9D E6 11
F01:0403                           beq L142a
               S02:000013BB:  F0 6D
F01:0404                           lda $2369,y
               S02:000013BD:  B9 69 23
F01:0405                           sta $11ef,x
               S02:000013C0:  9D EF 11
F01:0406                           beq L13f5
               S02:000013C3:  F0 30
F01:0407                           ldx $2329,y
               S02:000013C5:  BE 29 23
F01:0408                           lda $2569,x
               S02:000013C8:  BD 69 25
F01:0409                           ldx $aa
               S02:000013CB:  A6 AA
F01:0410                           sta $11e9,x
               S02:000013CD:  9D E9 11
F01:0411                           sta $11ec,x
               S02:000013D0:  9D EC 11
F01:0412                           inc $11ec,x
               S02:000013D3:  FE EC 11
F01:0413                           tay
               S02:000013D6:  A8
F01:0414                           lda $256e,y
               S02:000013D7:  B9 6E 25
F01:0415                           sta $a7
               S02:000013DA:  85 A7
F01:0416                           ldx $25e2,y
               S02:000013DC:  BE E2 25
F01:0417                           lda $17af,x
               S02:000013DF:  BD AF 17
F01:0418                           ldy $ab
               S02:000013E2:  A4 AB
F01:0419                           sta d400_sVoc1FreqLo,y
               S02:000013E4:  99 00 B8
F01:0420                           lda $180f,x
               S02:000013E7:  BD 0F 18
F01:0421                           sta d401_sVoc1FreqHi,y
               S02:000013EA:  99 01 B8
F01:0422                           lda $a7
               S02:000013ED:  A5 A7
F01:0423                           sta d404_sVoc1Control,y
               S02:000013EF:  99 04 B8
F01:0424                           jmp L1232
               S02:000013F2:  4C 32 12
F01:0425                           
F01:0426       L13f5               ldx $2329,y
               S02:000013F5:  BE 29 23
F01:0427                           lda $2569,x
               S02:000013F8:  BD 69 25
F01:0428                           ldx $aa
               S02:000013FB:  A6 AA
F01:0429                           sta $11e9,x
               S02:000013FD:  9D E9 11
F01:0430                           sta $11ec,x
               S02:00001400:  9D EC 11
F01:0431                           inc $11ec,x
               S02:00001403:  FE EC 11
F01:0432                           tay
               S02:00001406:  A8
F01:0433                           lda $256e,y
               S02:00001407:  B9 6E 25
F01:0434                           sta $a7
               S02:0000140A:  85 A7
F01:0435                           lda $25e2,y
               S02:0000140C:  B9 E2 25
F01:0436                           clc
               S02:0000140F:  18
F01:0437                           adc $1174,x
               S02:00001410:  7D 74 11
F01:0438                           tax
               S02:00001413:  AA
F01:0439                           lda $17af,x
               S02:00001414:  BD AF 17
F01:0440                           ldy $ab
               S02:00001417:  A4 AB
F01:0441                           sta d400_sVoc1FreqLo,y
               S02:00001419:  99 00 B8
F01:0442                           lda $180f,x
               S02:0000141C:  BD 0F 18
F01:0443                           sta d401_sVoc1FreqHi,y
               S02:0000141F:  99 01 B8
F01:0444                           lda $a7
               S02:00001422:  A5 A7
F01:0445                           sta d404_sVoc1Control,y
               S02:00001424:  99 04 B8
F01:0446                           jmp L1232
               S02:00001427:  4C 32 12
F01:0447                           
F01:0448       L142a               lda $a5
               S02:0000142A:  A5 A5
F01:0449                           bpl L144f
               S02:0000142C:  10 21
F01:0450                           lda #$81
               S02:0000142E:  A9 81
F01:0451                           ldy $ab
               S02:00001430:  A4 AB
F01:0452                           sta d404_sVoc1Control,y
               S02:00001432:  99 04 B8
F01:0453                           lda #$bf
               S02:00001435:  A9 BF
F01:0454                           sta d400_sVoc1FreqLo,y
               S02:00001437:  99 00 B8
F01:0455                           sta d401_sVoc1FreqHi,y
               S02:0000143A:  99 01 B8
F01:0456                           ldy $117a,x
               S02:0000143D:  BC 7A 11
F01:0457                           lda $180f,y
               S02:00001440:  B9 0F 18
F01:0458                           sta $1192,x
               S02:00001443:  9D 92 11
F01:0459                           lda $17af,y
               S02:00001446:  B9 AF 17
F01:0460                           sta $118f,x
               S02:00001449:  9D 8F 11
F01:0461                           jmp L1472
               S02:0000144C:  4C 72 14
F01:0462                           
F01:0463       L144f               lda $21a9,y
               S02:0000144F:  B9 A9 21
F01:0464                           ldy $ab
               S02:00001452:  A4 AB
F01:0465                           sta d404_sVoc1Control,y
               S02:00001454:  99 04 B8
F01:0466                           ldy $117a,x
               S02:00001457:  BC 7A 11
F01:0467                           lda $180f,y
               S02:0000145A:  B9 0F 18
F01:0468                           sta $a7
               S02:0000145D:  85 A7
F01:0469                           lda $17af,y
               S02:0000145F:  B9 AF 17
F01:0470                           ldy $ab
               S02:00001462:  A4 AB
F01:0471                           sta d400_sVoc1FreqLo,y
               S02:00001464:  99 00 B8
F01:0472                           sta $118f,x
               S02:00001467:  9D 8F 11
F01:0473                           lda $a7
               S02:0000146A:  A5 A7
F01:0474                           sta d401_sVoc1FreqHi,y
               S02:0000146C:  99 01 B8
F01:0475                           sta $1192,x
               S02:0000146F:  9D 92 11
F01:0476       L1472               lda $a5
               S02:00001472:  A5 A5
F01:0477                           and #$40
               S02:00001474:  29 40
F01:0478                           sta $11a7,x
               S02:00001476:  9D A7 11
F01:0479                           beq L1499
               S02:00001479:  F0 1E
F01:0480                           ldy $a9
               S02:0000147B:  A4 A9
F01:0481                           lda $2329,y
               S02:0000147D:  B9 29 23
F01:0482                           sta $11aa,x
               S02:00001480:  9D AA 11
F01:0483                           lda $2369,y
               S02:00001483:  B9 69 23
F01:0484                           sta $a7
               S02:00001486:  85 A7
F01:0485                           and #$0f
               S02:00001488:  29 0F
F01:0486                           sta $11b0,x
               S02:0000148A:  9D B0 11
F01:0487                           sta $11b6,x
               S02:0000148D:  9D B6 11
F01:0488                           lda $a7
               S02:00001490:  A5 A7
F01:0489                           lsr a
               S02:00001492:  4A
F01:0490                           lsr a
               S02:00001493:  4A
F01:0491                           lsr a
               S02:00001494:  4A
F01:0492                           lsr a
               S02:00001495:  4A
F01:0493                           sta $11ad,x
               S02:00001496:  9D AD 11
F01:0494       L1499               lda $11bc,x
               S02:00001499:  BD BC 11
F01:0495                           beq L14aa
               S02:0000149C:  F0 0C
F01:0496                           lda $11c5,x
               S02:0000149E:  BD C5 11
F01:0497                           sta $11cb,x
               S02:000014A1:  9D CB 11
F01:0498                           lda $11bf,x
               S02:000014A4:  BD BF 11
F01:0499                           sta $11c8,x
               S02:000014A7:  9D C8 11
F01:0500       L14aa               lda $a5
               S02:000014AA:  A5 A5
F01:0501                           ldy $a9
               S02:000014AC:  A4 A9
F01:0502                           and #$20
               S02:000014AE:  29 20
F01:0503                           bne L14c1
               S02:000014B0:  D0 0F
F01:0504                           lda $2169,y
               S02:000014B2:  B9 69 21
F01:0505                           sta $11a1,x
               S02:000014B5:  9D A1 11
F01:0506                           sta $11a4,x
               S02:000014B8:  9D A4 11
F01:0507                           lda $2129,y
               S02:000014BB:  B9 29 21
F01:0508                           sta $119b,x
               S02:000014BE:  9D 9B 11
F01:0509       L14c1               lda $2229,y
               S02:000014C1:  B9 29 22
F01:0510                           sta $1180,x
               S02:000014C4:  9D 80 11
F01:0511                           lda $a5
               S02:000014C7:  A5 A5
F01:0512                           and #$08
               S02:000014C9:  29 08
F01:0513                           sta $117d,x
               S02:000014CB:  9D 7D 11
F01:0514                           lda $11d1,x
               S02:000014CE:  BD D1 11
F01:0515                           sta $11ce,x
               S02:000014D1:  9D CE 11
F01:0516                           beq L14e7
               S02:000014D4:  F0 11
F01:0517                           lda $11d4,x
               S02:000014D6:  BD D4 11
F01:0518                           sta $11d7,x
               S02:000014D9:  9D D7 11
F01:0519                           tay
               S02:000014DC:  A8
F01:0520                           lda $2439,y
               S02:000014DD:  B9 39 24
F01:0521                           clc
               S02:000014E0:  18
F01:0522                           adc $117a,x
               S02:000014E1:  7D 7A 11
F01:0523                           sta $11e0,x
               S02:000014E4:  9D E0 11
F01:0524       L14e7               jmp L1232
               S02:000014E7:  4C 32 12
F01:0525                           
F01:0526       L14ea               ldx $aa
               S02:000014EA:  A6 AA
F01:0527                           lda $11e6,x
               S02:000014EC:  BD E6 11
F01:0528                           beq L154f
               S02:000014EF:  F0 5E
F01:0529                           lda $11ef,x
               S02:000014F1:  BD EF 11
F01:0530                           bne L151c
               S02:000014F4:  D0 26
F01:0531                           ldy $11ec,x
               S02:000014F6:  BC EC 11
F01:0532                           lda $256e,y
               S02:000014F9:  B9 6E 25
F01:0533                           beq L151c
               S02:000014FC:  F0 1E
F01:0534                           sta $a7
               S02:000014FE:  85 A7
F01:0535                           inc $11ec,x
               S02:00001500:  FE EC 11
F01:0536                           ldx $25e2,y
               S02:00001503:  BE E2 25
F01:0537                           ldy $ab
               S02:00001506:  A4 AB
F01:0538                           lda $180f,x
               S02:00001508:  BD 0F 18
F01:0539                           sta d401_sVoc1FreqHi,y
               S02:0000150B:  99 01 B8
F01:0540                           lda $17af,x
               S02:0000150E:  BD AF 17
F01:0541                           sta d400_sVoc1FreqLo,y
               S02:00001511:  99 00 B8
F01:0542                           lda $a7
               S02:00001514:  A5 A7
F01:0543                           sta d404_sVoc1Control,y
               S02:00001516:  99 04 B8
F01:0544                           jmp L1232
               S02:00001519:  4C 32 12
F01:0545                           
F01:0546       L151c               ldy $11ec,x
               S02:0000151C:  BC EC 11
F01:0547                           lda $256e,y
               S02:0000151F:  B9 6E 25
F01:0548                           beq L1547
               S02:00001522:  F0 23
F01:0549                           sta $a7
               S02:00001524:  85 A7
F01:0550                           inc $11ec,x
               S02:00001526:  FE EC 11
F01:0551                           lda $25e2,y
               S02:00001529:  B9 E2 25
F01:0552                           clc
               S02:0000152C:  18
F01:0553                           adc $1174,x
               S02:0000152D:  7D 74 11
F01:0554                           tax
               S02:00001530:  AA
F01:0555                           ldy $ab
               S02:00001531:  A4 AB
F01:0556                           lda $180f,x
               S02:00001533:  BD 0F 18
F01:0557                           sta d401_sVoc1FreqHi,y
               S02:00001536:  99 01 B8
F01:0558                           lda $17af,x
               S02:00001539:  BD AF 17
F01:0559                           sta d400_sVoc1FreqLo,y
               S02:0000153C:  99 00 B8
F01:0560                           lda $a7
               S02:0000153F:  A5 A7
F01:0561                           sta d404_sVoc1Control,y
               S02:00001541:  99 04 B8
F01:0562                           jmp L1232
               S02:00001544:  4C 32 12
F01:0563                           
F01:0564       L1547               ldy $ab
               S02:00001547:  A4 AB
F01:0565                           sta d404_sVoc1Control,y
               S02:00001549:  99 04 B8
F01:0566                           jmp L1232
               S02:0000154C:  4C 32 12
F01:0567                           
F01:0568       L154f               lda $118c,x
               S02:0000154F:  BD 8C 11
F01:0569                           sta $a9
               S02:00001552:  85 A9
F01:0570                           lda $119e,x
               S02:00001554:  BD 9E 11
F01:0571                           bne L1584
               S02:00001557:  D0 2B
F01:0572                           lda $1195,x
               S02:00001559:  BD 95 11
F01:0573                           clc
               S02:0000155C:  18
F01:0574                           adc $119b,x
               S02:0000155D:  7D 9B 11
F01:0575                           ldy $ab
               S02:00001560:  A4 AB
F01:0576                           sta $1195,x
               S02:00001562:  9D 95 11
F01:0577                           sta d402_sVoc1PWidthLo,y
               S02:00001565:  99 02 B8
F01:0578                           lda $1198,x
               S02:00001568:  BD 98 11
F01:0579                           adc #$00
               S02:0000156B:  69 00
F01:0580                           sta $1198,x
               S02:0000156D:  9D 98 11
F01:0581                           sta d403_sVoc1PWidthHi,y
               S02:00001570:  99 03 B8
F01:0582                           dec $11a4,x
               S02:00001573:  DE A4 11
F01:0583                           bne L15ae
               S02:00001576:  D0 36
F01:0584                           inc $119e,x
               S02:00001578:  FE 9E 11
F01:0585                           lda $11a1,x
               S02:0000157B:  BD A1 11
F01:0586                           sta $11a4,x
               S02:0000157E:  9D A4 11
F01:0587                           jmp L15ae
               S02:00001581:  4C AE 15
F01:0588                           
F01:0589       L1584               lda $1195,x
               S02:00001584:  BD 95 11
F01:0590                           sec
               S02:00001587:  38
F01:0591                           sbc $119b,x
               S02:00001588:  FD 9B 11
F01:0592                           ldy $ab
               S02:0000158B:  A4 AB
F01:0593                           sta d402_sVoc1PWidthLo,y
               S02:0000158D:  99 02 B8
F01:0594                           sta $1195,x
               S02:00001590:  9D 95 11
F01:0595                           lda $1198,x
               S02:00001593:  BD 98 11
F01:0596                           adc #$ff
               S02:00001596:  69 FF
F01:0597                           sta $1198,x
               S02:00001598:  9D 98 11
F01:0598                           sta d403_sVoc1PWidthHi,y
               S02:0000159B:  99 03 B8
F01:0599                           dec $11a4,x
               S02:0000159E:  DE A4 11
F01:0600                           bne L15ae
               S02:000015A1:  D0 0B
F01:0601                           lda #$00
               S02:000015A3:  A9 00
F01:0602                           sta $119e,x
               S02:000015A5:  9D 9E 11
F01:0603                           lda $11a1,x
               S02:000015A8:  BD A1 11
F01:0604                           sta $11a4,x
               S02:000015AB:  9D A4 11
F01:0605       L15ae               lda $118f,x
               S02:000015AE:  BD 8F 11
F01:0606                           sta d400_sVoc1FreqLo,y
               S02:000015B1:  99 00 B8
F01:0607                           lda $1192,x
               S02:000015B4:  BD 92 11
F01:0608                           sta d401_sVoc1FreqHi,y
               S02:000015B7:  99 01 B8
F01:0609                           lda $1183,x
               S02:000015BA:  BD 83 11
F01:0610                           bne L15f4
               S02:000015BD:  D0 35
F01:0611                           lda $117d,x
               S02:000015BF:  BD 7D 11
F01:0612                           bne L15e2
               S02:000015C2:  D0 1E
F01:0613                           lda $1189,x
               S02:000015C4:  BD 89 11
F01:0614                           sec
               S02:000015C7:  38
F01:0615                           sbc $1180,x
               S02:000015C8:  FD 80 11
F01:0616                           cmp $1186,x
               S02:000015CB:  DD 86 11
F01:0617                           beq L15d2
               S02:000015CE:  F0 02
F01:0618                           bne L15ea
               S02:000015D0:  D0 18
F01:0619       L15d2               ldy $a9
               S02:000015D2:  A4 A9
F01:0620                           lda $21e9,y
               S02:000015D4:  B9 E9 21
F01:0621                           ldy $ab
               S02:000015D7:  A4 AB
F01:0622                           sta d404_sVoc1Control,y
               S02:000015D9:  99 04 B8
F01:0623                           inc $1183,x
               S02:000015DC:  FE 83 11
F01:0624                           jmp L15f4
               S02:000015DF:  4C F4 15
F01:0625                           
F01:0626       L15e2               lda $1186,x
               S02:000015E2:  BD 86 11
F01:0627                           cmp $1180,x
               S02:000015E5:  DD 80 11
F01:0628                           beq L15d2
               S02:000015E8:  F0 E8
F01:0629       L15ea               ldy $a9
               S02:000015EA:  A4 A9
F01:0630                           lda $21a9,y
               S02:000015EC:  B9 A9 21
F01:0631                           ldy $ab
               S02:000015EF:  A4 AB
F01:0632                           sta d404_sVoc1Control,y
               S02:000015F1:  99 04 B8
F01:0633       L15f4               lda $11a7,x
               S02:000015F4:  BD A7 11
F01:0634                           bne L15fc
               S02:000015F7:  D0 03
F01:0635                           jmp L16b8
               S02:000015F9:  4C B8 16
F01:0636                           
F01:0637       L15fc               lda $11aa,x
               S02:000015FC:  BD AA 11
F01:0638                           beq L1607
               S02:000015FF:  F0 06
F01:0639                           dec $11aa,x
               S02:00001601:  DE AA 11
F01:0640                           jmp L16b8
               S02:00001604:  4C B8 16
F01:0641                           
F01:0642       L1607               ldy $11b3,x
               S02:00001607:  BC B3 11
F01:0643                           beq L1644
               S02:0000160A:  F0 38
F01:0644                           dey
               S02:0000160C:  88
F01:0645                           beq L1667
               S02:0000160D:  F0 58
F01:0646                           dey
               S02:0000160F:  88
F01:0647                           beq L1615
               S02:00001610:  F0 03
F01:0648                           jmp L168a
               S02:00001612:  4C 8A 16
F01:0649                           
F01:0650       L1615               ldy $117a,x
               S02:00001615:  BC 7A 11
F01:0651                           lda $11ad,x
               S02:00001618:  BD AD 11
F01:0652                           sta $a7
               S02:0000161B:  85 A7
F01:0653                           lda $118f,x
               S02:0000161D:  BD 8F 11
F01:0654       L1620               sec
               S02:00001620:  38
F01:0655                           sbc $180e,y
               S02:00001621:  F9 0E 18
F01:0656                           bcs L1629
               S02:00001624:  B0 03
F01:0657                           dec $1192,x
               S02:00001626:  DE 92 11
F01:0658       L1629               dec $a7
               S02:00001629:  C6 A7
F01:0659                           bpl L1620
               S02:0000162B:  10 F3
F01:0660                           sta $118f,x
               S02:0000162D:  9D 8F 11
F01:0661                           dec $11b6,x
               S02:00001630:  DE B6 11
F01:0662                           bmi L1638
               S02:00001633:  30 03
F01:0663                           jmp L16b8
               S02:00001635:  4C B8 16
F01:0664                           
F01:0665       L1638               inc $11b3,x
               S02:00001638:  FE B3 11
F01:0666                           lda $11b0,x
               S02:0000163B:  BD B0 11
F01:0667                           sta $11b6,x
               S02:0000163E:  9D B6 11
F01:0668                           jmp L16b8
               S02:00001641:  4C B8 16
F01:0669                           
F01:0670       L1644               ldy $117a,x
               S02:00001644:  BC 7A 11
F01:0671                           lda $11ad,x
               S02:00001647:  BD AD 11
F01:0672                           sta $a7
               S02:0000164A:  85 A7
F01:0673                           lda $118f,x
               S02:0000164C:  BD 8F 11
F01:0674       L164f               clc
               S02:0000164F:  18
F01:0675                           adc $180f,y
               S02:00001650:  79 0F 18
F01:0676                           bcc L1658
               S02:00001653:  90 03
F01:0677                           inc $1192,x
               S02:00001655:  FE 92 11
F01:0678       L1658               dec $a7
               S02:00001658:  C6 A7
F01:0679                           bpl L164f
               S02:0000165A:  10 F3
F01:0680                           sta $118f,x
               S02:0000165C:  9D 8F 11
F01:0681                           dec $11b6,x
               S02:0000165F:  DE B6 11
F01:0682                           bmi L1638
               S02:00001662:  30 D4
F01:0683                           jmp L16b8
               S02:00001664:  4C B8 16
F01:0684                           
F01:0685       L1667               ldy $117a,x
               S02:00001667:  BC 7A 11
F01:0686                           lda $11ad,x
               S02:0000166A:  BD AD 11
F01:0687                           sta $a7
               S02:0000166D:  85 A7
F01:0688                           lda $118f,x
               S02:0000166F:  BD 8F 11
F01:0689       L1672               sec
               S02:00001672:  38
F01:0690                           sbc $180f,y
               S02:00001673:  F9 0F 18
F01:0691                           bcs L167b
               S02:00001676:  B0 03
F01:0692                           dec $1192,x
               S02:00001678:  DE 92 11
F01:0693       L167b               dec $a7
               S02:0000167B:  C6 A7
F01:0694                           bpl L1672
               S02:0000167D:  10 F3
F01:0695                           sta $118f,x
               S02:0000167F:  9D 8F 11
F01:0696                           dec $11b6,x
               S02:00001682:  DE B6 11
F01:0697                           bmi L1638
               S02:00001685:  30 B1
F01:0698                           jmp L16b8
               S02:00001687:  4C B8 16
F01:0699                           
F01:0700       L168a               ldy $117a,x
               S02:0000168A:  BC 7A 11
F01:0701                           lda $11ad,x
               S02:0000168D:  BD AD 11
F01:0702                           sta $a7
               S02:00001690:  85 A7
F01:0703                           lda $118f,x
               S02:00001692:  BD 8F 11
F01:0704       L1695               clc
               S02:00001695:  18
F01:0705                           adc $180e,y
               S02:00001696:  79 0E 18
F01:0706                           bcc L169e
               S02:00001699:  90 03
F01:0707                           inc $1192,x
               S02:0000169B:  FE 92 11
F01:0708       L169e               dec $a7
               S02:0000169E:  C6 A7
F01:0709                           bpl L1695
               S02:000016A0:  10 F3
F01:0710                           sta $118f,x
               S02:000016A2:  9D 8F 11
F01:0711                           dec $11b6,x
               S02:000016A5:  DE B6 11
F01:0712                           bmi L16ad
               S02:000016A8:  30 03
F01:0713                           jmp L16b8
               S02:000016AA:  4C B8 16
F01:0714                           
F01:0715       L16ad               lda #$00
               S02:000016AD:  A9 00
F01:0716                           sta $11b3,x
               S02:000016AF:  9D B3 11
F01:0717                           lda $11b0,x
               S02:000016B2:  BD B0 11
F01:0718                           sta $11b6,x
               S02:000016B5:  9D B6 11
F01:0719       L16b8               lda $11bc,x
               S02:000016B8:  BD BC 11
F01:0720                           bne L16c0
               S02:000016BB:  D0 03
F01:0721                           jmp L1720
               S02:000016BD:  4C 20 17
F01:0722                           
F01:0723       L16c0               lda $11c8,x
               S02:000016C0:  BD C8 11
F01:0724                           beq L16cb
               S02:000016C3:  F0 06
F01:0725                           dec $11c8,x
               S02:000016C5:  DE C8 11
F01:0726                           jmp L1720
               S02:000016C8:  4C 20 17
F01:0727                           
F01:0728       L16cb               lda $11c2,x
               S02:000016CB:  BD C2 11
F01:0729                           bmi L16f7
               S02:000016CE:  30 27
F01:0730                           sta $a7
               S02:000016D0:  85 A7
F01:0731                           ldy $117a,x
               S02:000016D2:  BC 7A 11
F01:0732                           lda $118f,x
               S02:000016D5:  BD 8F 11
F01:0733                           sec
               S02:000016D8:  38
F01:0734       L16d9               sbc $180f,y
               S02:000016D9:  F9 0F 18
F01:0735                           bcs L16e2
               S02:000016DC:  B0 04
F01:0736                           sec
               S02:000016DE:  38
F01:0737                           dec $1192,x
               S02:000016DF:  DE 92 11
F01:0738       L16e2               dec $a7
               S02:000016E2:  C6 A7
F01:0739                           bne L16d9
               S02:000016E4:  D0 F3
F01:0740                           sta $118f,x
               S02:000016E6:  9D 8F 11
F01:0741                           dec $11cb,x
               S02:000016E9:  DE CB 11
F01:0742                           lda $11cb,x
               S02:000016EC:  BD CB 11
F01:0743                           bne L16f4
               S02:000016EF:  D0 03
F01:0744                           sta $11bc,x
               S02:000016F1:  9D BC 11
F01:0745       L16f4               jmp L1232
               S02:000016F4:  4C 32 12
F01:0746                           
F01:0747       L16f7               and #$7f
               S02:000016F7:  29 7F
F01:0748                           sta $a7
               S02:000016F9:  85 A7
F01:0749                           ldy $117a,x
               S02:000016FB:  BC 7A 11
F01:0750                           lda $118f,x
               S02:000016FE:  BD 8F 11
F01:0751                           clc
               S02:00001701:  18
F01:0752       L1702               adc $180f,y
               S02:00001702:  79 0F 18
F01:0753                           bcc L170b
               S02:00001705:  90 04
F01:0754                           inc $1192,x
               S02:00001707:  FE 92 11
F01:0755                           clc
               S02:0000170A:  18
F01:0756       L170b               dec $a7
               S02:0000170B:  C6 A7
F01:0757                           bpl L1702
               S02:0000170D:  10 F3
F01:0758                           sta $118f,x
               S02:0000170F:  9D 8F 11
F01:0759                           dec $11cb,x
               S02:00001712:  DE CB 11
F01:0760                           lda $11cb,x
               S02:00001715:  BD CB 11
F01:0761                           bne L16f4
               S02:00001718:  D0 DA
F01:0762                           sta $11bc,x
               S02:0000171A:  9D BC 11
F01:0763       L171d               jmp L1232
               S02:0000171D:  4C 32 12
F01:0764                           
F01:0765       L1720               lda $11ce,x
               S02:00001720:  BD CE 11
F01:0766                           beq L171d
               S02:00001723:  F0 F8
F01:0767                           dec $11dd,x
               S02:00001725:  DE DD 11
F01:0768                           beq L1730
               S02:00001728:  F0 06
F01:0769                           lda $11e0,x
               S02:0000172A:  BD E0 11
F01:0770                           jmp L1748
               S02:0000172D:  4C 48 17
F01:0771                           
F01:0772       L1730               lda $11da,x
               S02:00001730:  BD DA 11
F01:0773                           sta $11dd,x
               S02:00001733:  9D DD 11
F01:0774                           inc $11d7,x
               S02:00001736:  FE D7 11
F01:0775                           ldy $11d7,x
               S02:00001739:  BC D7 11
F01:0776       L173c               lda $2439,y
               S02:0000173C:  B9 39 24
F01:0777                           bmi L175a
               S02:0000173F:  30 19
F01:0778                           clc
               S02:00001741:  18
F01:0779                           adc $117a,x
               S02:00001742:  7D 7A 11
F01:0780                           sta $11e0,x
               S02:00001745:  9D E0 11
F01:0781       L1748               tax
               S02:00001748:  AA
F01:0782                           ldy $ab
               S02:00001749:  A4 AB
F01:0783                           lda $17af,x
               S02:0000174B:  BD AF 17
F01:0784                           sta d400_sVoc1FreqLo,y
               S02:0000174E:  99 00 B8
F01:0785                           lda $180f,x
               S02:00001751:  BD 0F 18
F01:0786                           sta d401_sVoc1FreqHi,y
               S02:00001754:  99 01 B8
F01:0787                           jmp L1232
               S02:00001757:  4C 32 12
F01:0788                           
F01:0789       L175a               and #$7f
               S02:0000175A:  29 7F
F01:0790                           beq L1768
               S02:0000175C:  F0 0A
F01:0791                           lda $11d4,x
               S02:0000175E:  BD D4 11
F01:0792                           sta $11d7,x
               S02:00001761:  9D D7 11
F01:0793                           tay
               S02:00001764:  A8
F01:0794                           jmp L173c
               S02:00001765:  4C 3C 17
F01:0795                           
F01:0796       L1768               sta $11ce,x
               S02:00001768:  9D CE 11
F01:0797                           lda $11e0,x
               S02:0000176B:  BD E0 11
F01:0798                           sta $117a,x
               S02:0000176E:  9D 7A 11
F01:0799                           jmp L1232
               S02:00001771:  4C 32 12
F01:0800                           
F01:0801       L1774               ldx #$17
               S02:00001774:  A2 17
F01:0802       L1776               lda #$00
               S02:00001776:  A9 00
F01:0803                           sta d400_sVoc1FreqLo,x
               S02:00001778:  9D 00 B8
F01:0804                           dex
               S02:0000177B:  CA
F01:0805                           bpl L1776
               S02:0000177C:  10 F8
F01:0806                           ldx #$02
               S02:0000177E:  A2 02
F01:0807                           stx $134c
               S02:00001780:  8E 4C 13
F01:0808                           stx L11f2 + 1
               S02:00001783:  8E F3 11
F01:0809       L1786               stx $aa
               S02:00001786:  86 AA
F01:0810                           lda $1872,x
               S02:00001788:  BD 72 18
F01:0811                           sta $116b,x
               S02:0000178B:  9D 6B 11
F01:0812                           lda $186f,x
               S02:0000178E:  BD 6F 18
F01:0813                           sta $116e,x
               S02:00001791:  9D 6E 11
F01:0814                           sta $1171,x
               S02:00001794:  9D 71 11
F01:0815                           lda #$00
               S02:00001797:  A9 00
F01:0816                           sta $1165,x
               S02:00001799:  9D 65 11
F01:0817                           sta $1168,x
               S02:0000179C:  9D 68 11
F01:0818                           sta $1177,x
               S02:0000179F:  9D 77 11
F01:0819                           jsr L1264
               S02:000017A2:  20 64 12
F01:0820                           ldx $aa
               S02:000017A5:  A6 AA
F01:0821                           dex
               S02:000017A7:  CA
F01:0822                           bpl L1786
               S02:000017A8:  10 DC
F01:0823                           inx
               S02:000017AA:  E8
F01:0824                           stx $134c
               S02:000017AB:  8E 4C 13
F01:0825                           rts
               S02:000017AE:  60
F01:0826       
F01:0827       	.binary "sys4.bin"
               S02:000017AF:  0C 1C 2D 3E 51 66 7B 91 A9 C3 DD FA 18 38 5A 7D
               S02:000017BF:  A3 CC F6 23 53 86 BB F8 30 70 B4 FB 47 98 ED 47
F01:0828       
F01:0829       S202d               dey
               S02:0000202D:  88
F01:0830                           eor ($06),y
               S02:0000202E:  51 06
F01:0831       
F01:0832       	.binary "sys5.bin"
               S02:00002030:  BB 32 03 B2 37 03 88 51 06 00 A7 3A 03 98 32 03
               S02:00002040:  87 51 06 BD 3A 03 BF 32 03 87 51 06 9C 3E 03 A8
F01:0833       
F01:0834       initsid2            jsr S1100
               S02:00002656:  20 00 11
F01:0835                           lda #$00
               S02:00002659:  A9 00
F01:0836                           sta PlaySid + 1
               S02:0000265B:  8D 60 26
F01:0837                           rts
               S02:0000265E:  60
F01:0838                           
F01:0839       PlaySid             lda #$00
               S02:0000265F:  A9 00
F01:0840                           inc PlaySid + 1
               S02:00002661:  EE 60 26
F01:0841                           and #$01
               S02:00002664:  29 01
F01:0842                           asl a
               S02:00002666:  0A
F01:0843                           tax
               S02:00002667:  AA
F01:0844                           nop
               S02:00002668:  EA
F01:0845                           lda $2681,x
               S02:00002669:  BD 81 26
F01:0846                           sta $dc05
               S02:0000266C:  8D 05 DC
F01:0847                           lda $2682,x
               S02:0000266F:  BD 82 26
F01:0848                           sta $dc04
               S02:00002672:  8D 04 DC
F01:0849                           jmp L1103
               S02:00002675:  4C 03 11
F01:0850       
F01:0851       	.binary "sys6.bin"
               S02:00002678:  00 00 00 00 00 00 00 00 00 23 6F 29 57
F01:0852       
F00:0068         .include "text_1.s"
F02:0001       ;;;;;;;;;;;;;;;;;;;;;;;;;;;;;;;;;;;;
F02:0002       ;;;;;;;;;  the main thread ;;;;;;;;;
F02:0003       ;;;;;;;;;;;;;;;;;;;;;;;;;;;;;;;;;;;;
F02:0004       
F02:0005       irqst = $04
F02:0006       framecount = $05
F02:0007       bitdex = $06
F02:0008       graph = $07  ; 2 bytes
F02:0009       
F02:0010       textstart:
F02:0011         sei
               S02:00002685:  78
F02:0012         stz irqst
               S02:00002686:  64 04
F02:0013         cli
               S02:00002688:  58
F02:0014         lda #1
               S02:00002689:  A9 01
F02:0015       a:cmp irqst		; allign main thread to IRQ
               S02:0000268B:  C5 04
F02:0016         bne a
               S02:0000268D:  D0 FC
F02:0017       
F02:0018         ldx #<text_01
               S02:0000268F:  A2 06
F02:0019         ldy #>text_01
               S02:00002691:  A0 29
F02:0020         jsr w_acia_full	; first text
               S02:00002693:  20 D3 FF
F02:0021       
F02:0022         jsr wait_beat
               S02:00002696:  20 BC 27
F02:0023       
F02:0024         jsr out
               S02:00002699:  20 A2 27
F02:0025       
F02:0026         ldx #<text_03
               S02:0000269C:  A2 61
F02:0027         ldy #>text_03
               S02:0000269E:  A0 29
F02:0028         jsr w_acia_full	; second text
               S02:000026A0:  20 D3 FF
F02:0029         jsr wait_beat
               S02:000026A3:  20 BC 27
F02:0030       
F02:0031         jsr out
               S02:000026A6:  20 A2 27
F02:0032       
F02:0033         ldx #0
               S02:000026A9:  A2 00
F02:0034       text_ii:
F02:0035         jsr txpoll
               S02:000026AB:  20 CA FF
F02:0036         lda text_data,x
               S02:000026AE:  BD 10 28
F02:0037         beq text_ii_end
               S02:000026B1:  F0 07
F02:0038         sta $8000
               S02:000026B3:  8D 00 80
F02:0039         inx
               S02:000026B6:  E8
F02:0040         jmp text_ii
               S02:000026B7:  4C AB 26
F02:0041       
F02:0042       text_ii_end:
F02:0043         jsr wait_beat
               S02:000026BA:  20 BC 27
F02:0044         
F02:0045         ldx #<text_02
               S02:000026BD:  A2 4A
F02:0046         ldy #>text_02
               S02:000026BF:  A0 29
F02:0047         jsr w_acia_full
               S02:000026C1:  20 D3 FF
F02:0048       
F02:0049         jsr wait_beat
               S02:000026C4:  20 BC 27
F02:0050       
F02:0051         ldx #<endtext
               S02:000026C7:  A2 7C
F02:0052         ldy #>endtext
               S02:000026C9:  A0 29
F02:0053         jsr w_acia_full
               S02:000026CB:  20 D3 FF
F02:0054         ldx #<endtext
               S02:000026CE:  A2 7C
F02:0055         ldy #>endtext		; bUt!11
               S02:000026D0:  A0 29
F02:0056         jsr w_acia_full
               S02:000026D2:  20 D3 FF
F02:0057         ldx #<endtext
               S02:000026D5:  A2 7C
F02:0058         ldy #>endtext
               S02:000026D7:  A0 29
F02:0059         jsr w_acia_full
               S02:000026D9:  20 D3 FF
F02:0060         ldx #<endtext
               S02:000026DC:  A2 7C
F02:0061         ldy #>endtext
               S02:000026DE:  A0 29
F02:0062         jsr w_acia_full
               S02:000026E0:  20 D3 FF
F02:0063       
F02:0064         lda #$02
               S02:000026E3:  A9 02
F02:0065         jsr print_chara
               S02:000026E5:  20 CD FF
F02:0066         lda #0
               S02:000026E8:  A9 00
F02:0067         jsr print_chara
               S02:000026EA:  20 CD FF
F02:0068       
F02:0069         ldx #<setup
               S02:000026ED:  A2 7F
F02:0070         ldy #>setup
               S02:000026EF:  A0 29
F02:0071         jsr w_acia_full
               S02:000026F1:  20 D3 FF
F02:0072       
F02:0073         jsr graphics		; write a screen
               S02:000026F4:  20 4A 27
F02:0074       
F02:0075       
F02:0076         ; BUG the scroll is broke
F02:0077       
F02:0078         ;sei
F02:0079         ;stz scroll		; scroll on+
F02:0080         ;stz sco
F02:0081         ;cli
F02:0082       
F02:0083         jsr rootsetup		; setup <FOLDER>
               S02:000026F7:  20 2E 27
F02:0084       
F02:0085         ldy #>imagefile	; setup image load
               S02:000026FA:  A0 27
F02:0086         ldx #<imagefile
               S02:000026FC:  A2 F1
F02:0087         jsr fat32_finddirent
               S02:000026FE:  20 E5 FF
F02:0088         jsr fat32_opendirent  ; open filename addr
               S02:00002701:  20 DF FF
F02:0089         lda #<poketable
               S02:00002704:  A9 87
F02:0090         sta fat32_address	; host addr
               S02:00002706:  85 54
F02:0091         lda #>poketable
               S02:00002708:  A9 29
F02:0092         sta fat32_address+1
               S02:0000270A:  85 55
F02:0093         jsr fat32_file_read	; read
               S02:0000270C:  20 EB FF
F02:0094         jsr graphics
               S02:0000270F:  20 4A 27
F02:0095         jmp not
               S02:00002712:  4C 1A 27
F02:0096       
F02:0097       nono:			; ded
F02:0098         lda "!"
               S02:00002715:  A5 21
F02:0099         jsr print_chara
               S02:00002717:  20 CD FF
F02:0100       not:
F02:0101         jmp not
               S02:0000271A:  4C 1A 27
F02:0102                		; say goodbye!
F02:0103         
F02:0104       ee:
F02:0105       
F02:0106         lda #<poketable
               S02:0000271D:  A9 87
F02:0107         sta fat32_address
               S02:0000271F:  85 54
F02:0108         lda #>poketable
               S02:00002721:  A9 29
F02:0109         sta fat32_address+1
               S02:00002723:  85 55
F02:0110       
F02:0111         jsr fat32_file_read
               S02:00002725:  20 EB FF
F02:0112       
F02:0113         jsr graphics
               S02:00002728:  20 4A 27
F02:0114       
F02:0115         jmp reset		; done?
               S02:0000272B:  4C 48 52
F02:0116       
F02:0117       
F02:0118       ;;;;;;;;;;;;;;;;;;;;;;;;;;;;;;;;;;;
F02:0119       ;;;;;;;;;;; SUBROUTINES ;;;;;;;;;;;
F02:0120       ;;;;;;;;;;;;;;;;;;;;;;;;;;;;;;;;;;;
F02:0121       
F02:0122       rootsetup:
F02:0123         pha
               S02:0000272E:  48
F02:0124         phx
               S02:0000272F:  DA
F02:0125         phy
               S02:00002730:  5A
F02:0126         ; Open root directory
F02:0127         jsr fat32_openroot
               S02:00002731:  20 DC FF
F02:0128       
F02:0129         ; Find subdirectory by name
F02:0130         ldx #<dirname
               S02:00002734:  A2 E5
F02:0131         ldy #>dirname
               S02:00002736:  A0 27
F02:0132         jsr fat32_finddirent
               S02:00002738:  20 E5 FF
F02:0133         bcc foundsubdir
               S02:0000273B:  90 05
F02:0134       
F02:0135       error:
F02:0136         clc
               S02:0000273D:  18
F02:0137         rts
               S02:0000273E:  60
F02:0138         rts
               S02:0000273F:  60
F02:0139         rts
               S02:00002740:  60
F02:0140         rts
               S02:00002741:  60
F02:0141       
F02:0142       foundsubdir:
F02:0143       
F02:0144         ; Open subdirectory
F02:0145         jsr fat32_opendirent
               S02:00002742:  20 DF FF
F02:0146         sec
               S02:00002745:  38
F02:0147         ply
               S02:00002746:  7A
F02:0148         plx 
               S02:00002747:  FA
F02:0149         pla
               S02:00002748:  68
F02:0150         rts
               S02:00002749:  60
F02:0151       
F02:0152       ; BUG AAAAAAAAAAAAAAAAAAAAAAA
F02:0153       
F02:0154       graphics:
F02:0155         php
               S02:0000274A:  08
F02:0156         pha
               S02:0000274B:  48
F02:0157         phx
               S02:0000274C:  DA
F02:0158         phy
               S02:0000274D:  5A
F02:0159         lda #$80
               S02:0000274E:  A9 80
F02:0160         sta bitdex
               S02:00002750:  85 06
F02:0161         ldx #<poketable	; addr setup
               S02:00002752:  A2 87
F02:0162         stx graph
               S02:00002754:  86 07
F02:0163         ldy #>poketable
               S02:00002756:  A0 29
F02:0164         sty graph+1
               S02:00002758:  84 08
F02:0165         ldx #0		; x0 y0
               S02:0000275A:  A2 00
F02:0166         ldy #0
               S02:0000275C:  A0 00
F02:0167       gloop:
F02:0168         lda (graph)		; take a pixel
               S02:0000275E:  B2 07
F02:0169         and bitdex
               S02:00002760:  25 06
F02:0170         beq zero		; zero?
               S02:00002762:  F0 05
F02:0171         lda #$05		; no,
               S02:00002764:  A9 05
F02:0172         jmp gloop1		; write a 1
               S02:00002766:  4C 6B 27
F02:0173       zero:
F02:0174         lda #$06		; ye, write a 0
               S02:00002769:  A9 06
F02:0175       gloop1:
F02:0176         jsr print_chara	; place it
               S02:0000276B:  20 CD FF
F02:0177         txa			; at 
               S02:0000276E:  8A
F02:0178         jsr print_chara	; x
               S02:0000276F:  20 CD FF
F02:0179         tya			; ,
               S02:00002772:  98
F02:0180         jsr print_chara	; y
               S02:00002773:  20 CD FF
F02:0181         inx			; next x
               S02:00002776:  E8
F02:0182         cpx #160
               S02:00002777:  E0 A0
F02:0183         bne norm		; x=160? (x-max)
               S02:00002779:  D0 07
F02:0184         ldx #0
               S02:0000277B:  A2 00
F02:0185         iny			; then inc col
               S02:0000277D:  C8
F02:0186         cpy #80		; are we done?
               S02:0000277E:  C0 50
F02:0187         beq endit		; then done!!11!
               S02:00002780:  F0 1B
F02:0188       norm:
F02:0189         lda bitdex
               S02:00002782:  A5 06
F02:0190         cmp #1
               S02:00002784:  C9 01
F02:0191         beq bytedone
               S02:00002786:  F0 06
F02:0192         lsr
               S02:00002788:  4A
F02:0193         sta bitdex
               S02:00002789:  85 06
F02:0194         jmp gloop
               S02:0000278B:  4C 5E 27
F02:0195       bytedone:
F02:0196         lda #$80
               S02:0000278E:  A9 80
F02:0197         sta bitdex
               S02:00002790:  85 06
F02:0198         inc graph
               S02:00002792:  E6 07
F02:0199         lda graph
               S02:00002794:  A5 07
F02:0200         bne back
               S02:00002796:  D0 02
F02:0201       inchi:
F02:0202         inc graph+1
               S02:00002798:  E6 08
F02:0203       back:
F02:0204         jmp gloop
               S02:0000279A:  4C 5E 27
F02:0205       endit:
F02:0206         ply
               S02:0000279D:  7A
F02:0207         plx
               S02:0000279E:  FA
F02:0208         pla
               S02:0000279F:  68
F02:0209         plp
               S02:000027A0:  28
F02:0210         rts
               S02:000027A1:  60
F02:0211       
F02:0212       ;;;;;;;;;;;;;;;;;;;;;;;;;;;;;;;;;;;;;;
F02:0213       
F02:0214       out:
F02:0215         pha
               S02:000027A2:  48
F02:0216         phx
               S02:000027A3:  DA
F02:0217         ldx #64
               S02:000027A4:  A2 40
F02:0218       downloop:
F02:0219         jsr txpoll
               S02:000027A6:  20 CA FF
F02:0220         lda #$08
               S02:000027A9:  A9 08
F02:0221         sta $8000
               S02:000027AB:  8D 00 80
F02:0222         jsr txpoll
               S02:000027AE:  20 CA FF
F02:0223         lda #$14
               S02:000027B1:  A9 14
F02:0224         sta $8000
               S02:000027B3:  8D 00 80
F02:0225         dex
               S02:000027B6:  CA
F02:0226         bne downloop
               S02:000027B7:  D0 ED
F02:0227         plx
               S02:000027B9:  FA
F02:0228         pla
               S02:000027BA:  68
F02:0229         rts
               S02:000027BB:  60
F02:0230       
F02:0231       ;;;;;;;;;;;;;;;;;;;;;;;;;;;;;;;;;;;;;;
F02:0232       
F02:0233       wait_beat:
F02:0234         phy
               S02:000027BC:  5A
F02:0235         ldy #9
               S02:000027BD:  A0 09
F02:0236       waitloop:
F02:0237         jsr wait
               S02:000027BF:  20 11 0F
F02:0238         dey
               S02:000027C2:  88
F02:0239         bne waitloop
               S02:000027C3:  D0 FA
F02:0240         ply
               S02:000027C5:  7A
F02:0241         rts
               S02:000027C6:  60
F02:0242       
F02:0243       long_wait:
F02:0244         phx
               S02:000027C7:  DA
F02:0245         phy
               S02:000027C8:  5A
F02:0246         pha
               S02:000027C9:  48
F02:0247         ldx #$ff
               S02:000027CA:  A2 FF
F02:0248       long_loop
F02:0249         jsr wait
               S02:000027CC:  20 11 0F
F02:0250         dex
               S02:000027CF:  CA
F02:0251         bne long_loop
               S02:000027D0:  D0 FA
F02:0252         pla
               S02:000027D2:  68
F02:0253         ply
               S02:000027D3:  7A
F02:0254         plx
               S02:000027D4:  FA
F02:0255         rts
               S02:000027D5:  60
F02:0256       
F02:0257       ;;;;;;;;;;;;;;;;;;;;;;;;;;;;;;;;;;;;;;
F02:0258       
F02:0259       wait24:
F02:0260         pha
               S02:000027D6:  48
F02:0261         phx
               S02:000027D7:  DA
F02:0262         phy
               S02:000027D8:  5A
F02:0263         stz framecount
               S02:000027D9:  64 05
F02:0264       b:inc framecount
               S02:000027DB:  E6 05
F02:0265         lda framecount
               S02:000027DD:  A5 05
F02:0266         bne b
               S02:000027DF:  D0 FA
F02:0267         ply
               S02:000027E1:  7A
F02:0268         plx
               S02:000027E2:  FA
F02:0269         pla
               S02:000027E3:  68
F02:0270         rts
               S02:000027E4:  60
F02:0271       
F02:0272       ;;;;;;;;;;;;;;;;;;;;;;;;;;;;;;;;;;;;;
F02:0273       ;;;;;;;;;;;;;  DATA  ;;;;;;;;;;;;;;;;
F02:0274       ;;;;;;;;;;;;;;;;;;;;;;;;;;;;;;;;;;;;;
F02:0275       
F02:0276       dirname:
F02:0277         .asciiz "FOLDER     "
               S02:000027E5:  46 4F 4C 44 45 52 20 20 20 20 20
F02:0278       
F02:0279       imagefile:
F02:0280         .byte "IB      DAT"
               S02:000027F1:  49 42 20 20 20 20 20 20 44 41 54
F02:0281       
F02:0282       text_pointers:
F02:0283         .word text_data
               S02:000027FC:  10 28
F02:0284         .word text_data1
               S02:000027FE:  26 28
F02:0285         .word text_data2
               S02:00002800:  3B 28
F02:0286         .word text_data3
               S02:00002802:  55 28
F02:0287         .word text_data4
               S02:00002804:  6F 28
F02:0288         .word text_data5
               S02:00002806:  92 28
F02:0289         .word text_data6
               S02:00002808:  B5 28
F02:0290         .word text_data7
               S02:0000280A:  DD 28
F02:0291         .word 0,0
               S02:0000280C:  00 00
               S02:0000280E:  00 00
F02:0292       
F02:0293       text_data:
F02:0294         .byte $0c
               S02:00002810:  0C
F02:0295         .byte $18, $08, "40 character text", $0d, $0a;,0
               S02:00002811:  18
               S02:00002812:  08
               S02:00002813:  34 30 20 63 68 61 72 61 63 74 65 72 20 74 65 78
               S02:00002823:  74
               S02:00002824:  0D
               S02:00002825:  0A
F02:0296       text_data1:
F02:0297         .byte $18, $01, "80 character text", $0d, $0a;,0
               S02:00002826:  18
               S02:00002827:  01
               S02:00002828:  38 30 20 63 68 61 72 61 63 74 65 72 20 74 65 78
               S02:00002838:  74
               S02:00002839:  0D
               S02:0000283A:  0A
F02:0298       text_data2:
F02:0299         .byte $18, $02, "40 character bold text", $0d, $0a;,0
               S02:0000283B:  18
               S02:0000283C:  02
               S02:0000283D:  34 30 20 63 68 61 72 61 63 74 65 72 20 62 6F 6C
               S02:0000284D:  64 20 74 65 78 74
               S02:00002853:  0D
               S02:00002854:  0A
F02:0300       text_data3:
F02:0301         .byte $18, $03, "80 character bold text", $0d, $0a;,0
               S02:00002855:  18
               S02:00002856:  03
               S02:00002857:  38 30 20 63 68 61 72 61 63 74 65 72 20 62 6F 6C
               S02:00002867:  64 20 74 65 78 74
               S02:0000286D:  0D
               S02:0000286E:  0A
F02:0302       text_data4:
F02:0303         .byte $18, $04, "40 character double height text", $0d, $0a;,0
               S02:0000286F:  18
               S02:00002870:  04
               S02:00002871:  34 30 20 63 68 61 72 61 63 74 65 72 20 64 6F 75
               S02:00002881:  62 6C 65 20 68 65 69 67 68 74 20 74 65 78 74
               S02:00002890:  0D
               S02:00002891:  0A
F02:0304       text_data5:
F02:0305         .byte $18, $05, "80 character double height text", $0d, $0a;,0
               S02:00002892:  18
               S02:00002893:  05
               S02:00002894:  38 30 20 63 68 61 72 61 63 74 65 72 20 64 6F 75
               S02:000028A4:  62 6C 65 20 68 65 69 67 68 74 20 74 65 78 74
               S02:000028B3:  0D
               S02:000028B4:  0A
F02:0306       text_data6:
F02:0307         .byte $18, $06, "40 character double height bold text", $0d, $0a;,0
               S02:000028B5:  18
               S02:000028B6:  06
               S02:000028B7:  34 30 20 63 68 61 72 61 63 74 65 72 20 64 6F 75
               S02:000028C7:  62 6C 65 20 68 65 69 67 68 74 20 62 6F 6C 64 20
               S02:000028D7:  0D
               S02:000028D8:  0A
F02:0308       text_data7:
F02:0309         .byte $18, $07, "80 character double height bold text", $0d, $0a;,0
               S02:000028DD:  18
               S02:000028DE:  07
               S02:000028DF:  38 30 20 63 68 61 72 61 63 74 65 72 20 64 6F 75
               S02:000028EF:  62 6C 65 20 68 65 69 67 68 74 20 62 6F 6C 64 20
               S02:000028FF:  0D
               S02:00002900:  0A
F02:0310       text_end:
F02:0311         .byte 0
               S02:00002905:  00
F02:0312       
F02:0313       ;;;;;;;;;;;;;;;;;;;;;;;;;;;;;;;;;;;
F02:0314       
F02:0315       text_01:
F02:0316       ;   empty cursor|clear| column | Row      |
F02:0317         .byte $02, $ff, $18, $03, $0c, $0e, $0a, $0f, $0a, "This is a demonstration of the capabilities of the XPL-32.", $00
               S02:00002906:  02
               S02:00002907:  FF
               S02:00002908:  18
               S02:00002909:  03
               S02:0000290A:  0C
               S02:0000290B:  0E
               S02:0000290C:  0A
               S02:0000290D:  0F
               S02:0000290E:  0A
               S02:0000290F:  54 68 69 73 20 69 73 20 61 20 64 65 6D 6F 6E 73
               S02:0000291F:  74 72 61 74 69 6F 6E 20 6F 66 20 74 68 65 20 63
               S02:0000292F:  00
F02:0318       text_02:
F02:0319         .byte $18, $06, $0c, $0e, $0c, $0f, $0c, "And graphics...", $00
               S02:0000294A:  18
               S02:0000294B:  06
               S02:0000294C:  0C
               S02:0000294D:  0E
               S02:0000294E:  0C
               S02:0000294F:  0F
               S02:00002950:  0C
               S02:00002951:  41 6E 64 20 67 72 61 70 68 69 63 73 2E 2E 2E
               S02:00002960:  00
F02:0320       text_03:
F02:0321         .byte $18, $06, $0c, $0e, $0a, $0f, $0c, "Here's Text Mode...", $00
               S02:00002961:  18
               S02:00002962:  06
               S02:00002963:  0C
               S02:00002964:  0E
               S02:00002965:  0A
               S02:00002966:  0F
               S02:00002967:  0C
               S02:00002968:  48 65 72 65 27 73 20 54 65 78 74 20 4D 6F 64 65
               S02:00002978:  2E 2E 2E
               S02:0000297B:  00
F02:0322       ;dat_1:
F02:0323       ;  .byte "1Mhz WDC65c02        "
F02:0324       ;dat_2:
F02:0325       ;  .byte "1.8432 Mhz ACIA      "
F02:0326       ;dat_3:
F02:0327       ;  .byte "WDC65c22             "
F02:0328       ;dat_4:
F02:0329       ;  .byte "6581 SID             "
F02:0330       ;dat_5:
F02:0331       ;  .byte "An LCD screen        "
F02:0332       ;dat_6:
F02:0333       ;  .byte "A Serial text display"
F02:0334       ;dat_7:
F02:0335       ;  .byte "4 EXP ports          "
F02:0336       endtext:
F02:0337         .byte $08, $16, $00
               S02:0000297C:  08
               S02:0000297D:  16
               S02:0000297E:  00
F02:0338       ;mrbut:
F02:0339       ;  .byte $0e, $0c, $0f, $44, $00
F02:0340       setup:
F02:0341         .byte $1b, $2d, $0c, $0e, $4f, $0f, $18, $00
               S02:0000297F:  1B
               S02:00002980:  2D
               S02:00002981:  0C
               S02:00002982:  0E
               S02:00002983:  4F
               S02:00002984:  0F
               S02:00002985:  18
               S02:00002986:  00
F02:0342       
F02:0343       poketable:
F02:0344         .binary "output.bin"
               S02:00002987:  00 00 00 00 00 00 00 00 00 00 00 00 00 00 00 00
               S02:00002997:  00 00 00 00 00 00 00 00 00 00 00 00 00 00 00 00
F02:0345       
F00:0069       
F00:0070       reset:
F00:0071         jmp reset
               S02:00005248:  4C 48 52
F00:0072       
F00:0073       scrollmsg:
F00:0074       
F00:0075         .byte "6502 Power! I know that the graphics look simple, but under the hood, it is crazy. Just wait till you see the c
               S02:0000524B:  36 35 30 32 20 50 6F 77 65 72 21 20 49 20 6B 6E
               S02:0000525B:  6F 77 20 74 68 61 74 20 74 68 65 20 67 72 61 70
               S02:0000526B:  00
F00:0076       
F00:0077         .include "kernal_def.s"
F03:0001       ; kernal def
F03:0002       
F03:0003       acia_init = $ffb2
F03:0004       
F03:0005       stock_via = $ffb5
F03:0006       
F03:0007       sd_init = $ffb8
F03:0008       
F03:0009       fat32_init = $ffbb
F03:0010       
F03:0011       print_hex_acia = $ffbe
F03:0012       
F03:0013       crlf = $ffc1
F03:0014       
F03:0015       cleardisplay = $ffc4
F03:0016       
F03:0017       rxpoll = $ffc7
F03:0018       
F03:0019       txpoll = $ffca
F03:0020       
F03:0021       print_chara = $ffcd
F03:0022       print_char_acia = $ffcd
F03:0023       
F03:0024       ascii_home = $ffd0
F03:0025       
F03:0026       w_acia_full = $ffd3
F03:0027       
F03:0028       fat32_seekcluster = $ffd6
F03:0029       
F03:0030       fat32_readnextcluster = $ffd9
F03:0031       
F03:0032       fat32_openroot = $ffdc
F03:0033       
F03:0034       fat32_opendirent = $ffdf
F03:0035       
F03:0036       fat32_readdirent = $ffe2
F03:0037       
F03:0038       fat32_finddirent = $ffe5
F03:0039       
F03:0040       fat32_readbyte = $ffe8
F03:0041       
F03:0042       fat32_file_read = $ffeb
F03:0043       
F03:0044       sd_readbyte = $ffee
F03:0045       
F03:0046       sd_sendcommand = $fff1
F03:0047       
F03:0048       sd_readsector = $fff4
F03:0049       
F03:0050       loadcmd = $fff7
F03:0051       
F00:0078       


Sections:
S01  segf00
S02  seg1000


Sources:
F00  demo.s
F01  sys.s
F02  text_1.s
F03  kernal_def.s


Symbols:
loadcmd EXPR(65527=0xfff7) UNUSED EQU 
sd_readsector EXPR(65524=0xfff4) UNUSED EQU 
sd_sendcommand EXPR(65521=0xfff1) UNUSED EQU 
sd_readbyte EXPR(65518=0xffee) UNUSED EQU 
fat32_readbyte EXPR(65512=0xffe8) UNUSED EQU 
fat32_readdirent EXPR(65506=0xffe2) UNUSED EQU 
fat32_readnextcluster EXPR(65497=0xffd9) UNUSED EQU 
fat32_seekcluster EXPR(65494=0xffd6) UNUSED EQU 
ascii_home EXPR(65488=0xffd0) UNUSED EQU 
print_char_acia EXPR(65485=0xffcd) UNUSED EQU 
rxpoll EXPR(65479=0xffc7) UNUSED EQU 
cleardisplay EXPR(65476=0xffc4) UNUSED EQU 
crlf EXPR(65473=0xffc1) UNUSED EQU 
print_hex_acia EXPR(65470=0xffbe) UNUSED EQU 
fat32_init EXPR(65467=0xffbb) UNUSED EQU 
sd_init EXPR(65464=0xffb8) UNUSED EQU 
stock_via EXPR(65461=0xffb5) UNUSED EQU 
acia_init EXPR(65458=0xffb2) UNUSED EQU 
text_end EXPR(10501=0x2905) UNUSED ABS 
text_data7 EXPR(10461=0x28dd) ABS 
text_data6 EXPR(10421=0x28b5) ABS 
text_data5 EXPR(10386=0x2892) ABS 
text_data4 EXPR(10351=0x286f) ABS 
text_data3 EXPR(10325=0x2855) ABS 
text_data2 EXPR(10299=0x283b) ABS 
text_data1 EXPR(10278=0x2826) ABS 
text_pointers EXPR(10236=0x27fc) UNUSED ABS 
b EXPR(10203=0x27db) ABS 
wait24 EXPR(10198=0x27d6) UNUSED ABS 
long_loop EXPR(10188=0x27cc) ABS 
long_wait EXPR(10183=0x27c7) UNUSED ABS 
waitloop EXPR(10175=0x27bf) ABS 
downloop EXPR(10150=0x27a6) ABS 
inchi EXPR(10136=0x2798) UNUSED ABS 
back EXPR(10138=0x279a) ABS 
bytedone EXPR(10126=0x278e) ABS 
endit EXPR(10141=0x279d) ABS 
norm EXPR(10114=0x2782) ABS 
gloop1 EXPR(10091=0x276b) ABS 
zero EXPR(10089=0x2769) ABS 
gloop EXPR(10078=0x275e) ABS 
error EXPR(10045=0x273d) UNUSED ABS 
foundsubdir EXPR(10050=0x2742) ABS 
dirname EXPR(10213=0x27e5) ABS 
fat32_openroot EXPR(65500=0xffdc) EQU 
reset EXPR(21064=0x5248) ABS 
ee EXPR(10013=0x271d) UNUSED ABS 
nono EXPR(10005=0x2715) UNUSED ABS 
not EXPR(10010=0x271a) ABS 
fat32_file_read EXPR(65515=0xffeb) EQU 
poketable EXPR(10631=0x2987) ABS 
fat32_opendirent EXPR(65503=0xffdf) EQU 
fat32_finddirent EXPR(65509=0xffe5) EQU 
imagefile EXPR(10225=0x27f1) ABS 
rootsetup EXPR(10030=0x272e) ABS 
graphics EXPR(10058=0x274a) ABS 
setup EXPR(10623=0x297f) ABS 
endtext EXPR(10620=0x297c) ABS 
text_02 EXPR(10570=0x294a) ABS 
text_ii_end EXPR(9914=0x26ba) ABS 
text_data EXPR(10256=0x2810) ABS 
txpoll EXPR(65482=0xffca) EQU 
text_ii EXPR(9899=0x26ab) ABS 
text_03 EXPR(10593=0x2961) ABS 
out EXPR(10146=0x27a2) ABS 
wait_beat EXPR(10172=0x27bc) ABS 
text_01 EXPR(10502=0x2906) ABS 
a EXPR(9867=0x268b) ABS 
graph EXPR(7=0x7) EQU 
bitdex EXPR(6=0x6) EQU 
L1786 EXPR(6022=0x1786) ABS 
L1776 EXPR(6006=0x1776) ABS 
L1768 EXPR(5992=0x1768) ABS 
L175a EXPR(5978=0x175a) ABS 
L173c EXPR(5948=0x173c) ABS 
L1748 EXPR(5960=0x1748) ABS 
L1730 EXPR(5936=0x1730) ABS 
L171d EXPR(5917=0x171d) ABS 
L170b EXPR(5899=0x170b) ABS 
L1702 EXPR(5890=0x1702) ABS 
L16f4 EXPR(5876=0x16f4) ABS 
L16e2 EXPR(5858=0x16e2) ABS 
L16d9 EXPR(5849=0x16d9) ABS 
L16f7 EXPR(5879=0x16f7) ABS 
L16cb EXPR(5835=0x16cb) ABS 
L1720 EXPR(5920=0x1720) ABS 
L16c0 EXPR(5824=0x16c0) ABS 
L16ad EXPR(5805=0x16ad) ABS 
L169e EXPR(5790=0x169e) ABS 
L1695 EXPR(5781=0x1695) ABS 
L167b EXPR(5755=0x167b) ABS 
L1672 EXPR(5746=0x1672) ABS 
L1658 EXPR(5720=0x1658) ABS 
L164f EXPR(5711=0x164f) ABS 
L1638 EXPR(5688=0x1638) ABS 
L1629 EXPR(5673=0x1629) ABS 
L1620 EXPR(5664=0x1620) ABS 
L168a EXPR(5770=0x168a) ABS 
L1615 EXPR(5653=0x1615) ABS 
L1667 EXPR(5735=0x1667) ABS 
L1644 EXPR(5700=0x1644) ABS 
L1607 EXPR(5639=0x1607) ABS 
L16b8 EXPR(5816=0x16b8) ABS 
L15fc EXPR(5628=0x15fc) ABS 
L15ea EXPR(5610=0x15ea) ABS 
L15d2 EXPR(5586=0x15d2) ABS 
L15e2 EXPR(5602=0x15e2) ABS 
L15f4 EXPR(5620=0x15f4) ABS 
L15ae EXPR(5550=0x15ae) ABS 
L1584 EXPR(5508=0x1584) ABS 
L1547 EXPR(5447=0x1547) ABS 
L151c EXPR(5404=0x151c) ABS 
L154f EXPR(5455=0x154f) ABS 
L14e7 EXPR(5351=0x14e7) ABS 
L14c1 EXPR(5313=0x14c1) ABS 
L14aa EXPR(5290=0x14aa) ABS 
L1499 EXPR(5273=0x1499) ABS 
L1472 EXPR(5234=0x1472) ABS 
L144f EXPR(5199=0x144f) ABS 
L13f5 EXPR(5109=0x13f5) ABS 
L142a EXPR(5162=0x142a) ABS 
L13b2 EXPR(5042=0x13b2) ABS 
L137c EXPR(4988=0x137c) ABS 
L1352 EXPR(4946=0x1352) ABS 
L12e0 EXPR(4832=0x12e0) ABS 
L1302 EXPR(4866=0x1302) ABS 
L1310 EXPR(4880=0x1310) ABS 
L132f EXPR(4911=0x132f) ABS 
L129f EXPR(4767=0x129f) ABS 
L12a9 EXPR(4777=0x12a9) ABS 
L12b3 EXPR(4787=0x12b3) ABS 
L128f EXPR(4751=0x128f) ABS 
L12cc EXPR(4812=0x12cc) ABS 
L1275 EXPR(4725=0x1275) ABS 
L125c EXPR(4700=0x125c) ABS 
L1254 EXPR(4692=0x1254) ABS 
L124b EXPR(4683=0x124b) ABS 
L1232 EXPR(4658=0x1232) ABS 
L12d1 EXPR(4817=0x12d1) ABS 
L1264 EXPR(4708=0x1264) ABS 
L14ea EXPR(5354=0x14ea) ABS 
L1218 EXPR(4632=0x1218) ABS 
L1353 EXPR(4947=0x1353) ABS 
L1210 EXPR(4624=0x1210) ABS 
L1215 EXPR(4629=0x1215) ABS 
L11fc EXPR(4604=0x11fc) ABS 
L11fa EXPR(4602=0x11fa) ABS 
S202d EXPR(8237=0x202d) ABS 
L115c EXPR(4444=0x115c) ABS 
L1106 EXPR(4358=0x1106) UNUSED ABS 
L11f2 EXPR(4594=0x11f2) ABS 
L1774 EXPR(6004=0x1774) ABS 
L1103 EXPR(4355=0x1103) ABS 
L1034 EXPR(4148=0x1034) UNUSED ABS 
L1031 EXPR(4145=0x1031) ABS 
S1100 EXPR(4352=0x1100) ABS 
L1000 EXPR(4096=0x1000) UNUSED ABS 
initsid2 EXPR(9814=0x2656) ABS 
print_chara EXPR(65485=0xffcd) EQU 
endscroll EXPR(3970=0xf82) ABS 
scrollmsg EXPR(21067=0x524b) ABS 
w_acia_full EXPR(65491=0xffd3) EQU 
thingy EXPR(3978=0xf8a) ABS 
nott EXPR(3945=0xf69) ABS 
scrollercheck EXPR(3932=0xf5c) ABS 
PlaySid EXPR(9823=0x265f) ABS 
putbut EXPR(4001=0xfa1) ABS 
framecount EXPR(5=0x5) EQU 
irqst EXPR(4=0x4) EQU 
textstart EXPR(9861=0x2685) ABS 
loop EXPR(3901=0xf3d) UNUSED ABS 
InitSid EXPR(3982=0xf8e) ABS 
irq EXPR(3904=0xf40) ABS 
init EXPR(3872=0xf20) UNUSED ABS 
d418_sFiltMode EXPR(47128=0xb818) EQU 
d417_sFiltControl EXPR(47127=0xb817) EQU 
d416_sFiltFreqHi EXPR(47126=0xb816) EQU 
d415_sFiltFreqLo EXPR(47125=0xb815) UNUSED EQU 
d414_sVoc3SusRel EXPR(47124=0xb814) UNUSED EQU 
d413_sVoc3AttDec EXPR(47123=0xb813) UNUSED EQU 
d412_sVoc3Control EXPR(47122=0xb812) UNUSED EQU 
d411_sVoc3PWidthHi EXPR(47121=0xb811) UNUSED EQU 
d410_sVoc3PWidthLo EXPR(47120=0xb810) UNUSED EQU 
d40f_sVoc3FreqHi EXPR(47119=0xb80f) UNUSED EQU 
d40e_sVoc3FreqLo EXPR(47118=0xb80e) UNUSED EQU 
d40d_sVoc2SusRel EXPR(47117=0xb80d) UNUSED EQU 
d40c_sVoc2AttDec EXPR(47116=0xb80c) UNUSED EQU 
d40b_sVoc2Control EXPR(47115=0xb80b) UNUSED EQU 
d40a_sVoc2PWidthHi EXPR(47114=0xb80a) UNUSED EQU 
d409_sVoc2PWidthLo EXPR(47113=0xb809) UNUSED EQU 
d408_sVoc2FreqHi EXPR(47112=0xb808) UNUSED EQU 
d407_sVoc2FreqLo EXPR(47111=0xb807) UNUSED EQU 
d406_sVoc1SusRel EXPR(47110=0xb806) EQU 
d405_sVoc1AttDec EXPR(47109=0xb805) EQU 
d404_sVoc1Control EXPR(47108=0xb804) EQU 
d403_sVoc1PWidthHi EXPR(47107=0xb803) EQU 
d402_sVoc1PWidthLo EXPR(47106=0xb802) EQU 
d401_sVoc1FreqHi EXPR(47105=0xb801) EQU 
d400_sVoc1FreqLo EXPR(47104=0xb800) EQU 
delay EXPR(3863=0xf17) ABS 
wait EXPR(3857=0xf11) ABS 
sys EXPR(3872=0xf20) ABS 
via_init EXPR(3846=0xf06) ABS 
PORTA_OUTPUTPINS EXPR(28=0x1c) EQU 
EXTVID EXPR(128=0x80) UNUSED EQU 
SD_MISO EXPR(2=0x2) UNUSED EQU 
SD_MOSI EXPR(4=0x4) EQU 
SD_SCK EXPR(8=0x8) EQU 
SD_CS EXPR(16=0x10) EQU 
DDRA EXPR(45059=0xb003) EQU 
DDRB EXPR(45058=0xb002) EQU 
PORTA EXPR(45057=0xb001) UNUSED EQU 
PORTB EXPR(45056=0xb000) UNUSED EQU 
endbuf EXPR(1536=0x600) UNUSED EQU 
buffer EXPR(1024=0x400) UNUSED EQU 
fat32_filenamepointer EXPR(90=0x5a) UNUSED EQU 
fat32_errorstage EXPR(90=0x5a) UNUSED EQU 
fat32_bytesremaining EXPR(90=0x5a) EQU 
fat32_nextcluster EXPR(86=0x56) UNUSED EQU 
fat32_address EXPR(84=0x54) EQU 
fat32_pendingsectors EXPR(83=0x53) UNUSED EQU 
fat32_sectorspercluster EXPR(82=0x52) UNUSED EQU 
fat32_rootcluster EXPR(78=0x4e) UNUSED EQU 
fat32_datastart EXPR(74=0x4a) UNUSED EQU 
fat32_fatstart EXPR(70=0x46) UNUSED EQU 
fat32_readbuffer EXPR(512=0x200) UNUSED EQU 
fat32_workspace EXPR(512=0x200) EQU 
zp_fat32_variables EXPR(70=0x46) EQU 
zp_sd_currentsector EXPR(66=0x42) UNUSED EQU 
zp_sd_address EXPR(64=0x40) UNUSED EQU 
count EXPR(3=0x3) EQU 
sco EXPR(2=0x2) EQU 
scrollinc EXPR(1=0x1) UNUSED EQU 
scroll EXPR(0=0x0) EQU 
__RPTCNT EXPR(-1=0xffff) INTERNAL 
__VASM EXPR(0=0x0) INTERNAL 

There have been no errors.
