F00:0001       ;;;;;;;;;;;;;;;;;;;;;;;;;;;;;;;;;;;;;;;
F00:0002       ;                                     ;
F00:0003       ;      Modified_VDP.s                 ;
F00:0004       ;      Written in 6502 assembly       ;
F00:0005       ;      Started 7/27/21 by tramlaw101  ;
F00:0006       ;                                     ;
F00:0007       ;;;;;;;;;;;;;;;;;;;;;;;;;;;;;;;;;;;;;;;
F00:0008       
F00:0009       ; TMS9918A
F00:0010       VDP_VRAM               = $8800		; address to set MODE low for a video ram operation on the TMS9918A Video Display Proces
F00:0011       VDP_REG                = $8801		; address to set MODE high for a video register operation on the TMS9918A Video Display 
F00:0012       VDP_WRITE_VRAM_BIT     = %01000000  	; pattern of second vram address write: 01AAAAAA
F00:0013       VDP_REGISTER_BITS      = %10000000  	; pattern of second register write: 10000RRR
F00:0014       
F00:0015       VDP_NAME_TABLE_BASE = $0000
F00:0016       VDP_PATTERN_TABLE_BASE = $0800
F00:0017       
F00:0018       TEXT_LOC		= $00FF
F00:0019       
F00:0020       ; zero page addresses
F00:0021       VDP_PATTERN_INIT    	= $30
F00:0022       VDP_PATTERN_INIT_HI 	= $31
F00:0023       
F00:0024       VDP_NAME_POINTER        = $32
F00:0025       
F00:0026         .org $0f00
F00:0027         .include "sys.s"
F01:0001       d400_sVoc1FreqLo = $b800
F01:0002       d401_sVoc1FreqHi = $b801
F01:0003       d402_sVoc1PWidthLo = $b802
F01:0004       d403_sVoc1PWidthHi = $b803
F01:0005       d404_sVoc1Control = $b804
F01:0006       d405_sVoc1AttDec = $b805
F01:0007       d406_sVoc1SusRel = $b806
F01:0008       d407_sVoc2FreqLo = $b807
F01:0009       d408_sVoc2FreqHi = $b808
F01:0010       d409_sVoc2PWidthLo = $b809
F01:0011       d40a_sVoc2PWidthHi = $b80a
F01:0012       d40b_sVoc2Control = $b80b
F01:0013       d40c_sVoc2AttDec = $b80c
F01:0014       d40d_sVoc2SusRel = $b80d
F01:0015       d40e_sVoc3FreqLo = $b80e
F01:0016       d40f_sVoc3FreqHi = $b80f
F01:0017       d410_sVoc3PWidthLo = $b810
F01:0018       d411_sVoc3PWidthHi = $b811
F01:0019       d412_sVoc3Control = $b812
F01:0020       d413_sVoc3AttDec = $b813
F01:0021       d414_sVoc3SusRel = $b814
F01:0022       d415_sFiltFreqLo = $b815
F01:0023       d416_sFiltFreqHi = $b816
F01:0024       d417_sFiltControl = $b817
F01:0025       d418_sFiltMode = $b818
F01:0026       
F01:0027         .org $0f00
F01:0028       init:
F01:0029         sei
               S01:00000F00:  78
F01:0030         lda #<irq
               S01:00000F01:  A9 1A
F01:0031         sta $7ffe
               S01:00000F03:  8D FE 7F
F01:0032         lda #>irq
               S01:00000F06:  A9 0F
F01:0033         sta $7fff
               S01:00000F08:  8D FF 7F
F01:0034         lda #$c0
               S01:00000F0B:  A9 C0
F01:0035         sta $b00e
               S01:00000F0D:  8D 0E B0
F01:0036         ; IRQ Inits Go Here
F01:0037         lda #0 ; Song Numbehr
               S01:00000F10:  A9 00
F01:0038         jsr InitSid
               S01:00000F12:  20 2D 0F
F01:0039         cli
               S01:00000F15:  58
F01:0040         nop
               S01:00000F16:  EA
F01:0041       ; You can put code you want to run in the backround here.
F01:0042       loop:
F01:0043         jmp loop
               S01:00000F17:  4C 17 0F
F01:0044       irq:
F01:0045         pha
               S01:00000F1A:  48
F01:0046         phx
               S01:00000F1B:  DA
F01:0047         phy
               S01:00000F1C:  5A
F01:0048         ; IRQ code goes here
F01:0049         lda #$40
               S01:00000F1D:  A9 40
F01:0050         sta $b00d
               S01:00000F1F:  8D 0D B0
F01:0051         jsr putbut
               S01:00000F22:  20 40 0F
F01:0052         jsr PlaySid
               S01:00000F25:  20 5F 26
F01:0053         nop
               S01:00000F28:  EA
F01:0054         ply
               S01:00000F29:  7A
F01:0055         plx
               S01:00000F2A:  FA
F01:0056         pla
               S01:00000F2B:  68
F01:0057         rti
               S01:00000F2C:  40
F01:0058       InitSid             ldx #$63
               S01:00000F2D:  A2 63
F01:0059                           stx $b004
               S01:00000F2F:  8E 04 B0
F01:0060                           stx $b007
               S01:00000F32:  8E 07 B0
F01:0061                           ldy #$26
               S01:00000F35:  A0 26
F01:0062                           sty $b005
               S01:00000F37:  8C 05 B0
F01:0063                           sty $b006
               S01:00000F3A:  8C 06 B0
F01:0064       
F01:0065                           jmp initsid2
               S01:00000F3D:  4C 56 26
F01:0066       
F01:0067       putbut              ldx #$63
               S01:00000F40:  A2 63
F01:0068                           stx $b004
               S01:00000F42:  8E 04 B0
F01:0069                           stx $b007
               S01:00000F45:  8E 07 B0
F01:0070                           ldy #$26
               S01:00000F48:  A0 26
F01:0071                           sty $b005
               S01:00000F4A:  8C 05 B0
F01:0072                           sty $b006
               S01:00000F4D:  8C 06 B0
F01:0073                           rts
               S01:00000F50:  60
F01:0074       
F01:0075       
F01:0076       	.org $1000
F01:0077       
F01:0078       L1000               sei
               S02:00001000:  78
F01:0079                           lda #$01
               S02:00001001:  A9 01
F01:0080                           sta $b800
               S02:00001003:  8D 00 B8
F01:0081                           lda #$7f
               S02:00001006:  A9 7F
F01:0082                           sta $dc0d
               S02:00001008:  8D 0D DC
F01:0083                           lda #$35
               S02:0000100B:  A9 35
F01:0084                           sta $01
               S02:0000100D:  85 01
F01:0085                           lda #$00
               S02:0000100F:  A9 00
F01:0086                           ldx #$00
               S02:00001011:  A2 00
F01:0087                           ldy #$00
               S02:00001013:  A0 00
F01:0088                           jsr S1100
               S02:00001015:  20 00 11
F01:0089                           lda #$37
               S02:00001018:  A9 37
F01:0090                           sta $01
               S02:0000101A:  85 01
F01:0091                           lda #$34
               S02:0000101C:  A9 34
F01:0092                           sta $0314
               S02:0000101E:  8D 14 03
F01:0093                           lda #$10
               S02:00001021:  A9 10
F01:0094                           sta $0315
               S02:00001023:  8D 15 03
F01:0095                           lda #$3a
               S02:00001026:  A9 3A
F01:0096                           sta $b800
               S02:00001028:  8D 00 B8
F01:0097                           lda #$1b
               S02:0000102B:  A9 1B
F01:0098                           sta $d011
               S02:0000102D:  8D 11 D0
F01:0099                           cli
               S02:00001030:  58
F01:0100       L1031               jmp L1031
               S02:00001031:  4C 31 10
F01:0101                           
F01:0102       L1034               lda #$01
               S02:00001034:  A9 01
F01:0103                           sta $b800
               S02:00001036:  8D 00 B8
F01:0104                           lda #$35
               S02:00001039:  A9 35
F01:0105                           sta $01
               S02:0000103B:  85 01
F01:0106                           dec $b800
               S02:0000103D:  CE 00 B8
F01:0107                           jsr L1103
               S02:00001040:  20 03 11
F01:0108                           inc $b800
               S02:00001043:  EE 00 B8
F01:0109                           lda #$37
               S02:00001046:  A9 37
F01:0110                           sta $01
               S02:00001048:  85 01
F01:0111                           inc $104e
               S02:0000104A:  EE 4E 10
F01:0112                           lda #$78
               S02:0000104D:  A9 78
F01:0113                           and #$01
               S02:0000104F:  29 01
F01:0114                           tax
               S02:00001051:  AA
F01:0115                           lda $105b,x
               S02:00001052:  BD 5B 10
F01:0116                           sta $b800
               S02:00001055:  8D 00 B8
F01:0117                           jmp $ea7e
               S02:00001058:  4C 7E EA
F01:0118       
F01:0119       	.binary "sys1.bin"
               S02:0000105B:  3A CA BF BF 0B BF BF 0B 00 06 00 00 00 00 00 00
               S02:0000106B:  00 00 00 00 00 00 00 00 00 00 00 00 00 00 00 00
F01:0120       
F01:0121       S1100               jmp L1774
               S02:00001100:  4C 74 17
F01:0122                           
F01:0123       L1103               jmp L11f2
               S02:00001103:  4C F2 11
F01:0124                           
F01:0125       L1106               and $4d20
               S02:00001106:  2D 20 4D
F01:0126                           eor $53,x
               S02:00001109:  55 53
F01:0127                           eor #$43
               S02:0000110B:  49 43
F01:0128                           jsr $5942
               S02:0000110D:  20 42 59
F01:0129                           jsr $4d41
               S02:00001110:  20 41 4D
F01:0130                           lsr a
               S02:00001113:  4A
F01:0131                           bit $4e20
               S02:00001114:  2C 20 4E
F01:0132                           eor ($4d,x)
               S02:00001117:  41 4D
F01:0133                           eor $44
               S02:00001119:  45 44
F01:0134                           jsr $5327
               S02:0000111B:  20 27 53
F01:0135                           eor $3453,y
               S02:0000111E:  59 53 34
F01:0136                           bmi L115c
               S02:00001121:  30 39
F01:0137                           rol $27,x
               S02:00001123:  36 27
F01:0138                           jsr S202d
               S02:00001125:  20 2D 20
F01:0139       
F01:0140       	.binary "sys2.bin"
               S02:00001128:  43 4F 4E 56 45 52 54 45 44 20 42 59 20 50 41 47
               S02:00001138:  45 20 2D 20 50 4C 41 59 45 52 20 42 59 20 54 42
F01:0141       
F01:0142       L115c		    rol $04
               S02:0000115C:  26 04
F01:0143       		    rol $9b,x
               S02:0000115E:  36 9B
F01:0144       
F01:0145       	.binary "sys3.bin"
               S02:00001160:  37 7A 20 1B 1A 03 03 0F 09 02 04 E9 0A 22 23 24
               S02:00001170:  24 00 00 00 51 2B 3C 00 00 00 51 2B 3C 00 08 00
F01:0146       
F01:0147       L11f2               lda #$4f
               S02:000011F2:  A9 4F
F01:0148                           sta d418_sFiltMode
               S02:000011F4:  8D 18 B8
F01:0149                           bne L11fa
               S02:000011F7:  D0 01
F01:0150                           rts
               S02:000011F9:  60
F01:0151                           
F01:0152       L11fa               ldx #$02
               S02:000011FA:  A2 02
F01:0153       L11fc               stx $aa
               S02:000011FC:  86 AA
F01:0154                           lda $1159,x
               S02:000011FE:  BD 59 11
F01:0155                           sta $ab
               S02:00001201:  85 AB
F01:0156                           tay
               S02:00001203:  A8
F01:0157                           lda #$01
               S02:00001204:  A9 01
F01:0158                           bne L1215
               S02:00001206:  D0 0D
F01:0159                           lda $1171,x
               S02:00001208:  BD 71 11
F01:0160                           beq L1210
               S02:0000120B:  F0 03
F01:0161                           jmp L1353
               S02:0000120D:  4C 53 13
F01:0162                           
F01:0163       L1210               dec $1186,x
               S02:00001210:  DE 86 11
F01:0164                           beq L1218
               S02:00001213:  F0 03
F01:0165       L1215               jmp L14ea
               S02:00001215:  4C EA 14
F01:0166                           
F01:0167       L1218               sta $11bc,x
               S02:00001218:  9D BC 11
F01:0168                           sta d406_sVoc1SusRel,y
               S02:0000121B:  99 06 B8
F01:0169                           lda $115f,x
               S02:0000121E:  BD 5F 11
F01:0170                           sta $a5
               S02:00001221:  85 A5
F01:0171                           lda $1162,x
               S02:00001223:  BD 62 11
F01:0172                           sta $a6
               S02:00001226:  85 A6
F01:0173                           ldy L115c,x
               S02:00001228:  BC 5C 11
F01:0174                           lda ($a5),y
               S02:0000122B:  B1 A5
F01:0175                           beq L1264
               S02:0000122D:  F0 35
F01:0176                           jmp L12d1
               S02:0000122F:  4C D1 12
F01:0177                           
F01:0178       L1232               ldx $aa
               S02:00001232:  A6 AA
F01:0179                           dex
               S02:00001234:  CA
F01:0180                           bpl L11fc
               S02:00001235:  10 C5
F01:0181                           lda $1205
               S02:00001237:  AD 05 12
F01:0182                           eor #$01
               S02:0000123A:  49 01
F01:0183                           sta $1205
               S02:0000123C:  8D 05 12
F01:0184                           ldy $118c
               S02:0000123F:  AC 8C 11
F01:0185                           lda #$01
               S02:00001242:  A9 01
F01:0186                           ora #$f0
               S02:00001244:  09 F0
F01:0187                           sta d417_sFiltControl
               S02:00001246:  8D 17 B8
F01:0188                           ldy #$ef
               S02:00001249:  A0 EF
F01:0189       L124b               lda $246e,y
               S02:0000124B:  B9 6E 24
F01:0190                           bne L1254
               S02:0000124E:  D0 04
F01:0191                           dey
               S02:00001250:  88
F01:0192                           lda $246e,y
               S02:00001251:  B9 6E 24
F01:0193       L1254               cmp #$ff
               S02:00001254:  C9 FF
F01:0194                           bne L125c
               S02:00001256:  D0 04
F01:0195                           ldy #$ea
               S02:00001258:  A0 EA
F01:0196                           beq L124b
               S02:0000125A:  F0 EF
F01:0197       L125c               sta d416_sFiltFreqHi
               S02:0000125C:  8D 16 B8
F01:0198                           iny
               S02:0000125F:  C8
F01:0199                           sty $124a
               S02:00001260:  8C 4A 12
F01:0200                           rts
               S02:00001263:  60
F01:0201                           
F01:0202       L1264               sta L115c,x
               S02:00001264:  9D 5C 11
F01:0203                           sta $11d1,x
               S02:00001267:  9D D1 11
F01:0204                           lda $1165,x
               S02:0000126A:  BD 65 11
F01:0205                           beq L1275
               S02:0000126D:  F0 06
F01:0206                           dec $1165,x
               S02:0000126F:  DE 65 11
F01:0207                           jmp L12cc
               S02:00001272:  4C CC 12
F01:0208                           
F01:0209       L1275               lda $116b,x
               S02:00001275:  BD 6B 11
F01:0210                           sta $a7
               S02:00001278:  85 A7
F01:0211                           lda $116e,x
               S02:0000127A:  BD 6E 11
F01:0212                           sta $a8
               S02:0000127D:  85 A8
F01:0213                           ldy $1168,x
               S02:0000127F:  BC 68 11
F01:0214                           lda ($a7),y
               S02:00001282:  B1 A7
F01:0215                           bne L128f
               S02:00001284:  D0 09
F01:0216                           iny
               S02:00001286:  C8
F01:0217                           lda ($a7),y
               S02:00001287:  B1 A7
F01:0218                           sta $1168,x
               S02:00001289:  9D 68 11
F01:0219                           tay
               S02:0000128C:  A8
F01:0220                           lda ($a7),y
               S02:0000128D:  B1 A7
F01:0221       L128f               bpl L12b3
               S02:0000128F:  10 22
F01:0222                           cmp #$c0
               S02:00001291:  C9 C0
F01:0223                           bcc L12a9
               S02:00001293:  90 14
F01:0224                           cmp #$ff
               S02:00001295:  C9 FF
F01:0225                           bne L129f
               S02:00001297:  D0 06
F01:0226                           lda #$00
               S02:00001299:  A9 00
F01:0227                           sta L11f2 + 1
               S02:0000129B:  8D F3 11
F01:0228                           rts
               S02:0000129E:  60
F01:0229                           
F01:0230       L129f               and #$3f
               S02:0000129F:  29 3F
F01:0231                           sta $1165,x
               S02:000012A1:  9D 65 11
F01:0232                           iny
               S02:000012A4:  C8
F01:0233                           lda ($a7),y
               S02:000012A5:  B1 A7
F01:0234                           bne L12b3
               S02:000012A7:  D0 0A
F01:0235       L12a9               and #$1f
               S02:000012A9:  29 1F
F01:0236                           sta $1177,x
               S02:000012AB:  9D 77 11
F01:0237                           iny
               S02:000012AE:  C8
F01:0238                           lda ($a7),y
               S02:000012AF:  B1 A7
F01:0239                           bmi L129f
               S02:000012B1:  30 EC
F01:0240       L12b3               sta $a7
               S02:000012B3:  85 A7
F01:0241                           iny
               S02:000012B5:  C8
F01:0242                           tya
               S02:000012B6:  98
F01:0243                           sta $1168,x
               S02:000012B7:  9D 68 11
F01:0244                           ldy $a7
               S02:000012BA:  A4 A7
F01:0245                           lda $1874,y
               S02:000012BC:  B9 74 18
F01:0246                           sta $115f,x
               S02:000012BF:  9D 5F 11
F01:0247                           sta $a5
               S02:000012C2:  85 A5
F01:0248                           lda $20c7,y
               S02:000012C4:  B9 C7 20
F01:0249                           sta $1162,x
               S02:000012C7:  9D 62 11
F01:0250                           sta $a6
               S02:000012CA:  85 A6
F01:0251       L12cc               ldy L115c,x
               S02:000012CC:  BC 5C 11
F01:0252                           lda ($a5),y
               S02:000012CF:  B1 A5
F01:0253       L12d1               sta $1171,x
               S02:000012D1:  9D 71 11
F01:0254                           cmp #$60
               S02:000012D4:  C9 60
F01:0255                           bcc L132f
               S02:000012D6:  90 57
F01:0256                           cmp #$80
               S02:000012D8:  C9 80
F01:0257                           bcc L1310
               S02:000012DA:  90 34
F01:0258                           cmp #$c0
               S02:000012DC:  C9 C0
F01:0259                           bcc L1302
               S02:000012DE:  90 22
F01:0260       L12e0               and #$3f
               S02:000012E0:  29 3F
F01:0261                           sta $11bc,x
               S02:000012E2:  9D BC 11
F01:0262                           sty $a9
               S02:000012E5:  84 A9
F01:0263                           tay
               S02:000012E7:  A8
F01:0264                           lda $20e6,y
               S02:000012E8:  B9 E6 20
F01:0265                           sta $11bf,x
               S02:000012EB:  9D BF 11
F01:0266                           lda $20e7,y
               S02:000012EE:  B9 E7 20
F01:0267                           sta $11c2,x
               S02:000012F1:  9D C2 11
F01:0268                           lda $20e8,y
               S02:000012F4:  B9 E8 20
F01:0269                           sta $11c5,x
               S02:000012F7:  9D C5 11
F01:0270                           ldy $a9
               S02:000012FA:  A4 A9
F01:0271                           iny
               S02:000012FC:  C8
F01:0272                           lda ($a5),y
               S02:000012FD:  B1 A5
F01:0273                           jmp L132f
               S02:000012FF:  4C 2F 13
F01:0274                           
F01:0275       L1302               and #$3f
               S02:00001302:  29 3F
F01:0276                           sta $118c,x
               S02:00001304:  9D 8C 11
F01:0277                           iny
               S02:00001307:  C8
F01:0278                           lda ($a5),y
               S02:00001308:  B1 A5
F01:0279                           bmi L12e0
               S02:0000130A:  30 D4
F01:0280                           cmp #$60
               S02:0000130C:  C9 60
F01:0281                           bcc L132f
               S02:0000130E:  90 1F
F01:0282       L1310               and #$1f
               S02:00001310:  29 1F
F01:0283                           sta $11d1,x
               S02:00001312:  9D D1 11
F01:0284                           sty $a9
               S02:00001315:  84 A9
F01:0285                           tay
               S02:00001317:  A8
F01:0286                           lda $2434,y
               S02:00001318:  B9 34 24
F01:0287                           tay
               S02:0000131B:  A8
F01:0288                           lda $2439,y
               S02:0000131C:  B9 39 24
F01:0289                           sta $11da,x
               S02:0000131F:  9D DA 11
F01:0290                           sta $11dd,x
               S02:00001322:  9D DD 11
F01:0291                           iny
               S02:00001325:  C8
F01:0292                           tya
               S02:00001326:  98
F01:0293                           sta $11d4,x
               S02:00001327:  9D D4 11
F01:0294                           ldy $a9
               S02:0000132A:  A4 A9
F01:0295                           iny
               S02:0000132C:  C8
F01:0296                           lda ($a5),y
               S02:0000132D:  B1 A5
F01:0297       L132f               sta $1174,x
               S02:0000132F:  9D 74 11
F01:0298                           clc
               S02:00001332:  18
F01:0299                           adc $1177,x
               S02:00001333:  7D 77 11
F01:0300                           sta $117a,x
               S02:00001336:  9D 7A 11
F01:0301                           iny
               S02:00001339:  C8
F01:0302                           lda ($a5),y
               S02:0000133A:  B1 A5
F01:0303                           asl a
               S02:0000133C:  0A
F01:0304                           sec
               S02:0000133D:  38
F01:0305                           sbc #$01
               S02:0000133E:  E9 01
F01:0306                           sta $1186,x
               S02:00001340:  9D 86 11
F01:0307                           sta $1189,x
               S02:00001343:  9D 89 11
F01:0308                           iny
               S02:00001346:  C8
F01:0309                           tya
               S02:00001347:  98
F01:0310                           sta L115c,x
               S02:00001348:  9D 5C 11
F01:0311                           lda #$00
               S02:0000134B:  A9 00
F01:0312                           bne L1352
               S02:0000134D:  D0 03
F01:0313                           jmp L1232
               S02:0000134F:  4C 32 12
F01:0314                           
F01:0315       L1352               rts
               S02:00001352:  60
F01:0316                           
F01:0317       L1353               ldy $118c,x
               S02:00001353:  BC 8C 11
F01:0318                           sty $a9
               S02:00001356:  84 A9
F01:0319                           lda $23a9,y
               S02:00001358:  B9 A9 23
F01:0320                           sta $a5
               S02:0000135B:  85 A5
F01:0321                           dex
               S02:0000135D:  CA
F01:0322                           bpl L137c
               S02:0000135E:  10 1C
F01:0323                           and #$07
               S02:00001360:  29 07
F01:0324                           sta $1243
               S02:00001362:  8D 43 12
F01:0325                           lda $22e9,y
               S02:00001365:  B9 E9 22
F01:0326                           bmi L137c
               S02:00001368:  30 12
F01:0327                           tay
               S02:0000136A:  A8
F01:0328                           lda $244c,y
               S02:0000136B:  B9 4C 24
F01:0329                           tay
               S02:0000136E:  A8
F01:0330                           lda $246e,y
               S02:0000136F:  B9 6E 24
F01:0331                           sta L11f2 + 1
               S02:00001372:  8D F3 11
F01:0332                           iny
               S02:00001375:  C8
F01:0333                           sty $1259
               S02:00001376:  8C 59 12
F01:0334                           sty $124a
               S02:00001379:  8C 4A 12
F01:0335       L137c               ldx $a9
               S02:0000137C:  A6 A9
F01:0336                           ldy $ab
               S02:0000137E:  A4 AB
F01:0337                           lda $2269,x
               S02:00001380:  BD 69 22
F01:0338                           sta d405_sVoc1AttDec,y
               S02:00001383:  99 05 B8
F01:0339                           lda $22a9,x
               S02:00001386:  BD A9 22
F01:0340                           sta d406_sVoc1SusRel,y
               S02:00001389:  99 06 B8
F01:0341                           ldx $aa
               S02:0000138C:  A6 AA
F01:0342                           lda #$00
               S02:0000138E:  A9 00
F01:0343                           sta $1183,x
               S02:00001390:  9D 83 11
F01:0344                           sta $11b3,x
               S02:00001393:  9D B3 11
F01:0345                           sta $1171,x
               S02:00001396:  9D 71 11
F01:0346                           lda $a5
               S02:00001399:  A5 A5
F01:0347                           and #$20
               S02:0000139B:  29 20
F01:0348                           bne L13b2
               S02:0000139D:  D0 13
F01:0349                           sta $1195,x
               S02:0000139F:  9D 95 11
F01:0350                           sta $119e,x
               S02:000013A2:  9D 9E 11
F01:0351                           ldx $a9
               S02:000013A5:  A6 A9
F01:0352                           lda $20e9,x
               S02:000013A7:  BD E9 20
F01:0353                           sta d403_sVoc1PWidthHi,y
               S02:000013AA:  99 03 B8
F01:0354                           ldx $aa
               S02:000013AD:  A6 AA
F01:0355                           sta $1198,x
               S02:000013AF:  9D 98 11
F01:0356       L13b2               ldy $a9
               S02:000013B2:  A4 A9
F01:0357                           lda $a5
               S02:000013B4:  A5 A5
F01:0358                           and #$10
               S02:000013B6:  29 10
F01:0359                           sta $11e6,x
               S02:000013B8:  9D E6 11
F01:0360                           beq L142a
               S02:000013BB:  F0 6D
F01:0361                           lda $2369,y
               S02:000013BD:  B9 69 23
F01:0362                           sta $11ef,x
               S02:000013C0:  9D EF 11
F01:0363                           beq L13f5
               S02:000013C3:  F0 30
F01:0364                           ldx $2329,y
               S02:000013C5:  BE 29 23
F01:0365                           lda $2569,x
               S02:000013C8:  BD 69 25
F01:0366                           ldx $aa
               S02:000013CB:  A6 AA
F01:0367                           sta $11e9,x
               S02:000013CD:  9D E9 11
F01:0368                           sta $11ec,x
               S02:000013D0:  9D EC 11
F01:0369                           inc $11ec,x
               S02:000013D3:  FE EC 11
F01:0370                           tay
               S02:000013D6:  A8
F01:0371                           lda $256e,y
               S02:000013D7:  B9 6E 25
F01:0372                           sta $a7
               S02:000013DA:  85 A7
F01:0373                           ldx $25e2,y
               S02:000013DC:  BE E2 25
F01:0374                           lda $17af,x
               S02:000013DF:  BD AF 17
F01:0375                           ldy $ab
               S02:000013E2:  A4 AB
F01:0376                           sta d400_sVoc1FreqLo,y
               S02:000013E4:  99 00 B8
F01:0377                           lda $180f,x
               S02:000013E7:  BD 0F 18
F01:0378                           sta d401_sVoc1FreqHi,y
               S02:000013EA:  99 01 B8
F01:0379                           lda $a7
               S02:000013ED:  A5 A7
F01:0380                           sta d404_sVoc1Control,y
               S02:000013EF:  99 04 B8
F01:0381                           jmp L1232
               S02:000013F2:  4C 32 12
F01:0382                           
F01:0383       L13f5               ldx $2329,y
               S02:000013F5:  BE 29 23
F01:0384                           lda $2569,x
               S02:000013F8:  BD 69 25
F01:0385                           ldx $aa
               S02:000013FB:  A6 AA
F01:0386                           sta $11e9,x
               S02:000013FD:  9D E9 11
F01:0387                           sta $11ec,x
               S02:00001400:  9D EC 11
F01:0388                           inc $11ec,x
               S02:00001403:  FE EC 11
F01:0389                           tay
               S02:00001406:  A8
F01:0390                           lda $256e,y
               S02:00001407:  B9 6E 25
F01:0391                           sta $a7
               S02:0000140A:  85 A7
F01:0392                           lda $25e2,y
               S02:0000140C:  B9 E2 25
F01:0393                           clc
               S02:0000140F:  18
F01:0394                           adc $1174,x
               S02:00001410:  7D 74 11
F01:0395                           tax
               S02:00001413:  AA
F01:0396                           lda $17af,x
               S02:00001414:  BD AF 17
F01:0397                           ldy $ab
               S02:00001417:  A4 AB
F01:0398                           sta d400_sVoc1FreqLo,y
               S02:00001419:  99 00 B8
F01:0399                           lda $180f,x
               S02:0000141C:  BD 0F 18
F01:0400                           sta d401_sVoc1FreqHi,y
               S02:0000141F:  99 01 B8
F01:0401                           lda $a7
               S02:00001422:  A5 A7
F01:0402                           sta d404_sVoc1Control,y
               S02:00001424:  99 04 B8
F01:0403                           jmp L1232
               S02:00001427:  4C 32 12
F01:0404                           
F01:0405       L142a               lda $a5
               S02:0000142A:  A5 A5
F01:0406                           bpl L144f
               S02:0000142C:  10 21
F01:0407                           lda #$81
               S02:0000142E:  A9 81
F01:0408                           ldy $ab
               S02:00001430:  A4 AB
F01:0409                           sta d404_sVoc1Control,y
               S02:00001432:  99 04 B8
F01:0410                           lda #$bf
               S02:00001435:  A9 BF
F01:0411                           sta d400_sVoc1FreqLo,y
               S02:00001437:  99 00 B8
F01:0412                           sta d401_sVoc1FreqHi,y
               S02:0000143A:  99 01 B8
F01:0413                           ldy $117a,x
               S02:0000143D:  BC 7A 11
F01:0414                           lda $180f,y
               S02:00001440:  B9 0F 18
F01:0415                           sta $1192,x
               S02:00001443:  9D 92 11
F01:0416                           lda $17af,y
               S02:00001446:  B9 AF 17
F01:0417                           sta $118f,x
               S02:00001449:  9D 8F 11
F01:0418                           jmp L1472
               S02:0000144C:  4C 72 14
F01:0419                           
F01:0420       L144f               lda $21a9,y
               S02:0000144F:  B9 A9 21
F01:0421                           ldy $ab
               S02:00001452:  A4 AB
F01:0422                           sta d404_sVoc1Control,y
               S02:00001454:  99 04 B8
F01:0423                           ldy $117a,x
               S02:00001457:  BC 7A 11
F01:0424                           lda $180f,y
               S02:0000145A:  B9 0F 18
F01:0425                           sta $a7
               S02:0000145D:  85 A7
F01:0426                           lda $17af,y
               S02:0000145F:  B9 AF 17
F01:0427                           ldy $ab
               S02:00001462:  A4 AB
F01:0428                           sta d400_sVoc1FreqLo,y
               S02:00001464:  99 00 B8
F01:0429                           sta $118f,x
               S02:00001467:  9D 8F 11
F01:0430                           lda $a7
               S02:0000146A:  A5 A7
F01:0431                           sta d401_sVoc1FreqHi,y
               S02:0000146C:  99 01 B8
F01:0432                           sta $1192,x
               S02:0000146F:  9D 92 11
F01:0433       L1472               lda $a5
               S02:00001472:  A5 A5
F01:0434                           and #$40
               S02:00001474:  29 40
F01:0435                           sta $11a7,x
               S02:00001476:  9D A7 11
F01:0436                           beq L1499
               S02:00001479:  F0 1E
F01:0437                           ldy $a9
               S02:0000147B:  A4 A9
F01:0438                           lda $2329,y
               S02:0000147D:  B9 29 23
F01:0439                           sta $11aa,x
               S02:00001480:  9D AA 11
F01:0440                           lda $2369,y
               S02:00001483:  B9 69 23
F01:0441                           sta $a7
               S02:00001486:  85 A7
F01:0442                           and #$0f
               S02:00001488:  29 0F
F01:0443                           sta $11b0,x
               S02:0000148A:  9D B0 11
F01:0444                           sta $11b6,x
               S02:0000148D:  9D B6 11
F01:0445                           lda $a7
               S02:00001490:  A5 A7
F01:0446                           lsr a
               S02:00001492:  4A
F01:0447                           lsr a
               S02:00001493:  4A
F01:0448                           lsr a
               S02:00001494:  4A
F01:0449                           lsr a
               S02:00001495:  4A
F01:0450                           sta $11ad,x
               S02:00001496:  9D AD 11
F01:0451       L1499               lda $11bc,x
               S02:00001499:  BD BC 11
F01:0452                           beq L14aa
               S02:0000149C:  F0 0C
F01:0453                           lda $11c5,x
               S02:0000149E:  BD C5 11
F01:0454                           sta $11cb,x
               S02:000014A1:  9D CB 11
F01:0455                           lda $11bf,x
               S02:000014A4:  BD BF 11
F01:0456                           sta $11c8,x
               S02:000014A7:  9D C8 11
F01:0457       L14aa               lda $a5
               S02:000014AA:  A5 A5
F01:0458                           ldy $a9
               S02:000014AC:  A4 A9
F01:0459                           and #$20
               S02:000014AE:  29 20
F01:0460                           bne L14c1
               S02:000014B0:  D0 0F
F01:0461                           lda $2169,y
               S02:000014B2:  B9 69 21
F01:0462                           sta $11a1,x
               S02:000014B5:  9D A1 11
F01:0463                           sta $11a4,x
               S02:000014B8:  9D A4 11
F01:0464                           lda $2129,y
               S02:000014BB:  B9 29 21
F01:0465                           sta $119b,x
               S02:000014BE:  9D 9B 11
F01:0466       L14c1               lda $2229,y
               S02:000014C1:  B9 29 22
F01:0467                           sta $1180,x
               S02:000014C4:  9D 80 11
F01:0468                           lda $a5
               S02:000014C7:  A5 A5
F01:0469                           and #$08
               S02:000014C9:  29 08
F01:0470                           sta $117d,x
               S02:000014CB:  9D 7D 11
F01:0471                           lda $11d1,x
               S02:000014CE:  BD D1 11
F01:0472                           sta $11ce,x
               S02:000014D1:  9D CE 11
F01:0473                           beq L14e7
               S02:000014D4:  F0 11
F01:0474                           lda $11d4,x
               S02:000014D6:  BD D4 11
F01:0475                           sta $11d7,x
               S02:000014D9:  9D D7 11
F01:0476                           tay
               S02:000014DC:  A8
F01:0477                           lda $2439,y
               S02:000014DD:  B9 39 24
F01:0478                           clc
               S02:000014E0:  18
F01:0479                           adc $117a,x
               S02:000014E1:  7D 7A 11
F01:0480                           sta $11e0,x
               S02:000014E4:  9D E0 11
F01:0481       L14e7               jmp L1232
               S02:000014E7:  4C 32 12
F01:0482                           
F01:0483       L14ea               ldx $aa
               S02:000014EA:  A6 AA
F01:0484                           lda $11e6,x
               S02:000014EC:  BD E6 11
F01:0485                           beq L154f
               S02:000014EF:  F0 5E
F01:0486                           lda $11ef,x
               S02:000014F1:  BD EF 11
F01:0487                           bne L151c
               S02:000014F4:  D0 26
F01:0488                           ldy $11ec,x
               S02:000014F6:  BC EC 11
F01:0489                           lda $256e,y
               S02:000014F9:  B9 6E 25
F01:0490                           beq L151c
               S02:000014FC:  F0 1E
F01:0491                           sta $a7
               S02:000014FE:  85 A7
F01:0492                           inc $11ec,x
               S02:00001500:  FE EC 11
F01:0493                           ldx $25e2,y
               S02:00001503:  BE E2 25
F01:0494                           ldy $ab
               S02:00001506:  A4 AB
F01:0495                           lda $180f,x
               S02:00001508:  BD 0F 18
F01:0496                           sta d401_sVoc1FreqHi,y
               S02:0000150B:  99 01 B8
F01:0497                           lda $17af,x
               S02:0000150E:  BD AF 17
F01:0498                           sta d400_sVoc1FreqLo,y
               S02:00001511:  99 00 B8
F01:0499                           lda $a7
               S02:00001514:  A5 A7
F01:0500                           sta d404_sVoc1Control,y
               S02:00001516:  99 04 B8
F01:0501                           jmp L1232
               S02:00001519:  4C 32 12
F01:0502                           
F01:0503       L151c               ldy $11ec,x
               S02:0000151C:  BC EC 11
F01:0504                           lda $256e,y
               S02:0000151F:  B9 6E 25
F01:0505                           beq L1547
               S02:00001522:  F0 23
F01:0506                           sta $a7
               S02:00001524:  85 A7
F01:0507                           inc $11ec,x
               S02:00001526:  FE EC 11
F01:0508                           lda $25e2,y
               S02:00001529:  B9 E2 25
F01:0509                           clc
               S02:0000152C:  18
F01:0510                           adc $1174,x
               S02:0000152D:  7D 74 11
F01:0511                           tax
               S02:00001530:  AA
F01:0512                           ldy $ab
               S02:00001531:  A4 AB
F01:0513                           lda $180f,x
               S02:00001533:  BD 0F 18
F01:0514                           sta d401_sVoc1FreqHi,y
               S02:00001536:  99 01 B8
F01:0515                           lda $17af,x
               S02:00001539:  BD AF 17
F01:0516                           sta d400_sVoc1FreqLo,y
               S02:0000153C:  99 00 B8
F01:0517                           lda $a7
               S02:0000153F:  A5 A7
F01:0518                           sta d404_sVoc1Control,y
               S02:00001541:  99 04 B8
F01:0519                           jmp L1232
               S02:00001544:  4C 32 12
F01:0520                           
F01:0521       L1547               ldy $ab
               S02:00001547:  A4 AB
F01:0522                           sta d404_sVoc1Control,y
               S02:00001549:  99 04 B8
F01:0523                           jmp L1232
               S02:0000154C:  4C 32 12
F01:0524                           
F01:0525       L154f               lda $118c,x
               S02:0000154F:  BD 8C 11
F01:0526                           sta $a9
               S02:00001552:  85 A9
F01:0527                           lda $119e,x
               S02:00001554:  BD 9E 11
F01:0528                           bne L1584
               S02:00001557:  D0 2B
F01:0529                           lda $1195,x
               S02:00001559:  BD 95 11
F01:0530                           clc
               S02:0000155C:  18
F01:0531                           adc $119b,x
               S02:0000155D:  7D 9B 11
F01:0532                           ldy $ab
               S02:00001560:  A4 AB
F01:0533                           sta $1195,x
               S02:00001562:  9D 95 11
F01:0534                           sta d402_sVoc1PWidthLo,y
               S02:00001565:  99 02 B8
F01:0535                           lda $1198,x
               S02:00001568:  BD 98 11
F01:0536                           adc #$00
               S02:0000156B:  69 00
F01:0537                           sta $1198,x
               S02:0000156D:  9D 98 11
F01:0538                           sta d403_sVoc1PWidthHi,y
               S02:00001570:  99 03 B8
F01:0539                           dec $11a4,x
               S02:00001573:  DE A4 11
F01:0540                           bne L15ae
               S02:00001576:  D0 36
F01:0541                           inc $119e,x
               S02:00001578:  FE 9E 11
F01:0542                           lda $11a1,x
               S02:0000157B:  BD A1 11
F01:0543                           sta $11a4,x
               S02:0000157E:  9D A4 11
F01:0544                           jmp L15ae
               S02:00001581:  4C AE 15
F01:0545                           
F01:0546       L1584               lda $1195,x
               S02:00001584:  BD 95 11
F01:0547                           sec
               S02:00001587:  38
F01:0548                           sbc $119b,x
               S02:00001588:  FD 9B 11
F01:0549                           ldy $ab
               S02:0000158B:  A4 AB
F01:0550                           sta d402_sVoc1PWidthLo,y
               S02:0000158D:  99 02 B8
F01:0551                           sta $1195,x
               S02:00001590:  9D 95 11
F01:0552                           lda $1198,x
               S02:00001593:  BD 98 11
F01:0553                           adc #$ff
               S02:00001596:  69 FF
F01:0554                           sta $1198,x
               S02:00001598:  9D 98 11
F01:0555                           sta d403_sVoc1PWidthHi,y
               S02:0000159B:  99 03 B8
F01:0556                           dec $11a4,x
               S02:0000159E:  DE A4 11
F01:0557                           bne L15ae
               S02:000015A1:  D0 0B
F01:0558                           lda #$00
               S02:000015A3:  A9 00
F01:0559                           sta $119e,x
               S02:000015A5:  9D 9E 11
F01:0560                           lda $11a1,x
               S02:000015A8:  BD A1 11
F01:0561                           sta $11a4,x
               S02:000015AB:  9D A4 11
F01:0562       L15ae               lda $118f,x
               S02:000015AE:  BD 8F 11
F01:0563                           sta d400_sVoc1FreqLo,y
               S02:000015B1:  99 00 B8
F01:0564                           lda $1192,x
               S02:000015B4:  BD 92 11
F01:0565                           sta d401_sVoc1FreqHi,y
               S02:000015B7:  99 01 B8
F01:0566                           lda $1183,x
               S02:000015BA:  BD 83 11
F01:0567                           bne L15f4
               S02:000015BD:  D0 35
F01:0568                           lda $117d,x
               S02:000015BF:  BD 7D 11
F01:0569                           bne L15e2
               S02:000015C2:  D0 1E
F01:0570                           lda $1189,x
               S02:000015C4:  BD 89 11
F01:0571                           sec
               S02:000015C7:  38
F01:0572                           sbc $1180,x
               S02:000015C8:  FD 80 11
F01:0573                           cmp $1186,x
               S02:000015CB:  DD 86 11
F01:0574                           beq L15d2
               S02:000015CE:  F0 02
F01:0575                           bne L15ea
               S02:000015D0:  D0 18
F01:0576       L15d2               ldy $a9
               S02:000015D2:  A4 A9
F01:0577                           lda $21e9,y
               S02:000015D4:  B9 E9 21
F01:0578                           ldy $ab
               S02:000015D7:  A4 AB
F01:0579                           sta d404_sVoc1Control,y
               S02:000015D9:  99 04 B8
F01:0580                           inc $1183,x
               S02:000015DC:  FE 83 11
F01:0581                           jmp L15f4
               S02:000015DF:  4C F4 15
F01:0582                           
F01:0583       L15e2               lda $1186,x
               S02:000015E2:  BD 86 11
F01:0584                           cmp $1180,x
               S02:000015E5:  DD 80 11
F01:0585                           beq L15d2
               S02:000015E8:  F0 E8
F01:0586       L15ea               ldy $a9
               S02:000015EA:  A4 A9
F01:0587                           lda $21a9,y
               S02:000015EC:  B9 A9 21
F01:0588                           ldy $ab
               S02:000015EF:  A4 AB
F01:0589                           sta d404_sVoc1Control,y
               S02:000015F1:  99 04 B8
F01:0590       L15f4               lda $11a7,x
               S02:000015F4:  BD A7 11
F01:0591                           bne L15fc
               S02:000015F7:  D0 03
F01:0592                           jmp L16b8
               S02:000015F9:  4C B8 16
F01:0593                           
F01:0594       L15fc               lda $11aa,x
               S02:000015FC:  BD AA 11
F01:0595                           beq L1607
               S02:000015FF:  F0 06
F01:0596                           dec $11aa,x
               S02:00001601:  DE AA 11
F01:0597                           jmp L16b8
               S02:00001604:  4C B8 16
F01:0598                           
F01:0599       L1607               ldy $11b3,x
               S02:00001607:  BC B3 11
F01:0600                           beq L1644
               S02:0000160A:  F0 38
F01:0601                           dey
               S02:0000160C:  88
F01:0602                           beq L1667
               S02:0000160D:  F0 58
F01:0603                           dey
               S02:0000160F:  88
F01:0604                           beq L1615
               S02:00001610:  F0 03
F01:0605                           jmp L168a
               S02:00001612:  4C 8A 16
F01:0606                           
F01:0607       L1615               ldy $117a,x
               S02:00001615:  BC 7A 11
F01:0608                           lda $11ad,x
               S02:00001618:  BD AD 11
F01:0609                           sta $a7
               S02:0000161B:  85 A7
F01:0610                           lda $118f,x
               S02:0000161D:  BD 8F 11
F01:0611       L1620               sec
               S02:00001620:  38
F01:0612                           sbc $180e,y
               S02:00001621:  F9 0E 18
F01:0613                           bcs L1629
               S02:00001624:  B0 03
F01:0614                           dec $1192,x
               S02:00001626:  DE 92 11
F01:0615       L1629               dec $a7
               S02:00001629:  C6 A7
F01:0616                           bpl L1620
               S02:0000162B:  10 F3
F01:0617                           sta $118f,x
               S02:0000162D:  9D 8F 11
F01:0618                           dec $11b6,x
               S02:00001630:  DE B6 11
F01:0619                           bmi L1638
               S02:00001633:  30 03
F01:0620                           jmp L16b8
               S02:00001635:  4C B8 16
F01:0621                           
F01:0622       L1638               inc $11b3,x
               S02:00001638:  FE B3 11
F01:0623                           lda $11b0,x
               S02:0000163B:  BD B0 11
F01:0624                           sta $11b6,x
               S02:0000163E:  9D B6 11
F01:0625                           jmp L16b8
               S02:00001641:  4C B8 16
F01:0626                           
F01:0627       L1644               ldy $117a,x
               S02:00001644:  BC 7A 11
F01:0628                           lda $11ad,x
               S02:00001647:  BD AD 11
F01:0629                           sta $a7
               S02:0000164A:  85 A7
F01:0630                           lda $118f,x
               S02:0000164C:  BD 8F 11
F01:0631       L164f               clc
               S02:0000164F:  18
F01:0632                           adc $180f,y
               S02:00001650:  79 0F 18
F01:0633                           bcc L1658
               S02:00001653:  90 03
F01:0634                           inc $1192,x
               S02:00001655:  FE 92 11
F01:0635       L1658               dec $a7
               S02:00001658:  C6 A7
F01:0636                           bpl L164f
               S02:0000165A:  10 F3
F01:0637                           sta $118f,x
               S02:0000165C:  9D 8F 11
F01:0638                           dec $11b6,x
               S02:0000165F:  DE B6 11
F01:0639                           bmi L1638
               S02:00001662:  30 D4
F01:0640                           jmp L16b8
               S02:00001664:  4C B8 16
F01:0641                           
F01:0642       L1667               ldy $117a,x
               S02:00001667:  BC 7A 11
F01:0643                           lda $11ad,x
               S02:0000166A:  BD AD 11
F01:0644                           sta $a7
               S02:0000166D:  85 A7
F01:0645                           lda $118f,x
               S02:0000166F:  BD 8F 11
F01:0646       L1672               sec
               S02:00001672:  38
F01:0647                           sbc $180f,y
               S02:00001673:  F9 0F 18
F01:0648                           bcs L167b
               S02:00001676:  B0 03
F01:0649                           dec $1192,x
               S02:00001678:  DE 92 11
F01:0650       L167b               dec $a7
               S02:0000167B:  C6 A7
F01:0651                           bpl L1672
               S02:0000167D:  10 F3
F01:0652                           sta $118f,x
               S02:0000167F:  9D 8F 11
F01:0653                           dec $11b6,x
               S02:00001682:  DE B6 11
F01:0654                           bmi L1638
               S02:00001685:  30 B1
F01:0655                           jmp L16b8
               S02:00001687:  4C B8 16
F01:0656                           
F01:0657       L168a               ldy $117a,x
               S02:0000168A:  BC 7A 11
F01:0658                           lda $11ad,x
               S02:0000168D:  BD AD 11
F01:0659                           sta $a7
               S02:00001690:  85 A7
F01:0660                           lda $118f,x
               S02:00001692:  BD 8F 11
F01:0661       L1695               clc
               S02:00001695:  18
F01:0662                           adc $180e,y
               S02:00001696:  79 0E 18
F01:0663                           bcc L169e
               S02:00001699:  90 03
F01:0664                           inc $1192,x
               S02:0000169B:  FE 92 11
F01:0665       L169e               dec $a7
               S02:0000169E:  C6 A7
F01:0666                           bpl L1695
               S02:000016A0:  10 F3
F01:0667                           sta $118f,x
               S02:000016A2:  9D 8F 11
F01:0668                           dec $11b6,x
               S02:000016A5:  DE B6 11
F01:0669                           bmi L16ad
               S02:000016A8:  30 03
F01:0670                           jmp L16b8
               S02:000016AA:  4C B8 16
F01:0671                           
F01:0672       L16ad               lda #$00
               S02:000016AD:  A9 00
F01:0673                           sta $11b3,x
               S02:000016AF:  9D B3 11
F01:0674                           lda $11b0,x
               S02:000016B2:  BD B0 11
F01:0675                           sta $11b6,x
               S02:000016B5:  9D B6 11
F01:0676       L16b8               lda $11bc,x
               S02:000016B8:  BD BC 11
F01:0677                           bne L16c0
               S02:000016BB:  D0 03
F01:0678                           jmp L1720
               S02:000016BD:  4C 20 17
F01:0679                           
F01:0680       L16c0               lda $11c8,x
               S02:000016C0:  BD C8 11
F01:0681                           beq L16cb
               S02:000016C3:  F0 06
F01:0682                           dec $11c8,x
               S02:000016C5:  DE C8 11
F01:0683                           jmp L1720
               S02:000016C8:  4C 20 17
F01:0684                           
F01:0685       L16cb               lda $11c2,x
               S02:000016CB:  BD C2 11
F01:0686                           bmi L16f7
               S02:000016CE:  30 27
F01:0687                           sta $a7
               S02:000016D0:  85 A7
F01:0688                           ldy $117a,x
               S02:000016D2:  BC 7A 11
F01:0689                           lda $118f,x
               S02:000016D5:  BD 8F 11
F01:0690                           sec
               S02:000016D8:  38
F01:0691       L16d9               sbc $180f,y
               S02:000016D9:  F9 0F 18
F01:0692                           bcs L16e2
               S02:000016DC:  B0 04
F01:0693                           sec
               S02:000016DE:  38
F01:0694                           dec $1192,x
               S02:000016DF:  DE 92 11
F01:0695       L16e2               dec $a7
               S02:000016E2:  C6 A7
F01:0696                           bne L16d9
               S02:000016E4:  D0 F3
F01:0697                           sta $118f,x
               S02:000016E6:  9D 8F 11
F01:0698                           dec $11cb,x
               S02:000016E9:  DE CB 11
F01:0699                           lda $11cb,x
               S02:000016EC:  BD CB 11
F01:0700                           bne L16f4
               S02:000016EF:  D0 03
F01:0701                           sta $11bc,x
               S02:000016F1:  9D BC 11
F01:0702       L16f4               jmp L1232
               S02:000016F4:  4C 32 12
F01:0703                           
F01:0704       L16f7               and #$7f
               S02:000016F7:  29 7F
F01:0705                           sta $a7
               S02:000016F9:  85 A7
F01:0706                           ldy $117a,x
               S02:000016FB:  BC 7A 11
F01:0707                           lda $118f,x
               S02:000016FE:  BD 8F 11
F01:0708                           clc
               S02:00001701:  18
F01:0709       L1702               adc $180f,y
               S02:00001702:  79 0F 18
F01:0710                           bcc L170b
               S02:00001705:  90 04
F01:0711                           inc $1192,x
               S02:00001707:  FE 92 11
F01:0712                           clc
               S02:0000170A:  18
F01:0713       L170b               dec $a7
               S02:0000170B:  C6 A7
F01:0714                           bpl L1702
               S02:0000170D:  10 F3
F01:0715                           sta $118f,x
               S02:0000170F:  9D 8F 11
F01:0716                           dec $11cb,x
               S02:00001712:  DE CB 11
F01:0717                           lda $11cb,x
               S02:00001715:  BD CB 11
F01:0718                           bne L16f4
               S02:00001718:  D0 DA
F01:0719                           sta $11bc,x
               S02:0000171A:  9D BC 11
F01:0720       L171d               jmp L1232
               S02:0000171D:  4C 32 12
F01:0721                           
F01:0722       L1720               lda $11ce,x
               S02:00001720:  BD CE 11
F01:0723                           beq L171d
               S02:00001723:  F0 F8
F01:0724                           dec $11dd,x
               S02:00001725:  DE DD 11
F01:0725                           beq L1730
               S02:00001728:  F0 06
F01:0726                           lda $11e0,x
               S02:0000172A:  BD E0 11
F01:0727                           jmp L1748
               S02:0000172D:  4C 48 17
F01:0728                           
F01:0729       L1730               lda $11da,x
               S02:00001730:  BD DA 11
F01:0730                           sta $11dd,x
               S02:00001733:  9D DD 11
F01:0731                           inc $11d7,x
               S02:00001736:  FE D7 11
F01:0732                           ldy $11d7,x
               S02:00001739:  BC D7 11
F01:0733       L173c               lda $2439,y
               S02:0000173C:  B9 39 24
F01:0734                           bmi L175a
               S02:0000173F:  30 19
F01:0735                           clc
               S02:00001741:  18
F01:0736                           adc $117a,x
               S02:00001742:  7D 7A 11
F01:0737                           sta $11e0,x
               S02:00001745:  9D E0 11
F01:0738       L1748               tax
               S02:00001748:  AA
F01:0739                           ldy $ab
               S02:00001749:  A4 AB
F01:0740                           lda $17af,x
               S02:0000174B:  BD AF 17
F01:0741                           sta d400_sVoc1FreqLo,y
               S02:0000174E:  99 00 B8
F01:0742                           lda $180f,x
               S02:00001751:  BD 0F 18
F01:0743                           sta d401_sVoc1FreqHi,y
               S02:00001754:  99 01 B8
F01:0744                           jmp L1232
               S02:00001757:  4C 32 12
F01:0745                           
F01:0746       L175a               and #$7f
               S02:0000175A:  29 7F
F01:0747                           beq L1768
               S02:0000175C:  F0 0A
F01:0748                           lda $11d4,x
               S02:0000175E:  BD D4 11
F01:0749                           sta $11d7,x
               S02:00001761:  9D D7 11
F01:0750                           tay
               S02:00001764:  A8
F01:0751                           jmp L173c
               S02:00001765:  4C 3C 17
F01:0752                           
F01:0753       L1768               sta $11ce,x
               S02:00001768:  9D CE 11
F01:0754                           lda $11e0,x
               S02:0000176B:  BD E0 11
F01:0755                           sta $117a,x
               S02:0000176E:  9D 7A 11
F01:0756                           jmp L1232
               S02:00001771:  4C 32 12
F01:0757                           
F01:0758       L1774               ldx #$17
               S02:00001774:  A2 17
F01:0759       L1776               lda #$00
               S02:00001776:  A9 00
F01:0760                           sta d400_sVoc1FreqLo,x
               S02:00001778:  9D 00 B8
F01:0761                           dex
               S02:0000177B:  CA
F01:0762                           bpl L1776
               S02:0000177C:  10 F8
F01:0763                           ldx #$02
               S02:0000177E:  A2 02
F01:0764                           stx $134c
               S02:00001780:  8E 4C 13
F01:0765                           stx L11f2 + 1
               S02:00001783:  8E F3 11
F01:0766       L1786               stx $aa
               S02:00001786:  86 AA
F01:0767                           lda $1872,x
               S02:00001788:  BD 72 18
F01:0768                           sta $116b,x
               S02:0000178B:  9D 6B 11
F01:0769                           lda $186f,x
               S02:0000178E:  BD 6F 18
F01:0770                           sta $116e,x
               S02:00001791:  9D 6E 11
F01:0771                           sta $1171,x
               S02:00001794:  9D 71 11
F01:0772                           lda #$00
               S02:00001797:  A9 00
F01:0773                           sta $1165,x
               S02:00001799:  9D 65 11
F01:0774                           sta $1168,x
               S02:0000179C:  9D 68 11
F01:0775                           sta $1177,x
               S02:0000179F:  9D 77 11
F01:0776                           jsr L1264
               S02:000017A2:  20 64 12
F01:0777                           ldx $aa
               S02:000017A5:  A6 AA
F01:0778                           dex
               S02:000017A7:  CA
F01:0779                           bpl L1786
               S02:000017A8:  10 DC
F01:0780                           inx
               S02:000017AA:  E8
F01:0781                           stx $134c
               S02:000017AB:  8E 4C 13
F01:0782                           rts
               S02:000017AE:  60
F01:0783       
F01:0784       	.binary "sys4.bin"
               S02:000017AF:  0C 1C 2D 3E 51 66 7B 91 A9 C3 DD FA 18 38 5A 7D
               S02:000017BF:  A3 CC F6 23 53 86 BB F8 30 70 B4 FB 47 98 ED 47
F01:0785       
F01:0786       S202d               dey
               S02:0000202D:  88
F01:0787                           eor ($06),y
               S02:0000202E:  51 06
F01:0788       
F01:0789       	.binary "sys5.bin"
               S02:00002030:  BB 32 03 B2 37 03 88 51 06 00 A7 3A 03 98 32 03
               S02:00002040:  87 51 06 BD 3A 03 BF 32 03 87 51 06 9C 3E 03 A8
F01:0790       
F01:0791       initsid2            jsr S1100
               S02:00002656:  20 00 11
F01:0792                           lda #$00
               S02:00002659:  A9 00
F01:0793                           sta PlaySid + 1
               S02:0000265B:  8D 60 26
F01:0794                           rts
               S02:0000265E:  60
F01:0795                           
F01:0796       PlaySid             lda #$00
               S02:0000265F:  A9 00
F01:0797                           inc PlaySid + 1
               S02:00002661:  EE 60 26
F01:0798                           and #$01
               S02:00002664:  29 01
F01:0799                           asl a
               S02:00002666:  0A
F01:0800                           tax
               S02:00002667:  AA
F01:0801                           nop
               S02:00002668:  EA
F01:0802                           lda $2681,x
               S02:00002669:  BD 81 26
F01:0803                           sta $dc05
               S02:0000266C:  8D 05 DC
F01:0804                           lda $2682,x
               S02:0000266F:  BD 82 26
F01:0805                           sta $dc04
               S02:00002672:  8D 04 DC
F01:0806                           jmp L1103
               S02:00002675:  4C 03 11
F01:0807       
F01:0808       	.binary "sys6.bin"
               S02:00002678:  00 00 00 00 00 00 00 00 00 23 6F 29 57
F01:0809       
F00:0028         .include "text.s"
F02:0001       
F02:0002       ; text part of demo
F02:0003       ;
F02:0004       ;
F02:0005       ;
F02:0006       ; he he he ha
F02:0007       
F02:0008         .include "libacia.s"
F03:0001       ;       ------------------ 6551 ACIA Subroutine Library -------------------
F03:0002       ; Includes:
F03:0003       ; acia_init       - Initializes the ACIA
F03:0004       ; print_hex_acia  - Prints a hex value in A
F03:0005       ; crlf		  - Prints <CR> followed by <LF>
F03:0006       ; clear_display   - Sends a <CLS> command
F03:0007       ; txpoll          - Polls the TX bit to see if the ACIA is ready
F03:0008       ; print_chara     - Prints a Character that is stored in A
F03:0009       ; print_char_acia - Same as print_chara
F03:0010       ; ascii_home      - Home the cursor
F03:0011       ; w_acia_full     - Print a NULL-Termintated String with >HIGH in Y and <LOW in X
F03:0012       
F03:0013       acia_init:
F03:0014         pha
               S02:00002685:  48
F03:0015         lda #%00001011          ; No parity, no echo, no interrupt
               S02:00002686:  A9 0B
F03:0016         sta $8002
               S02:00002688:  8D 02 80
F03:0017         lda #%00011111          ; 1 stop bit, 8 data bits, 19200 baud
               S02:0000268B:  A9 1F
F03:0018         sta $8003
               S02:0000268D:  8D 03 80
F03:0019         pla
               S02:00002690:  68
F03:0020         rts
               S02:00002691:  60
F03:0021       
F03:0022       print_hex_acia:
F03:0023         pha
               S02:00002692:  48
F03:0024         ror
               S02:00002693:  6A
F03:0025         ror
               S02:00002694:  6A
F03:0026         ror
               S02:00002695:  6A
F03:0027         ror
               S02:00002696:  6A
F03:0028         jsr print_nybble   ; This is just som usful hex cod
               S02:00002697:  20 9B 26
F03:0029         pla
               S02:0000269A:  68
F03:0030       print_nybble:
F03:0031         and #15
               S02:0000269B:  29 0F
F03:0032         cmp #10
               S02:0000269D:  C9 0A
F03:0033         bmi .skipletter
               S02:0000269F:  30 02
F03:0034         adc #6
               S02:000026A1:  69 06
F03:0035       .skipletter
F03:0036         adc #48
               S02:000026A3:  69 30
F03:0037        ; jsr print_char
F03:0038         jsr print_chara
               S02:000026A5:  20 D5 26
F03:0039         rts
               S02:000026A8:  60
F03:0040       
F03:0041       crlf:
F03:0042         pha
               S02:000026A9:  48
F03:0043         phx
               S02:000026AA:  DA
F03:0044         phy
               S02:000026AB:  5A
F03:0045         lda #$0d
               S02:000026AC:  A9 0D
F03:0046         jsr print_chara
               S02:000026AE:  20 D5 26
F03:0047         lda #$0a
               S02:000026B1:  A9 0A
F03:0048         jsr print_chara
               S02:000026B3:  20 D5 26
F03:0049         ply
               S02:000026B6:  7A
F03:0050         plx
               S02:000026B7:  FA
F03:0051         pla
               S02:000026B8:  68
F03:0052         rts
               S02:000026B9:  60
F03:0053       
F03:0054       cleardisplay:
F03:0055         pha
               S02:000026BA:  48
F03:0056         jsr txpoll  ; Poll the TX bit
               S02:000026BB:  20 C5 26
F03:0057         lda #12     ; Print decimal 12 (CLS)
               S02:000026BE:  A9 0C
F03:0058         sta $8000
               S02:000026C0:  8D 00 80
F03:0059         pla
               S02:000026C3:  68
F03:0060         rts
               S02:000026C4:  60
F03:0061       
F03:0062       txpoll:
F03:0063         lda $8001
               S02:000026C5:  AD 01 80
F03:0064         and #$10    ; Poll the TX bit
               S02:000026C8:  29 10
F03:0065         beq txpoll
               S02:000026CA:  F0 F9
F03:0066         rts
               S02:000026CC:  60
F03:0067       
F03:0068       rxpoll:
F03:0069         lda $8001
               S02:000026CD:  AD 01 80
F03:0070         and #$08    ; Poll the RX bit
               S02:000026D0:  29 08
F03:0071         beq rxpoll
               S02:000026D2:  F0 F9
F03:0072         rts
               S02:000026D4:  60
F03:0073       
F03:0074       
F03:0075       print_chara:
F03:0076         pha
               S02:000026D5:  48
F03:0077         jsr txpoll  ; Poll the TX bit
               S02:000026D6:  20 C5 26
F03:0078         pla
               S02:000026D9:  68
F03:0079         sta $8000   ; Print character from A
               S02:000026DA:  8D 00 80
F03:0080         rts
               S02:000026DD:  60
F03:0081       
F03:0082       print_char_acia:
F03:0083         jmp print_chara  ; Same as "print_chara"
               S02:000026DE:  4C D5 26
F03:0084       
F03:0085       ascii_home:
F03:0086         pha
               S02:000026E1:  48
F03:0087         lda #1
               S02:000026E2:  A9 01
F03:0088         jsr print_chara  ; Print 1 (HOME)
               S02:000026E4:  20 D5 26
F03:0089         pla
               S02:000026E7:  68
F03:0090         rts
               S02:000026E8:  60
F03:0091       
F03:0092       w_acia_full:
F03:0093         pha
               S02:000026E9:  48
F03:0094         lda $ff
               S02:000026EA:  A5 FF
F03:0095         pha        ; Push Previous States onto the stack
               S02:000026EC:  48
F03:0096         lda $fe
               S02:000026ED:  A5 FE
F03:0097         pha
               S02:000026EF:  48
F03:0098         sty $ff    ; Set Y as the Upper Address (8-15)
               S02:000026F0:  84 FF
F03:0099         stx $fe    ; Set X as the Lower Adderss (0-7)
               S02:000026F2:  86 FE
F03:0100         ldy #0
               S02:000026F4:  A0 00
F03:0101       acia_man:
F03:0102         jsr txpoll   ; Poll TX
               S02:000026F6:  20 C5 26
F03:0103         lda ($fe),y  ; Load the Address
               S02:000026F9:  B1 FE
F03:0104         sta $8000    ; Print what is at the address
               S02:000026FB:  8D 00 80
F03:0105         beq endwacia ; If Done, End
               S02:000026FE:  F0 04
F03:0106         iny          ; Next Character
               S02:00002700:  C8
F03:0107         jmp acia_man ; Back to the top
               S02:00002701:  4C F6 26
F03:0108       endwacia:
F03:0109         pla
               S02:00002704:  68
F03:0110         sta $fe
               S02:00002705:  85 FE
F03:0111         pla          ; Restore Variables
               S02:00002707:  68
F03:0112         sta $ff
               S02:00002708:  85 FF
F03:0113         pla
               S02:0000270A:  68
F03:0114         rts
               S02:0000270B:  60
F03:0115       
F02:0009       
F02:0010       textstart:
F02:0011         ldx #0
               S02:0000270C:  A2 00
F02:0012       loop1:
F02:0013         lda text_01,x
               S02:0000270E:  BD 6D 28
F02:0014         sta $8001
               S02:00002711:  8D 01 80
F02:0015         beq loop_end
               S02:00002714:  F0 04
F02:0016         inx
               S02:00002716:  E8
F02:0017         jmp loop1
               S02:00002717:  4C 0E 27
F02:0018       loop_end:
F02:0019         ldy #4
               S02:0000271A:  A0 04
F02:0020       waitloop:
F02:0021         jsr wait
               S02:0000271C:  20 E3 28
F02:0022         dey
               S02:0000271F:  88
F02:0023         bne waitloop
               S02:00002720:  D0 FA
F02:0024         ldx #64
               S02:00002722:  A2 40
F02:0025         lda #8
               S02:00002724:  A9 08
F02:0026       downloop:
F02:0027         sta $8001
               S02:00002726:  8D 01 80
F02:0028         lda $14
               S02:00002729:  A5 14
F02:0029         sta $8001
               S02:0000272B:  8D 01 80
F02:0030         dex
               S02:0000272E:  CA
F02:0031         bne downloop
               S02:0000272F:  D0 F5
F02:0032       
F02:0033       text2:
F02:0034         ldx #0
               S02:00002731:  A2 00
F02:0035       loop2:
F02:0036         lda text_03,x
               S02:00002733:  BD C6 28
F02:0037         sta $8001
               S02:00002736:  8D 01 80
F02:0038         beq loop_end2
               S02:00002739:  F0 04
F02:0039         inx
               S02:0000273B:  E8
F02:0040         jmp loop2
               S02:0000273C:  4C 33 27
F02:0041       loop_end2:
F02:0042         ldy #4
               S02:0000273F:  A0 04
F02:0043       waitloop2:
F02:0044         jsr wait
               S02:00002741:  20 E3 28
F02:0045         dey
               S02:00002744:  88
F02:0046         bne waitloop2
               S02:00002745:  D0 FA
F02:0047         ldx #64
               S02:00002747:  A2 40
F02:0048         lda #8
               S02:00002749:  A9 08
F02:0049       downloop2:
F02:0050         sta $8001
               S02:0000274B:  8D 01 80
F02:0051         lda $14
               S02:0000274E:  A5 14
F02:0052         sta $8001
               S02:00002750:  8D 01 80
F02:0053         dex
               S02:00002753:  CA
F02:0054         bne downloop2
               S02:00002754:  D0 F5
F02:0055       
F02:0056       text_ii:
F02:0057         lda text_data,x
               S02:00002756:  BD 78 27
F02:0058         sta $8001
               S02:00002759:  8D 01 80
F02:0059         beq loop_end
               S02:0000275C:  F0 BC
F02:0060         inx
               S02:0000275E:  E8
F02:0061         ldy #$aa ; AAAAAAAAAAAAAAAAA
               S02:0000275F:  A0 AA
F02:0062       notdelay:
F02:0063         iny
               S02:00002761:  C8
F02:0064         bne notdelay
               S02:00002762:  D0 FD
F02:0065       
F02:0066         jmp text_ii
               S02:00002764:  4C 56 27
F02:0067         
F02:0068         ldx #<text_02
               S02:00002767:  A2 AF
F02:0069         ldy #>text_02
               S02:00002769:  A0 28
F02:0070         jsr w_acia_full
               S02:0000276B:  20 E9 26
F02:0071       
F02:0072         ldx #<endtext
               S02:0000276E:  A2 DD
F02:0073         ldy #>endtext
               S02:00002770:  A0 28
F02:0074         jsr w_acia_full
               S02:00002772:  20 E9 26
F02:0075       
F02:0076       loope:
F02:0077         jmp loop
               S02:00002775:  4C 17 0F
F02:0078       
F02:0079       text_data:
F02:0080         .byte $18, $08, "40 character text", $0d, $0a
               S02:00002778:  18
               S02:00002779:  08
               S02:0000277A:  34 30 20 63 68 61 72 61 63 74 65 72 20 74 65 78
               S02:0000278A:  74
               S02:0000278B:  0D
               S02:0000278C:  0A
F02:0081         .byte $18, $01, "80 character text", $0d, $0a
               S02:0000278D:  18
               S02:0000278E:  01
               S02:0000278F:  38 30 20 63 68 61 72 61 63 74 65 72 20 74 65 78
               S02:0000279F:  74
               S02:000027A0:  0D
               S02:000027A1:  0A
F02:0082         .byte $18, $02, "40 character bold text", $0d, $0a
               S02:000027A2:  18
               S02:000027A3:  02
               S02:000027A4:  34 30 20 63 68 61 72 61 63 74 65 72 20 62 6F 6C
               S02:000027B4:  64 20 74 65 78 74
               S02:000027BA:  0D
               S02:000027BB:  0A
F02:0083         .byte $18, $03, "80 character bold text", $0d, $0a
               S02:000027BC:  18
               S02:000027BD:  03
               S02:000027BE:  38 30 20 63 68 61 72 61 63 74 65 72 20 62 6F 6C
               S02:000027CE:  64 20 74 65 78 74
               S02:000027D4:  0D
               S02:000027D5:  0A
F02:0084         .byte $18, $04, "40 character double height text", $0d, $0a
               S02:000027D6:  18
               S02:000027D7:  04
               S02:000027D8:  34 30 20 63 68 61 72 61 63 74 65 72 20 64 6F 75
               S02:000027E8:  62 6C 65 20 68 65 69 67 68 74 20 74 65 78 74
               S02:000027F7:  0D
               S02:000027F8:  0A
F02:0085         .byte $18, $05, "80 character double height text", $0d, $0a
               S02:000027F9:  18
               S02:000027FA:  05
               S02:000027FB:  38 30 20 63 68 61 72 61 63 74 65 72 20 64 6F 75
               S02:0000280B:  62 6C 65 20 68 65 69 67 68 74 20 74 65 78 74
               S02:0000281A:  0D
               S02:0000281B:  0A
F02:0086         .byte $18, $06, "40 character double height bold text", $0d, $0a
               S02:0000281C:  18
               S02:0000281D:  06
               S02:0000281E:  34 30 20 63 68 61 72 61 63 74 65 72 20 64 6F 75
               S02:0000282E:  62 6C 65 20 68 65 69 67 68 74 20 62 6F 6C 64 20
               S02:0000283E:  0D
               S02:0000283F:  0A
F02:0087         .byte $18, $07, "80 character double height bold text", $0d, $0a
               S02:00002844:  18
               S02:00002845:  07
               S02:00002846:  38 30 20 63 68 61 72 61 63 74 65 72 20 64 6F 75
               S02:00002856:  62 6C 65 20 68 65 69 67 68 74 20 62 6F 6C 64 20
               S02:00002866:  0D
               S02:00002867:  0A
F02:0088         .byte $00
               S02:0000286C:  00
F02:0089       
F02:0090       text_01:
F02:0091       ;   empty cursor|clear| column | Row      |
F02:0092         .byte $01, $20, $0c, $0e, $12, $0f, $0c, "This is a demonstration of the capabilities of the XPL-32.", $00
               S02:0000286D:  01
               S02:0000286E:  20
               S02:0000286F:  0C
               S02:00002870:  0E
               S02:00002871:  12
               S02:00002872:  0F
               S02:00002873:  0C
               S02:00002874:  54 68 69 73 20 69 73 20 61 20 64 65 6D 6F 6E 73
               S02:00002884:  74 72 61 74 69 6F 6E 20 6F 66 20 74 68 65 20 63
               S02:00002894:  00
F02:0093       text_02:
F02:0094         .byte $18, $06, $0c, $0e, $10, $0f, $0c, "And graphics...", $00
               S02:000028AF:  18
               S02:000028B0:  06
               S02:000028B1:  0C
               S02:000028B2:  0E
               S02:000028B3:  10
               S02:000028B4:  0F
               S02:000028B5:  0C
               S02:000028B6:  41 6E 64 20 67 72 61 70 68 69 63 73 2E 2E 2E
               S02:000028C5:  00
F02:0095       text_03:
F02:0096         .byte $18, $06, $0c, $0e, $10, $0f, $0c, "   Text Mode...", $00
               S02:000028C6:  18
               S02:000028C7:  06
               S02:000028C8:  0C
               S02:000028C9:  0E
               S02:000028CA:  10
               S02:000028CB:  0F
               S02:000028CC:  0C
               S02:000028CD:  20 20 20 54 65 78 74 20 4D 6F 64 65 2E 2E 2E
               S02:000028DC:  00
F02:0097       
F02:0098       endtext:
F02:0099         .byte $08, $16, $00
               S02:000028DD:  08
               S02:000028DE:  16
               S02:000028DF:  00
F02:0100       
F00:0029       
F00:0030       ;  .macro vdp_write_vram			; macro to store address in vdp_reg for write
F00:0031       ;  pha
F00:0032       ;  lda #<(\1)
F00:0033       ;  sta VDP_REG
F00:0034       ;  lda #(VDP_WRITE_VRAM_BIT | >\1)
F00:0035       ;  sta VDP_REG
F00:0036       ;  pla
F00:0037       ;  .endm
F00:0038       ;;;;;;;;;;;;;;;;;;; reset ;;;;;;;;;;;;;;;;;;;
F00:0039       
F00:0040       reset:
F00:0041       
F00:0042       ;;;;;;;;;;;;;;;;;;; setup subroutines ;;;;;;;;;;;;;;;;;;;;;;;
F00:0043       
F00:0044         jmp textstart
               S02:000028E0:  4C 0C 27
F00:0045       
F00:0046       wait:
F00:0047       	phx
               S02:000028E3:  DA
F00:0048       	phy
               S02:000028E4:  5A
F00:0049               ldy  #$ff
               S02:000028E5:  A0 FF
F00:0050               ldx  #$ff
               S02:000028E7:  A2 FF
F00:0051       delay   dex          ; (2 cycles)
               S02:000028E9:  CA
F00:0052               bne  delay   ; (3 cycles in loop, 2 cycles at end)
               S02:000028EA:  D0 FD
F00:0053               dey          ; (2 cycles)
               S02:000028EC:  88
F00:0054               bne  delay   ; (3 cycles in loop, 2 cycles at end)
               S02:000028ED:  D0 FA
F00:0055       	ply
               S02:000028EF:  7A
F00:0056       	plx
               S02:000028F0:  FA
F00:0057       	rts
               S02:000028F1:  60
F00:0058       
F00:0059       
F00:0060       


Sections:
S01  segf00
S02  seg1000


Sources:
F00  demo.s
F01  sys.s
F02  text.s
F03  libacia.s


Symbols:
delay EXPR(10473=0x28e9) ABS 
reset EXPR(10464=0x28e0) UNUSED ABS 
loope EXPR(10101=0x2775) UNUSED ABS 
endtext EXPR(10461=0x28dd) ABS 
text_02 EXPR(10415=0x28af) ABS 
notdelay EXPR(10081=0x2761) ABS 
text_data EXPR(10104=0x2778) ABS 
text_ii EXPR(10070=0x2756) ABS 
downloop2 EXPR(10059=0x274b) ABS 
waitloop2 EXPR(10049=0x2741) ABS 
loop_end2 EXPR(10047=0x273f) ABS 
text_03 EXPR(10438=0x28c6) ABS 
loop2 EXPR(10035=0x2733) ABS 
text2 EXPR(10033=0x2731) UNUSED ABS 
downloop EXPR(10022=0x2726) ABS 
wait EXPR(10467=0x28e3) ABS 
waitloop EXPR(10012=0x271c) ABS 
loop_end EXPR(10010=0x271a) ABS 
text_01 EXPR(10349=0x286d) ABS 
loop1 EXPR(9998=0x270e) ABS 
textstart EXPR(9996=0x270c) ABS 
endwacia EXPR(9988=0x2704) ABS 
acia_man EXPR(9974=0x26f6) ABS 
w_acia_full EXPR(9961=0x26e9) ABS 
ascii_home EXPR(9953=0x26e1) UNUSED ABS 
print_char_acia EXPR(9950=0x26de) UNUSED ABS 
rxpoll EXPR(9933=0x26cd) ABS 
txpoll EXPR(9925=0x26c5) ABS 
cleardisplay EXPR(9914=0x26ba) UNUSED ABS 
crlf EXPR(9897=0x26a9) UNUSED ABS 
print_chara EXPR(9941=0x26d5) ABS 
 print_nybble skipletter EXPR(9891=0x26a3) ABS 
print_nybble EXPR(9883=0x269b) ABS 
print_hex_acia EXPR(9874=0x2692) UNUSED ABS 
acia_init EXPR(9861=0x2685) UNUSED ABS 
L1786 EXPR(6022=0x1786) ABS 
L1776 EXPR(6006=0x1776) ABS 
L1768 EXPR(5992=0x1768) ABS 
L175a EXPR(5978=0x175a) ABS 
L173c EXPR(5948=0x173c) ABS 
L1748 EXPR(5960=0x1748) ABS 
L1730 EXPR(5936=0x1730) ABS 
L171d EXPR(5917=0x171d) ABS 
L170b EXPR(5899=0x170b) ABS 
L1702 EXPR(5890=0x1702) ABS 
L16f4 EXPR(5876=0x16f4) ABS 
L16e2 EXPR(5858=0x16e2) ABS 
L16d9 EXPR(5849=0x16d9) ABS 
L16f7 EXPR(5879=0x16f7) ABS 
L16cb EXPR(5835=0x16cb) ABS 
L1720 EXPR(5920=0x1720) ABS 
L16c0 EXPR(5824=0x16c0) ABS 
L16ad EXPR(5805=0x16ad) ABS 
L169e EXPR(5790=0x169e) ABS 
L1695 EXPR(5781=0x1695) ABS 
L167b EXPR(5755=0x167b) ABS 
L1672 EXPR(5746=0x1672) ABS 
L1658 EXPR(5720=0x1658) ABS 
L164f EXPR(5711=0x164f) ABS 
L1638 EXPR(5688=0x1638) ABS 
L1629 EXPR(5673=0x1629) ABS 
L1620 EXPR(5664=0x1620) ABS 
L168a EXPR(5770=0x168a) ABS 
L1615 EXPR(5653=0x1615) ABS 
L1667 EXPR(5735=0x1667) ABS 
L1644 EXPR(5700=0x1644) ABS 
L1607 EXPR(5639=0x1607) ABS 
L16b8 EXPR(5816=0x16b8) ABS 
L15fc EXPR(5628=0x15fc) ABS 
L15ea EXPR(5610=0x15ea) ABS 
L15d2 EXPR(5586=0x15d2) ABS 
L15e2 EXPR(5602=0x15e2) ABS 
L15f4 EXPR(5620=0x15f4) ABS 
L15ae EXPR(5550=0x15ae) ABS 
L1584 EXPR(5508=0x1584) ABS 
L1547 EXPR(5447=0x1547) ABS 
L151c EXPR(5404=0x151c) ABS 
L154f EXPR(5455=0x154f) ABS 
L14e7 EXPR(5351=0x14e7) ABS 
L14c1 EXPR(5313=0x14c1) ABS 
L14aa EXPR(5290=0x14aa) ABS 
L1499 EXPR(5273=0x1499) ABS 
L1472 EXPR(5234=0x1472) ABS 
L144f EXPR(5199=0x144f) ABS 
L13f5 EXPR(5109=0x13f5) ABS 
L142a EXPR(5162=0x142a) ABS 
L13b2 EXPR(5042=0x13b2) ABS 
L137c EXPR(4988=0x137c) ABS 
L1352 EXPR(4946=0x1352) ABS 
L12e0 EXPR(4832=0x12e0) ABS 
L1302 EXPR(4866=0x1302) ABS 
L1310 EXPR(4880=0x1310) ABS 
L132f EXPR(4911=0x132f) ABS 
L129f EXPR(4767=0x129f) ABS 
L12a9 EXPR(4777=0x12a9) ABS 
L12b3 EXPR(4787=0x12b3) ABS 
L128f EXPR(4751=0x128f) ABS 
L12cc EXPR(4812=0x12cc) ABS 
L1275 EXPR(4725=0x1275) ABS 
L125c EXPR(4700=0x125c) ABS 
L1254 EXPR(4692=0x1254) ABS 
L124b EXPR(4683=0x124b) ABS 
L1232 EXPR(4658=0x1232) ABS 
L12d1 EXPR(4817=0x12d1) ABS 
L1264 EXPR(4708=0x1264) ABS 
L14ea EXPR(5354=0x14ea) ABS 
L1218 EXPR(4632=0x1218) ABS 
L1353 EXPR(4947=0x1353) ABS 
L1210 EXPR(4624=0x1210) ABS 
L1215 EXPR(4629=0x1215) ABS 
L11fc EXPR(4604=0x11fc) ABS 
L11fa EXPR(4602=0x11fa) ABS 
S202d EXPR(8237=0x202d) ABS 
L115c EXPR(4444=0x115c) ABS 
L1106 EXPR(4358=0x1106) UNUSED ABS 
L11f2 EXPR(4594=0x11f2) ABS 
L1774 EXPR(6004=0x1774) ABS 
L1103 EXPR(4355=0x1103) ABS 
L1034 EXPR(4148=0x1034) UNUSED ABS 
L1031 EXPR(4145=0x1031) ABS 
S1100 EXPR(4352=0x1100) ABS 
L1000 EXPR(4096=0x1000) UNUSED ABS 
initsid2 EXPR(9814=0x2656) ABS 
PlaySid EXPR(9823=0x265f) ABS 
putbut EXPR(3904=0xf40) ABS 
loop EXPR(3863=0xf17) ABS 
InitSid EXPR(3885=0xf2d) ABS 
irq EXPR(3866=0xf1a) ABS 
init EXPR(3840=0xf00) UNUSED ABS 
d418_sFiltMode EXPR(47128=0xb818) EQU 
d417_sFiltControl EXPR(47127=0xb817) EQU 
d416_sFiltFreqHi EXPR(47126=0xb816) EQU 
d415_sFiltFreqLo EXPR(47125=0xb815) UNUSED EQU 
d414_sVoc3SusRel EXPR(47124=0xb814) UNUSED EQU 
d413_sVoc3AttDec EXPR(47123=0xb813) UNUSED EQU 
d412_sVoc3Control EXPR(47122=0xb812) UNUSED EQU 
d411_sVoc3PWidthHi EXPR(47121=0xb811) UNUSED EQU 
d410_sVoc3PWidthLo EXPR(47120=0xb810) UNUSED EQU 
d40f_sVoc3FreqHi EXPR(47119=0xb80f) UNUSED EQU 
d40e_sVoc3FreqLo EXPR(47118=0xb80e) UNUSED EQU 
d40d_sVoc2SusRel EXPR(47117=0xb80d) UNUSED EQU 
d40c_sVoc2AttDec EXPR(47116=0xb80c) UNUSED EQU 
d40b_sVoc2Control EXPR(47115=0xb80b) UNUSED EQU 
d40a_sVoc2PWidthHi EXPR(47114=0xb80a) UNUSED EQU 
d409_sVoc2PWidthLo EXPR(47113=0xb809) UNUSED EQU 
d408_sVoc2FreqHi EXPR(47112=0xb808) UNUSED EQU 
d407_sVoc2FreqLo EXPR(47111=0xb807) UNUSED EQU 
d406_sVoc1SusRel EXPR(47110=0xb806) EQU 
d405_sVoc1AttDec EXPR(47109=0xb805) EQU 
d404_sVoc1Control EXPR(47108=0xb804) EQU 
d403_sVoc1PWidthHi EXPR(47107=0xb803) EQU 
d402_sVoc1PWidthLo EXPR(47106=0xb802) EQU 
d401_sVoc1FreqHi EXPR(47105=0xb801) EQU 
d400_sVoc1FreqLo EXPR(47104=0xb800) EQU 
VDP_NAME_POINTER EXPR(50=0x32) UNUSED EQU 
VDP_PATTERN_INIT_HI EXPR(49=0x31) UNUSED EQU 
VDP_PATTERN_INIT EXPR(48=0x30) UNUSED EQU 
TEXT_LOC EXPR(255=0xff) UNUSED EQU 
VDP_PATTERN_TABLE_BASE EXPR(2048=0x800) UNUSED EQU 
VDP_NAME_TABLE_BASE EXPR(0=0x0) UNUSED EQU 
VDP_REGISTER_BITS EXPR(128=0x80) UNUSED EQU 
VDP_WRITE_VRAM_BIT EXPR(64=0x40) UNUSED EQU 
VDP_REG EXPR(34817=0x8801) UNUSED EQU 
VDP_VRAM EXPR(34816=0x8800) UNUSED EQU 
__RPTCNT EXPR(-1=0xffff) INTERNAL 
__VASM EXPR(0=0x0) INTERNAL 

There have been no errors.
