F00:0001       
F00:0002         .org $0f00
F00:0003         .include "sys.s"
F01:0001       d400_sVoc1FreqLo = $b800
F01:0002       d401_sVoc1FreqHi = $b801
F01:0003       d402_sVoc1PWidthLo = $b802
F01:0004       d403_sVoc1PWidthHi = $b803
F01:0005       d404_sVoc1Control = $b804
F01:0006       d405_sVoc1AttDec = $b805
F01:0007       d406_sVoc1SusRel = $b806
F01:0008       d407_sVoc2FreqLo = $b807
F01:0009       d408_sVoc2FreqHi = $b808
F01:0010       d409_sVoc2PWidthLo = $b809
F01:0011       d40a_sVoc2PWidthHi = $b80a
F01:0012       d40b_sVoc2Control = $b80b
F01:0013       d40c_sVoc2AttDec = $b80c
F01:0014       d40d_sVoc2SusRel = $b80d
F01:0015       d40e_sVoc3FreqLo = $b80e
F01:0016       d40f_sVoc3FreqHi = $b80f
F01:0017       d410_sVoc3PWidthLo = $b810
F01:0018       d411_sVoc3PWidthHi = $b811
F01:0019       d412_sVoc3Control = $b812
F01:0020       d413_sVoc3AttDec = $b813
F01:0021       d414_sVoc3SusRel = $b814
F01:0022       d415_sFiltFreqLo = $b815
F01:0023       d416_sFiltFreqHi = $b816
F01:0024       d417_sFiltControl = $b817
F01:0025       d418_sFiltMode = $b818
F01:0026       
F01:0027       init:
F01:0028         sei
               S01:00000F00:  78
F01:0029         lda #<irq
               S01:00000F01:  A9 1A
F01:0030         sta $7ffe
               S01:00000F03:  8D FE 7F
F01:0031         lda #>irq
               S01:00000F06:  A9 0F
F01:0032         sta $7fff
               S01:00000F08:  8D FF 7F
F01:0033         lda #$c0
               S01:00000F0B:  A9 C0
F01:0034         sta $b00e
               S01:00000F0D:  8D 0E B0
F01:0035         ; IRQ Inits Go Here
F01:0036         lda #0 ; Song Numbehr
               S01:00000F10:  A9 00
F01:0037         jsr InitSid
               S01:00000F12:  20 2D 0F
F01:0038         cli
               S01:00000F15:  58
F01:0039         nop
               S01:00000F16:  EA
F01:0040       ; You can put code you want to run in the backround here.
F01:0041       loop:
F01:0042         jmp textstart
               S01:00000F17:  4C 85 26
F01:0043       irq:
F01:0044         pha
               S01:00000F1A:  48
F01:0045         phx
               S01:00000F1B:  DA
F01:0046         phy
               S01:00000F1C:  5A
F01:0047         ; IRQ code goes here
F01:0048         lda #$40
               S01:00000F1D:  A9 40
F01:0049         sta $b00d
               S01:00000F1F:  8D 0D B0
F01:0050         jsr putbut
               S01:00000F22:  20 40 0F
F01:0051         jsr PlaySid
               S01:00000F25:  20 5F 26
F01:0052         nop
               S01:00000F28:  EA
F01:0053         ply
               S01:00000F29:  7A
F01:0054         plx
               S01:00000F2A:  FA
F01:0055         pla
               S01:00000F2B:  68
F01:0056         rti
               S01:00000F2C:  40
F01:0057       InitSid             ldx #$63
               S01:00000F2D:  A2 63
F01:0058                           stx $b004
               S01:00000F2F:  8E 04 B0
F01:0059                           stx $b007
               S01:00000F32:  8E 07 B0
F01:0060                           ldy #$26
               S01:00000F35:  A0 26
F01:0061                           sty $b005
               S01:00000F37:  8C 05 B0
F01:0062                           sty $b006
               S01:00000F3A:  8C 06 B0
F01:0063       
F01:0064                           jmp initsid2
               S01:00000F3D:  4C 56 26
F01:0065       
F01:0066       putbut              ldx #$63
               S01:00000F40:  A2 63
F01:0067                           stx $b004
               S01:00000F42:  8E 04 B0
F01:0068                           stx $b007
               S01:00000F45:  8E 07 B0
F01:0069                           ldy #$26
               S01:00000F48:  A0 26
F01:0070                           sty $b005
               S01:00000F4A:  8C 05 B0
F01:0071                           sty $b006
               S01:00000F4D:  8C 06 B0
F01:0072                           rts
               S01:00000F50:  60
F01:0073       
F01:0074       
F01:0075       	.org $1000
F01:0076       
F01:0077       L1000               sei
               S02:00001000:  78
F01:0078                           lda #$01
               S02:00001001:  A9 01
F01:0079                           sta $b800
               S02:00001003:  8D 00 B8
F01:0080                           lda #$7f
               S02:00001006:  A9 7F
F01:0081                           sta $dc0d
               S02:00001008:  8D 0D DC
F01:0082                           lda #$35
               S02:0000100B:  A9 35
F01:0083                           sta $01
               S02:0000100D:  85 01
F01:0084                           lda #$00
               S02:0000100F:  A9 00
F01:0085                           ldx #$00
               S02:00001011:  A2 00
F01:0086                           ldy #$00
               S02:00001013:  A0 00
F01:0087                           jsr S1100
               S02:00001015:  20 00 11
F01:0088                           lda #$37
               S02:00001018:  A9 37
F01:0089                           sta $01
               S02:0000101A:  85 01
F01:0090                           lda #$34
               S02:0000101C:  A9 34
F01:0091                           sta $0314
               S02:0000101E:  8D 14 03
F01:0092                           lda #$10
               S02:00001021:  A9 10
F01:0093                           sta $0315
               S02:00001023:  8D 15 03
F01:0094                           lda #$3a
               S02:00001026:  A9 3A
F01:0095                           sta $b800
               S02:00001028:  8D 00 B8
F01:0096                           lda #$1b
               S02:0000102B:  A9 1B
F01:0097                           sta $d011
               S02:0000102D:  8D 11 D0
F01:0098                           cli
               S02:00001030:  58
F01:0099       L1031               jmp L1031
               S02:00001031:  4C 31 10
F01:0100                           
F01:0101       L1034               lda #$01
               S02:00001034:  A9 01
F01:0102                           sta $b800
               S02:00001036:  8D 00 B8
F01:0103                           lda #$35
               S02:00001039:  A9 35
F01:0104                           sta $01
               S02:0000103B:  85 01
F01:0105                           dec $b800
               S02:0000103D:  CE 00 B8
F01:0106                           jsr L1103
               S02:00001040:  20 03 11
F01:0107                           inc $b800
               S02:00001043:  EE 00 B8
F01:0108                           lda #$37
               S02:00001046:  A9 37
F01:0109                           sta $01
               S02:00001048:  85 01
F01:0110                           inc $104e
               S02:0000104A:  EE 4E 10
F01:0111                           lda #$78
               S02:0000104D:  A9 78
F01:0112                           and #$01
               S02:0000104F:  29 01
F01:0113                           tax
               S02:00001051:  AA
F01:0114                           lda $105b,x
               S02:00001052:  BD 5B 10
F01:0115                           sta $b800
               S02:00001055:  8D 00 B8
F01:0116                           jmp $ea7e
               S02:00001058:  4C 7E EA
F01:0117       
F01:0118       	.binary "sys1.bin"
               S02:0000105B:  3A CA BF BF 0B BF BF 0B 00 06 00 00 00 00 00 00
               S02:0000106B:  00 00 00 00 00 00 00 00 00 00 00 00 00 00 00 00
F01:0119       
F01:0120       S1100               jmp L1774
               S02:00001100:  4C 74 17
F01:0121                           
F01:0122       L1103               jmp L11f2
               S02:00001103:  4C F2 11
F01:0123                           
F01:0124       L1106               and $4d20
               S02:00001106:  2D 20 4D
F01:0125                           eor $53,x
               S02:00001109:  55 53
F01:0126                           eor #$43
               S02:0000110B:  49 43
F01:0127                           jsr $5942
               S02:0000110D:  20 42 59
F01:0128                           jsr $4d41
               S02:00001110:  20 41 4D
F01:0129                           lsr a
               S02:00001113:  4A
F01:0130                           bit $4e20
               S02:00001114:  2C 20 4E
F01:0131                           eor ($4d,x)
               S02:00001117:  41 4D
F01:0132                           eor $44
               S02:00001119:  45 44
F01:0133                           jsr $5327
               S02:0000111B:  20 27 53
F01:0134                           eor $3453,y
               S02:0000111E:  59 53 34
F01:0135                           bmi L115c
               S02:00001121:  30 39
F01:0136                           rol $27,x
               S02:00001123:  36 27
F01:0137                           jsr S202d
               S02:00001125:  20 2D 20
F01:0138       
F01:0139       	.binary "sys2.bin"
               S02:00001128:  43 4F 4E 56 45 52 54 45 44 20 42 59 20 50 41 47
               S02:00001138:  45 20 2D 20 50 4C 41 59 45 52 20 42 59 20 54 42
F01:0140       
F01:0141       L115c		    rol $04
               S02:0000115C:  26 04
F01:0142       		    rol $9b,x
               S02:0000115E:  36 9B
F01:0143       
F01:0144       	.binary "sys3.bin"
               S02:00001160:  37 7A 20 1B 1A 03 03 0F 09 02 04 E9 0A 22 23 24
               S02:00001170:  24 00 00 00 51 2B 3C 00 00 00 51 2B 3C 00 08 00
F01:0145       
F01:0146       L11f2               lda #$4f
               S02:000011F2:  A9 4F
F01:0147                           sta d418_sFiltMode
               S02:000011F4:  8D 18 B8
F01:0148                           bne L11fa
               S02:000011F7:  D0 01
F01:0149                           rts
               S02:000011F9:  60
F01:0150                           
F01:0151       L11fa               ldx #$02
               S02:000011FA:  A2 02
F01:0152       L11fc               stx $aa
               S02:000011FC:  86 AA
F01:0153                           lda $1159,x
               S02:000011FE:  BD 59 11
F01:0154                           sta $ab
               S02:00001201:  85 AB
F01:0155                           tay
               S02:00001203:  A8
F01:0156                           lda #$01
               S02:00001204:  A9 01
F01:0157                           bne L1215
               S02:00001206:  D0 0D
F01:0158                           lda $1171,x
               S02:00001208:  BD 71 11
F01:0159                           beq L1210
               S02:0000120B:  F0 03
F01:0160                           jmp L1353
               S02:0000120D:  4C 53 13
F01:0161                           
F01:0162       L1210               dec $1186,x
               S02:00001210:  DE 86 11
F01:0163                           beq L1218
               S02:00001213:  F0 03
F01:0164       L1215               jmp L14ea
               S02:00001215:  4C EA 14
F01:0165                           
F01:0166       L1218               sta $11bc,x
               S02:00001218:  9D BC 11
F01:0167                           sta d406_sVoc1SusRel,y
               S02:0000121B:  99 06 B8
F01:0168                           lda $115f,x
               S02:0000121E:  BD 5F 11
F01:0169                           sta $a5
               S02:00001221:  85 A5
F01:0170                           lda $1162,x
               S02:00001223:  BD 62 11
F01:0171                           sta $a6
               S02:00001226:  85 A6
F01:0172                           ldy L115c,x
               S02:00001228:  BC 5C 11
F01:0173                           lda ($a5),y
               S02:0000122B:  B1 A5
F01:0174                           beq L1264
               S02:0000122D:  F0 35
F01:0175                           jmp L12d1
               S02:0000122F:  4C D1 12
F01:0176                           
F01:0177       L1232               ldx $aa
               S02:00001232:  A6 AA
F01:0178                           dex
               S02:00001234:  CA
F01:0179                           bpl L11fc
               S02:00001235:  10 C5
F01:0180                           lda $1205
               S02:00001237:  AD 05 12
F01:0181                           eor #$01
               S02:0000123A:  49 01
F01:0182                           sta $1205
               S02:0000123C:  8D 05 12
F01:0183                           ldy $118c
               S02:0000123F:  AC 8C 11
F01:0184                           lda #$01
               S02:00001242:  A9 01
F01:0185                           ora #$f0
               S02:00001244:  09 F0
F01:0186                           sta d417_sFiltControl
               S02:00001246:  8D 17 B8
F01:0187                           ldy #$ef
               S02:00001249:  A0 EF
F01:0188       L124b               lda $246e,y
               S02:0000124B:  B9 6E 24
F01:0189                           bne L1254
               S02:0000124E:  D0 04
F01:0190                           dey
               S02:00001250:  88
F01:0191                           lda $246e,y
               S02:00001251:  B9 6E 24
F01:0192       L1254               cmp #$ff
               S02:00001254:  C9 FF
F01:0193                           bne L125c
               S02:00001256:  D0 04
F01:0194                           ldy #$ea
               S02:00001258:  A0 EA
F01:0195                           beq L124b
               S02:0000125A:  F0 EF
F01:0196       L125c               sta d416_sFiltFreqHi
               S02:0000125C:  8D 16 B8
F01:0197                           iny
               S02:0000125F:  C8
F01:0198                           sty $124a
               S02:00001260:  8C 4A 12
F01:0199                           rts
               S02:00001263:  60
F01:0200                           
F01:0201       L1264               sta L115c,x
               S02:00001264:  9D 5C 11
F01:0202                           sta $11d1,x
               S02:00001267:  9D D1 11
F01:0203                           lda $1165,x
               S02:0000126A:  BD 65 11
F01:0204                           beq L1275
               S02:0000126D:  F0 06
F01:0205                           dec $1165,x
               S02:0000126F:  DE 65 11
F01:0206                           jmp L12cc
               S02:00001272:  4C CC 12
F01:0207                           
F01:0208       L1275               lda $116b,x
               S02:00001275:  BD 6B 11
F01:0209                           sta $a7
               S02:00001278:  85 A7
F01:0210                           lda $116e,x
               S02:0000127A:  BD 6E 11
F01:0211                           sta $a8
               S02:0000127D:  85 A8
F01:0212                           ldy $1168,x
               S02:0000127F:  BC 68 11
F01:0213                           lda ($a7),y
               S02:00001282:  B1 A7
F01:0214                           bne L128f
               S02:00001284:  D0 09
F01:0215                           iny
               S02:00001286:  C8
F01:0216                           lda ($a7),y
               S02:00001287:  B1 A7
F01:0217                           sta $1168,x
               S02:00001289:  9D 68 11
F01:0218                           tay
               S02:0000128C:  A8
F01:0219                           lda ($a7),y
               S02:0000128D:  B1 A7
F01:0220       L128f               bpl L12b3
               S02:0000128F:  10 22
F01:0221                           cmp #$c0
               S02:00001291:  C9 C0
F01:0222                           bcc L12a9
               S02:00001293:  90 14
F01:0223                           cmp #$ff
               S02:00001295:  C9 FF
F01:0224                           bne L129f
               S02:00001297:  D0 06
F01:0225                           lda #$00
               S02:00001299:  A9 00
F01:0226                           sta L11f2 + 1
               S02:0000129B:  8D F3 11
F01:0227                           rts
               S02:0000129E:  60
F01:0228                           
F01:0229       L129f               and #$3f
               S02:0000129F:  29 3F
F01:0230                           sta $1165,x
               S02:000012A1:  9D 65 11
F01:0231                           iny
               S02:000012A4:  C8
F01:0232                           lda ($a7),y
               S02:000012A5:  B1 A7
F01:0233                           bne L12b3
               S02:000012A7:  D0 0A
F01:0234       L12a9               and #$1f
               S02:000012A9:  29 1F
F01:0235                           sta $1177,x
               S02:000012AB:  9D 77 11
F01:0236                           iny
               S02:000012AE:  C8
F01:0237                           lda ($a7),y
               S02:000012AF:  B1 A7
F01:0238                           bmi L129f
               S02:000012B1:  30 EC
F01:0239       L12b3               sta $a7
               S02:000012B3:  85 A7
F01:0240                           iny
               S02:000012B5:  C8
F01:0241                           tya
               S02:000012B6:  98
F01:0242                           sta $1168,x
               S02:000012B7:  9D 68 11
F01:0243                           ldy $a7
               S02:000012BA:  A4 A7
F01:0244                           lda $1874,y
               S02:000012BC:  B9 74 18
F01:0245                           sta $115f,x
               S02:000012BF:  9D 5F 11
F01:0246                           sta $a5
               S02:000012C2:  85 A5
F01:0247                           lda $20c7,y
               S02:000012C4:  B9 C7 20
F01:0248                           sta $1162,x
               S02:000012C7:  9D 62 11
F01:0249                           sta $a6
               S02:000012CA:  85 A6
F01:0250       L12cc               ldy L115c,x
               S02:000012CC:  BC 5C 11
F01:0251                           lda ($a5),y
               S02:000012CF:  B1 A5
F01:0252       L12d1               sta $1171,x
               S02:000012D1:  9D 71 11
F01:0253                           cmp #$60
               S02:000012D4:  C9 60
F01:0254                           bcc L132f
               S02:000012D6:  90 57
F01:0255                           cmp #$80
               S02:000012D8:  C9 80
F01:0256                           bcc L1310
               S02:000012DA:  90 34
F01:0257                           cmp #$c0
               S02:000012DC:  C9 C0
F01:0258                           bcc L1302
               S02:000012DE:  90 22
F01:0259       L12e0               and #$3f
               S02:000012E0:  29 3F
F01:0260                           sta $11bc,x
               S02:000012E2:  9D BC 11
F01:0261                           sty $a9
               S02:000012E5:  84 A9
F01:0262                           tay
               S02:000012E7:  A8
F01:0263                           lda $20e6,y
               S02:000012E8:  B9 E6 20
F01:0264                           sta $11bf,x
               S02:000012EB:  9D BF 11
F01:0265                           lda $20e7,y
               S02:000012EE:  B9 E7 20
F01:0266                           sta $11c2,x
               S02:000012F1:  9D C2 11
F01:0267                           lda $20e8,y
               S02:000012F4:  B9 E8 20
F01:0268                           sta $11c5,x
               S02:000012F7:  9D C5 11
F01:0269                           ldy $a9
               S02:000012FA:  A4 A9
F01:0270                           iny
               S02:000012FC:  C8
F01:0271                           lda ($a5),y
               S02:000012FD:  B1 A5
F01:0272                           jmp L132f
               S02:000012FF:  4C 2F 13
F01:0273                           
F01:0274       L1302               and #$3f
               S02:00001302:  29 3F
F01:0275                           sta $118c,x
               S02:00001304:  9D 8C 11
F01:0276                           iny
               S02:00001307:  C8
F01:0277                           lda ($a5),y
               S02:00001308:  B1 A5
F01:0278                           bmi L12e0
               S02:0000130A:  30 D4
F01:0279                           cmp #$60
               S02:0000130C:  C9 60
F01:0280                           bcc L132f
               S02:0000130E:  90 1F
F01:0281       L1310               and #$1f
               S02:00001310:  29 1F
F01:0282                           sta $11d1,x
               S02:00001312:  9D D1 11
F01:0283                           sty $a9
               S02:00001315:  84 A9
F01:0284                           tay
               S02:00001317:  A8
F01:0285                           lda $2434,y
               S02:00001318:  B9 34 24
F01:0286                           tay
               S02:0000131B:  A8
F01:0287                           lda $2439,y
               S02:0000131C:  B9 39 24
F01:0288                           sta $11da,x
               S02:0000131F:  9D DA 11
F01:0289                           sta $11dd,x
               S02:00001322:  9D DD 11
F01:0290                           iny
               S02:00001325:  C8
F01:0291                           tya
               S02:00001326:  98
F01:0292                           sta $11d4,x
               S02:00001327:  9D D4 11
F01:0293                           ldy $a9
               S02:0000132A:  A4 A9
F01:0294                           iny
               S02:0000132C:  C8
F01:0295                           lda ($a5),y
               S02:0000132D:  B1 A5
F01:0296       L132f               sta $1174,x
               S02:0000132F:  9D 74 11
F01:0297                           clc
               S02:00001332:  18
F01:0298                           adc $1177,x
               S02:00001333:  7D 77 11
F01:0299                           sta $117a,x
               S02:00001336:  9D 7A 11
F01:0300                           iny
               S02:00001339:  C8
F01:0301                           lda ($a5),y
               S02:0000133A:  B1 A5
F01:0302                           asl a
               S02:0000133C:  0A
F01:0303                           sec
               S02:0000133D:  38
F01:0304                           sbc #$01
               S02:0000133E:  E9 01
F01:0305                           sta $1186,x
               S02:00001340:  9D 86 11
F01:0306                           sta $1189,x
               S02:00001343:  9D 89 11
F01:0307                           iny
               S02:00001346:  C8
F01:0308                           tya
               S02:00001347:  98
F01:0309                           sta L115c,x
               S02:00001348:  9D 5C 11
F01:0310                           lda #$00
               S02:0000134B:  A9 00
F01:0311                           bne L1352
               S02:0000134D:  D0 03
F01:0312                           jmp L1232
               S02:0000134F:  4C 32 12
F01:0313                           
F01:0314       L1352               rts
               S02:00001352:  60
F01:0315                           
F01:0316       L1353               ldy $118c,x
               S02:00001353:  BC 8C 11
F01:0317                           sty $a9
               S02:00001356:  84 A9
F01:0318                           lda $23a9,y
               S02:00001358:  B9 A9 23
F01:0319                           sta $a5
               S02:0000135B:  85 A5
F01:0320                           dex
               S02:0000135D:  CA
F01:0321                           bpl L137c
               S02:0000135E:  10 1C
F01:0322                           and #$07
               S02:00001360:  29 07
F01:0323                           sta $1243
               S02:00001362:  8D 43 12
F01:0324                           lda $22e9,y
               S02:00001365:  B9 E9 22
F01:0325                           bmi L137c
               S02:00001368:  30 12
F01:0326                           tay
               S02:0000136A:  A8
F01:0327                           lda $244c,y
               S02:0000136B:  B9 4C 24
F01:0328                           tay
               S02:0000136E:  A8
F01:0329                           lda $246e,y
               S02:0000136F:  B9 6E 24
F01:0330                           sta L11f2 + 1
               S02:00001372:  8D F3 11
F01:0331                           iny
               S02:00001375:  C8
F01:0332                           sty $1259
               S02:00001376:  8C 59 12
F01:0333                           sty $124a
               S02:00001379:  8C 4A 12
F01:0334       L137c               ldx $a9
               S02:0000137C:  A6 A9
F01:0335                           ldy $ab
               S02:0000137E:  A4 AB
F01:0336                           lda $2269,x
               S02:00001380:  BD 69 22
F01:0337                           sta d405_sVoc1AttDec,y
               S02:00001383:  99 05 B8
F01:0338                           lda $22a9,x
               S02:00001386:  BD A9 22
F01:0339                           sta d406_sVoc1SusRel,y
               S02:00001389:  99 06 B8
F01:0340                           ldx $aa
               S02:0000138C:  A6 AA
F01:0341                           lda #$00
               S02:0000138E:  A9 00
F01:0342                           sta $1183,x
               S02:00001390:  9D 83 11
F01:0343                           sta $11b3,x
               S02:00001393:  9D B3 11
F01:0344                           sta $1171,x
               S02:00001396:  9D 71 11
F01:0345                           lda $a5
               S02:00001399:  A5 A5
F01:0346                           and #$20
               S02:0000139B:  29 20
F01:0347                           bne L13b2
               S02:0000139D:  D0 13
F01:0348                           sta $1195,x
               S02:0000139F:  9D 95 11
F01:0349                           sta $119e,x
               S02:000013A2:  9D 9E 11
F01:0350                           ldx $a9
               S02:000013A5:  A6 A9
F01:0351                           lda $20e9,x
               S02:000013A7:  BD E9 20
F01:0352                           sta d403_sVoc1PWidthHi,y
               S02:000013AA:  99 03 B8
F01:0353                           ldx $aa
               S02:000013AD:  A6 AA
F01:0354                           sta $1198,x
               S02:000013AF:  9D 98 11
F01:0355       L13b2               ldy $a9
               S02:000013B2:  A4 A9
F01:0356                           lda $a5
               S02:000013B4:  A5 A5
F01:0357                           and #$10
               S02:000013B6:  29 10
F01:0358                           sta $11e6,x
               S02:000013B8:  9D E6 11
F01:0359                           beq L142a
               S02:000013BB:  F0 6D
F01:0360                           lda $2369,y
               S02:000013BD:  B9 69 23
F01:0361                           sta $11ef,x
               S02:000013C0:  9D EF 11
F01:0362                           beq L13f5
               S02:000013C3:  F0 30
F01:0363                           ldx $2329,y
               S02:000013C5:  BE 29 23
F01:0364                           lda $2569,x
               S02:000013C8:  BD 69 25
F01:0365                           ldx $aa
               S02:000013CB:  A6 AA
F01:0366                           sta $11e9,x
               S02:000013CD:  9D E9 11
F01:0367                           sta $11ec,x
               S02:000013D0:  9D EC 11
F01:0368                           inc $11ec,x
               S02:000013D3:  FE EC 11
F01:0369                           tay
               S02:000013D6:  A8
F01:0370                           lda $256e,y
               S02:000013D7:  B9 6E 25
F01:0371                           sta $a7
               S02:000013DA:  85 A7
F01:0372                           ldx $25e2,y
               S02:000013DC:  BE E2 25
F01:0373                           lda $17af,x
               S02:000013DF:  BD AF 17
F01:0374                           ldy $ab
               S02:000013E2:  A4 AB
F01:0375                           sta d400_sVoc1FreqLo,y
               S02:000013E4:  99 00 B8
F01:0376                           lda $180f,x
               S02:000013E7:  BD 0F 18
F01:0377                           sta d401_sVoc1FreqHi,y
               S02:000013EA:  99 01 B8
F01:0378                           lda $a7
               S02:000013ED:  A5 A7
F01:0379                           sta d404_sVoc1Control,y
               S02:000013EF:  99 04 B8
F01:0380                           jmp L1232
               S02:000013F2:  4C 32 12
F01:0381                           
F01:0382       L13f5               ldx $2329,y
               S02:000013F5:  BE 29 23
F01:0383                           lda $2569,x
               S02:000013F8:  BD 69 25
F01:0384                           ldx $aa
               S02:000013FB:  A6 AA
F01:0385                           sta $11e9,x
               S02:000013FD:  9D E9 11
F01:0386                           sta $11ec,x
               S02:00001400:  9D EC 11
F01:0387                           inc $11ec,x
               S02:00001403:  FE EC 11
F01:0388                           tay
               S02:00001406:  A8
F01:0389                           lda $256e,y
               S02:00001407:  B9 6E 25
F01:0390                           sta $a7
               S02:0000140A:  85 A7
F01:0391                           lda $25e2,y
               S02:0000140C:  B9 E2 25
F01:0392                           clc
               S02:0000140F:  18
F01:0393                           adc $1174,x
               S02:00001410:  7D 74 11
F01:0394                           tax
               S02:00001413:  AA
F01:0395                           lda $17af,x
               S02:00001414:  BD AF 17
F01:0396                           ldy $ab
               S02:00001417:  A4 AB
F01:0397                           sta d400_sVoc1FreqLo,y
               S02:00001419:  99 00 B8
F01:0398                           lda $180f,x
               S02:0000141C:  BD 0F 18
F01:0399                           sta d401_sVoc1FreqHi,y
               S02:0000141F:  99 01 B8
F01:0400                           lda $a7
               S02:00001422:  A5 A7
F01:0401                           sta d404_sVoc1Control,y
               S02:00001424:  99 04 B8
F01:0402                           jmp L1232
               S02:00001427:  4C 32 12
F01:0403                           
F01:0404       L142a               lda $a5
               S02:0000142A:  A5 A5
F01:0405                           bpl L144f
               S02:0000142C:  10 21
F01:0406                           lda #$81
               S02:0000142E:  A9 81
F01:0407                           ldy $ab
               S02:00001430:  A4 AB
F01:0408                           sta d404_sVoc1Control,y
               S02:00001432:  99 04 B8
F01:0409                           lda #$bf
               S02:00001435:  A9 BF
F01:0410                           sta d400_sVoc1FreqLo,y
               S02:00001437:  99 00 B8
F01:0411                           sta d401_sVoc1FreqHi,y
               S02:0000143A:  99 01 B8
F01:0412                           ldy $117a,x
               S02:0000143D:  BC 7A 11
F01:0413                           lda $180f,y
               S02:00001440:  B9 0F 18
F01:0414                           sta $1192,x
               S02:00001443:  9D 92 11
F01:0415                           lda $17af,y
               S02:00001446:  B9 AF 17
F01:0416                           sta $118f,x
               S02:00001449:  9D 8F 11
F01:0417                           jmp L1472
               S02:0000144C:  4C 72 14
F01:0418                           
F01:0419       L144f               lda $21a9,y
               S02:0000144F:  B9 A9 21
F01:0420                           ldy $ab
               S02:00001452:  A4 AB
F01:0421                           sta d404_sVoc1Control,y
               S02:00001454:  99 04 B8
F01:0422                           ldy $117a,x
               S02:00001457:  BC 7A 11
F01:0423                           lda $180f,y
               S02:0000145A:  B9 0F 18
F01:0424                           sta $a7
               S02:0000145D:  85 A7
F01:0425                           lda $17af,y
               S02:0000145F:  B9 AF 17
F01:0426                           ldy $ab
               S02:00001462:  A4 AB
F01:0427                           sta d400_sVoc1FreqLo,y
               S02:00001464:  99 00 B8
F01:0428                           sta $118f,x
               S02:00001467:  9D 8F 11
F01:0429                           lda $a7
               S02:0000146A:  A5 A7
F01:0430                           sta d401_sVoc1FreqHi,y
               S02:0000146C:  99 01 B8
F01:0431                           sta $1192,x
               S02:0000146F:  9D 92 11
F01:0432       L1472               lda $a5
               S02:00001472:  A5 A5
F01:0433                           and #$40
               S02:00001474:  29 40
F01:0434                           sta $11a7,x
               S02:00001476:  9D A7 11
F01:0435                           beq L1499
               S02:00001479:  F0 1E
F01:0436                           ldy $a9
               S02:0000147B:  A4 A9
F01:0437                           lda $2329,y
               S02:0000147D:  B9 29 23
F01:0438                           sta $11aa,x
               S02:00001480:  9D AA 11
F01:0439                           lda $2369,y
               S02:00001483:  B9 69 23
F01:0440                           sta $a7
               S02:00001486:  85 A7
F01:0441                           and #$0f
               S02:00001488:  29 0F
F01:0442                           sta $11b0,x
               S02:0000148A:  9D B0 11
F01:0443                           sta $11b6,x
               S02:0000148D:  9D B6 11
F01:0444                           lda $a7
               S02:00001490:  A5 A7
F01:0445                           lsr a
               S02:00001492:  4A
F01:0446                           lsr a
               S02:00001493:  4A
F01:0447                           lsr a
               S02:00001494:  4A
F01:0448                           lsr a
               S02:00001495:  4A
F01:0449                           sta $11ad,x
               S02:00001496:  9D AD 11
F01:0450       L1499               lda $11bc,x
               S02:00001499:  BD BC 11
F01:0451                           beq L14aa
               S02:0000149C:  F0 0C
F01:0452                           lda $11c5,x
               S02:0000149E:  BD C5 11
F01:0453                           sta $11cb,x
               S02:000014A1:  9D CB 11
F01:0454                           lda $11bf,x
               S02:000014A4:  BD BF 11
F01:0455                           sta $11c8,x
               S02:000014A7:  9D C8 11
F01:0456       L14aa               lda $a5
               S02:000014AA:  A5 A5
F01:0457                           ldy $a9
               S02:000014AC:  A4 A9
F01:0458                           and #$20
               S02:000014AE:  29 20
F01:0459                           bne L14c1
               S02:000014B0:  D0 0F
F01:0460                           lda $2169,y
               S02:000014B2:  B9 69 21
F01:0461                           sta $11a1,x
               S02:000014B5:  9D A1 11
F01:0462                           sta $11a4,x
               S02:000014B8:  9D A4 11
F01:0463                           lda $2129,y
               S02:000014BB:  B9 29 21
F01:0464                           sta $119b,x
               S02:000014BE:  9D 9B 11
F01:0465       L14c1               lda $2229,y
               S02:000014C1:  B9 29 22
F01:0466                           sta $1180,x
               S02:000014C4:  9D 80 11
F01:0467                           lda $a5
               S02:000014C7:  A5 A5
F01:0468                           and #$08
               S02:000014C9:  29 08
F01:0469                           sta $117d,x
               S02:000014CB:  9D 7D 11
F01:0470                           lda $11d1,x
               S02:000014CE:  BD D1 11
F01:0471                           sta $11ce,x
               S02:000014D1:  9D CE 11
F01:0472                           beq L14e7
               S02:000014D4:  F0 11
F01:0473                           lda $11d4,x
               S02:000014D6:  BD D4 11
F01:0474                           sta $11d7,x
               S02:000014D9:  9D D7 11
F01:0475                           tay
               S02:000014DC:  A8
F01:0476                           lda $2439,y
               S02:000014DD:  B9 39 24
F01:0477                           clc
               S02:000014E0:  18
F01:0478                           adc $117a,x
               S02:000014E1:  7D 7A 11
F01:0479                           sta $11e0,x
               S02:000014E4:  9D E0 11
F01:0480       L14e7               jmp L1232
               S02:000014E7:  4C 32 12
F01:0481                           
F01:0482       L14ea               ldx $aa
               S02:000014EA:  A6 AA
F01:0483                           lda $11e6,x
               S02:000014EC:  BD E6 11
F01:0484                           beq L154f
               S02:000014EF:  F0 5E
F01:0485                           lda $11ef,x
               S02:000014F1:  BD EF 11
F01:0486                           bne L151c
               S02:000014F4:  D0 26
F01:0487                           ldy $11ec,x
               S02:000014F6:  BC EC 11
F01:0488                           lda $256e,y
               S02:000014F9:  B9 6E 25
F01:0489                           beq L151c
               S02:000014FC:  F0 1E
F01:0490                           sta $a7
               S02:000014FE:  85 A7
F01:0491                           inc $11ec,x
               S02:00001500:  FE EC 11
F01:0492                           ldx $25e2,y
               S02:00001503:  BE E2 25
F01:0493                           ldy $ab
               S02:00001506:  A4 AB
F01:0494                           lda $180f,x
               S02:00001508:  BD 0F 18
F01:0495                           sta d401_sVoc1FreqHi,y
               S02:0000150B:  99 01 B8
F01:0496                           lda $17af,x
               S02:0000150E:  BD AF 17
F01:0497                           sta d400_sVoc1FreqLo,y
               S02:00001511:  99 00 B8
F01:0498                           lda $a7
               S02:00001514:  A5 A7
F01:0499                           sta d404_sVoc1Control,y
               S02:00001516:  99 04 B8
F01:0500                           jmp L1232
               S02:00001519:  4C 32 12
F01:0501                           
F01:0502       L151c               ldy $11ec,x
               S02:0000151C:  BC EC 11
F01:0503                           lda $256e,y
               S02:0000151F:  B9 6E 25
F01:0504                           beq L1547
               S02:00001522:  F0 23
F01:0505                           sta $a7
               S02:00001524:  85 A7
F01:0506                           inc $11ec,x
               S02:00001526:  FE EC 11
F01:0507                           lda $25e2,y
               S02:00001529:  B9 E2 25
F01:0508                           clc
               S02:0000152C:  18
F01:0509                           adc $1174,x
               S02:0000152D:  7D 74 11
F01:0510                           tax
               S02:00001530:  AA
F01:0511                           ldy $ab
               S02:00001531:  A4 AB
F01:0512                           lda $180f,x
               S02:00001533:  BD 0F 18
F01:0513                           sta d401_sVoc1FreqHi,y
               S02:00001536:  99 01 B8
F01:0514                           lda $17af,x
               S02:00001539:  BD AF 17
F01:0515                           sta d400_sVoc1FreqLo,y
               S02:0000153C:  99 00 B8
F01:0516                           lda $a7
               S02:0000153F:  A5 A7
F01:0517                           sta d404_sVoc1Control,y
               S02:00001541:  99 04 B8
F01:0518                           jmp L1232
               S02:00001544:  4C 32 12
F01:0519                           
F01:0520       L1547               ldy $ab
               S02:00001547:  A4 AB
F01:0521                           sta d404_sVoc1Control,y
               S02:00001549:  99 04 B8
F01:0522                           jmp L1232
               S02:0000154C:  4C 32 12
F01:0523                           
F01:0524       L154f               lda $118c,x
               S02:0000154F:  BD 8C 11
F01:0525                           sta $a9
               S02:00001552:  85 A9
F01:0526                           lda $119e,x
               S02:00001554:  BD 9E 11
F01:0527                           bne L1584
               S02:00001557:  D0 2B
F01:0528                           lda $1195,x
               S02:00001559:  BD 95 11
F01:0529                           clc
               S02:0000155C:  18
F01:0530                           adc $119b,x
               S02:0000155D:  7D 9B 11
F01:0531                           ldy $ab
               S02:00001560:  A4 AB
F01:0532                           sta $1195,x
               S02:00001562:  9D 95 11
F01:0533                           sta d402_sVoc1PWidthLo,y
               S02:00001565:  99 02 B8
F01:0534                           lda $1198,x
               S02:00001568:  BD 98 11
F01:0535                           adc #$00
               S02:0000156B:  69 00
F01:0536                           sta $1198,x
               S02:0000156D:  9D 98 11
F01:0537                           sta d403_sVoc1PWidthHi,y
               S02:00001570:  99 03 B8
F01:0538                           dec $11a4,x
               S02:00001573:  DE A4 11
F01:0539                           bne L15ae
               S02:00001576:  D0 36
F01:0540                           inc $119e,x
               S02:00001578:  FE 9E 11
F01:0541                           lda $11a1,x
               S02:0000157B:  BD A1 11
F01:0542                           sta $11a4,x
               S02:0000157E:  9D A4 11
F01:0543                           jmp L15ae
               S02:00001581:  4C AE 15
F01:0544                           
F01:0545       L1584               lda $1195,x
               S02:00001584:  BD 95 11
F01:0546                           sec
               S02:00001587:  38
F01:0547                           sbc $119b,x
               S02:00001588:  FD 9B 11
F01:0548                           ldy $ab
               S02:0000158B:  A4 AB
F01:0549                           sta d402_sVoc1PWidthLo,y
               S02:0000158D:  99 02 B8
F01:0550                           sta $1195,x
               S02:00001590:  9D 95 11
F01:0551                           lda $1198,x
               S02:00001593:  BD 98 11
F01:0552                           adc #$ff
               S02:00001596:  69 FF
F01:0553                           sta $1198,x
               S02:00001598:  9D 98 11
F01:0554                           sta d403_sVoc1PWidthHi,y
               S02:0000159B:  99 03 B8
F01:0555                           dec $11a4,x
               S02:0000159E:  DE A4 11
F01:0556                           bne L15ae
               S02:000015A1:  D0 0B
F01:0557                           lda #$00
               S02:000015A3:  A9 00
F01:0558                           sta $119e,x
               S02:000015A5:  9D 9E 11
F01:0559                           lda $11a1,x
               S02:000015A8:  BD A1 11
F01:0560                           sta $11a4,x
               S02:000015AB:  9D A4 11
F01:0561       L15ae               lda $118f,x
               S02:000015AE:  BD 8F 11
F01:0562                           sta d400_sVoc1FreqLo,y
               S02:000015B1:  99 00 B8
F01:0563                           lda $1192,x
               S02:000015B4:  BD 92 11
F01:0564                           sta d401_sVoc1FreqHi,y
               S02:000015B7:  99 01 B8
F01:0565                           lda $1183,x
               S02:000015BA:  BD 83 11
F01:0566                           bne L15f4
               S02:000015BD:  D0 35
F01:0567                           lda $117d,x
               S02:000015BF:  BD 7D 11
F01:0568                           bne L15e2
               S02:000015C2:  D0 1E
F01:0569                           lda $1189,x
               S02:000015C4:  BD 89 11
F01:0570                           sec
               S02:000015C7:  38
F01:0571                           sbc $1180,x
               S02:000015C8:  FD 80 11
F01:0572                           cmp $1186,x
               S02:000015CB:  DD 86 11
F01:0573                           beq L15d2
               S02:000015CE:  F0 02
F01:0574                           bne L15ea
               S02:000015D0:  D0 18
F01:0575       L15d2               ldy $a9
               S02:000015D2:  A4 A9
F01:0576                           lda $21e9,y
               S02:000015D4:  B9 E9 21
F01:0577                           ldy $ab
               S02:000015D7:  A4 AB
F01:0578                           sta d404_sVoc1Control,y
               S02:000015D9:  99 04 B8
F01:0579                           inc $1183,x
               S02:000015DC:  FE 83 11
F01:0580                           jmp L15f4
               S02:000015DF:  4C F4 15
F01:0581                           
F01:0582       L15e2               lda $1186,x
               S02:000015E2:  BD 86 11
F01:0583                           cmp $1180,x
               S02:000015E5:  DD 80 11
F01:0584                           beq L15d2
               S02:000015E8:  F0 E8
F01:0585       L15ea               ldy $a9
               S02:000015EA:  A4 A9
F01:0586                           lda $21a9,y
               S02:000015EC:  B9 A9 21
F01:0587                           ldy $ab
               S02:000015EF:  A4 AB
F01:0588                           sta d404_sVoc1Control,y
               S02:000015F1:  99 04 B8
F01:0589       L15f4               lda $11a7,x
               S02:000015F4:  BD A7 11
F01:0590                           bne L15fc
               S02:000015F7:  D0 03
F01:0591                           jmp L16b8
               S02:000015F9:  4C B8 16
F01:0592                           
F01:0593       L15fc               lda $11aa,x
               S02:000015FC:  BD AA 11
F01:0594                           beq L1607
               S02:000015FF:  F0 06
F01:0595                           dec $11aa,x
               S02:00001601:  DE AA 11
F01:0596                           jmp L16b8
               S02:00001604:  4C B8 16
F01:0597                           
F01:0598       L1607               ldy $11b3,x
               S02:00001607:  BC B3 11
F01:0599                           beq L1644
               S02:0000160A:  F0 38
F01:0600                           dey
               S02:0000160C:  88
F01:0601                           beq L1667
               S02:0000160D:  F0 58
F01:0602                           dey
               S02:0000160F:  88
F01:0603                           beq L1615
               S02:00001610:  F0 03
F01:0604                           jmp L168a
               S02:00001612:  4C 8A 16
F01:0605                           
F01:0606       L1615               ldy $117a,x
               S02:00001615:  BC 7A 11
F01:0607                           lda $11ad,x
               S02:00001618:  BD AD 11
F01:0608                           sta $a7
               S02:0000161B:  85 A7
F01:0609                           lda $118f,x
               S02:0000161D:  BD 8F 11
F01:0610       L1620               sec
               S02:00001620:  38
F01:0611                           sbc $180e,y
               S02:00001621:  F9 0E 18
F01:0612                           bcs L1629
               S02:00001624:  B0 03
F01:0613                           dec $1192,x
               S02:00001626:  DE 92 11
F01:0614       L1629               dec $a7
               S02:00001629:  C6 A7
F01:0615                           bpl L1620
               S02:0000162B:  10 F3
F01:0616                           sta $118f,x
               S02:0000162D:  9D 8F 11
F01:0617                           dec $11b6,x
               S02:00001630:  DE B6 11
F01:0618                           bmi L1638
               S02:00001633:  30 03
F01:0619                           jmp L16b8
               S02:00001635:  4C B8 16
F01:0620                           
F01:0621       L1638               inc $11b3,x
               S02:00001638:  FE B3 11
F01:0622                           lda $11b0,x
               S02:0000163B:  BD B0 11
F01:0623                           sta $11b6,x
               S02:0000163E:  9D B6 11
F01:0624                           jmp L16b8
               S02:00001641:  4C B8 16
F01:0625                           
F01:0626       L1644               ldy $117a,x
               S02:00001644:  BC 7A 11
F01:0627                           lda $11ad,x
               S02:00001647:  BD AD 11
F01:0628                           sta $a7
               S02:0000164A:  85 A7
F01:0629                           lda $118f,x
               S02:0000164C:  BD 8F 11
F01:0630       L164f               clc
               S02:0000164F:  18
F01:0631                           adc $180f,y
               S02:00001650:  79 0F 18
F01:0632                           bcc L1658
               S02:00001653:  90 03
F01:0633                           inc $1192,x
               S02:00001655:  FE 92 11
F01:0634       L1658               dec $a7
               S02:00001658:  C6 A7
F01:0635                           bpl L164f
               S02:0000165A:  10 F3
F01:0636                           sta $118f,x
               S02:0000165C:  9D 8F 11
F01:0637                           dec $11b6,x
               S02:0000165F:  DE B6 11
F01:0638                           bmi L1638
               S02:00001662:  30 D4
F01:0639                           jmp L16b8
               S02:00001664:  4C B8 16
F01:0640                           
F01:0641       L1667               ldy $117a,x
               S02:00001667:  BC 7A 11
F01:0642                           lda $11ad,x
               S02:0000166A:  BD AD 11
F01:0643                           sta $a7
               S02:0000166D:  85 A7
F01:0644                           lda $118f,x
               S02:0000166F:  BD 8F 11
F01:0645       L1672               sec
               S02:00001672:  38
F01:0646                           sbc $180f,y
               S02:00001673:  F9 0F 18
F01:0647                           bcs L167b
               S02:00001676:  B0 03
F01:0648                           dec $1192,x
               S02:00001678:  DE 92 11
F01:0649       L167b               dec $a7
               S02:0000167B:  C6 A7
F01:0650                           bpl L1672
               S02:0000167D:  10 F3
F01:0651                           sta $118f,x
               S02:0000167F:  9D 8F 11
F01:0652                           dec $11b6,x
               S02:00001682:  DE B6 11
F01:0653                           bmi L1638
               S02:00001685:  30 B1
F01:0654                           jmp L16b8
               S02:00001687:  4C B8 16
F01:0655                           
F01:0656       L168a               ldy $117a,x
               S02:0000168A:  BC 7A 11
F01:0657                           lda $11ad,x
               S02:0000168D:  BD AD 11
F01:0658                           sta $a7
               S02:00001690:  85 A7
F01:0659                           lda $118f,x
               S02:00001692:  BD 8F 11
F01:0660       L1695               clc
               S02:00001695:  18
F01:0661                           adc $180e,y
               S02:00001696:  79 0E 18
F01:0662                           bcc L169e
               S02:00001699:  90 03
F01:0663                           inc $1192,x
               S02:0000169B:  FE 92 11
F01:0664       L169e               dec $a7
               S02:0000169E:  C6 A7
F01:0665                           bpl L1695
               S02:000016A0:  10 F3
F01:0666                           sta $118f,x
               S02:000016A2:  9D 8F 11
F01:0667                           dec $11b6,x
               S02:000016A5:  DE B6 11
F01:0668                           bmi L16ad
               S02:000016A8:  30 03
F01:0669                           jmp L16b8
               S02:000016AA:  4C B8 16
F01:0670                           
F01:0671       L16ad               lda #$00
               S02:000016AD:  A9 00
F01:0672                           sta $11b3,x
               S02:000016AF:  9D B3 11
F01:0673                           lda $11b0,x
               S02:000016B2:  BD B0 11
F01:0674                           sta $11b6,x
               S02:000016B5:  9D B6 11
F01:0675       L16b8               lda $11bc,x
               S02:000016B8:  BD BC 11
F01:0676                           bne L16c0
               S02:000016BB:  D0 03
F01:0677                           jmp L1720
               S02:000016BD:  4C 20 17
F01:0678                           
F01:0679       L16c0               lda $11c8,x
               S02:000016C0:  BD C8 11
F01:0680                           beq L16cb
               S02:000016C3:  F0 06
F01:0681                           dec $11c8,x
               S02:000016C5:  DE C8 11
F01:0682                           jmp L1720
               S02:000016C8:  4C 20 17
F01:0683                           
F01:0684       L16cb               lda $11c2,x
               S02:000016CB:  BD C2 11
F01:0685                           bmi L16f7
               S02:000016CE:  30 27
F01:0686                           sta $a7
               S02:000016D0:  85 A7
F01:0687                           ldy $117a,x
               S02:000016D2:  BC 7A 11
F01:0688                           lda $118f,x
               S02:000016D5:  BD 8F 11
F01:0689                           sec
               S02:000016D8:  38
F01:0690       L16d9               sbc $180f,y
               S02:000016D9:  F9 0F 18
F01:0691                           bcs L16e2
               S02:000016DC:  B0 04
F01:0692                           sec
               S02:000016DE:  38
F01:0693                           dec $1192,x
               S02:000016DF:  DE 92 11
F01:0694       L16e2               dec $a7
               S02:000016E2:  C6 A7
F01:0695                           bne L16d9
               S02:000016E4:  D0 F3
F01:0696                           sta $118f,x
               S02:000016E6:  9D 8F 11
F01:0697                           dec $11cb,x
               S02:000016E9:  DE CB 11
F01:0698                           lda $11cb,x
               S02:000016EC:  BD CB 11
F01:0699                           bne L16f4
               S02:000016EF:  D0 03
F01:0700                           sta $11bc,x
               S02:000016F1:  9D BC 11
F01:0701       L16f4               jmp L1232
               S02:000016F4:  4C 32 12
F01:0702                           
F01:0703       L16f7               and #$7f
               S02:000016F7:  29 7F
F01:0704                           sta $a7
               S02:000016F9:  85 A7
F01:0705                           ldy $117a,x
               S02:000016FB:  BC 7A 11
F01:0706                           lda $118f,x
               S02:000016FE:  BD 8F 11
F01:0707                           clc
               S02:00001701:  18
F01:0708       L1702               adc $180f,y
               S02:00001702:  79 0F 18
F01:0709                           bcc L170b
               S02:00001705:  90 04
F01:0710                           inc $1192,x
               S02:00001707:  FE 92 11
F01:0711                           clc
               S02:0000170A:  18
F01:0712       L170b               dec $a7
               S02:0000170B:  C6 A7
F01:0713                           bpl L1702
               S02:0000170D:  10 F3
F01:0714                           sta $118f,x
               S02:0000170F:  9D 8F 11
F01:0715                           dec $11cb,x
               S02:00001712:  DE CB 11
F01:0716                           lda $11cb,x
               S02:00001715:  BD CB 11
F01:0717                           bne L16f4
               S02:00001718:  D0 DA
F01:0718                           sta $11bc,x
               S02:0000171A:  9D BC 11
F01:0719       L171d               jmp L1232
               S02:0000171D:  4C 32 12
F01:0720                           
F01:0721       L1720               lda $11ce,x
               S02:00001720:  BD CE 11
F01:0722                           beq L171d
               S02:00001723:  F0 F8
F01:0723                           dec $11dd,x
               S02:00001725:  DE DD 11
F01:0724                           beq L1730
               S02:00001728:  F0 06
F01:0725                           lda $11e0,x
               S02:0000172A:  BD E0 11
F01:0726                           jmp L1748
               S02:0000172D:  4C 48 17
F01:0727                           
F01:0728       L1730               lda $11da,x
               S02:00001730:  BD DA 11
F01:0729                           sta $11dd,x
               S02:00001733:  9D DD 11
F01:0730                           inc $11d7,x
               S02:00001736:  FE D7 11
F01:0731                           ldy $11d7,x
               S02:00001739:  BC D7 11
F01:0732       L173c               lda $2439,y
               S02:0000173C:  B9 39 24
F01:0733                           bmi L175a
               S02:0000173F:  30 19
F01:0734                           clc
               S02:00001741:  18
F01:0735                           adc $117a,x
               S02:00001742:  7D 7A 11
F01:0736                           sta $11e0,x
               S02:00001745:  9D E0 11
F01:0737       L1748               tax
               S02:00001748:  AA
F01:0738                           ldy $ab
               S02:00001749:  A4 AB
F01:0739                           lda $17af,x
               S02:0000174B:  BD AF 17
F01:0740                           sta d400_sVoc1FreqLo,y
               S02:0000174E:  99 00 B8
F01:0741                           lda $180f,x
               S02:00001751:  BD 0F 18
F01:0742                           sta d401_sVoc1FreqHi,y
               S02:00001754:  99 01 B8
F01:0743                           jmp L1232
               S02:00001757:  4C 32 12
F01:0744                           
F01:0745       L175a               and #$7f
               S02:0000175A:  29 7F
F01:0746                           beq L1768
               S02:0000175C:  F0 0A
F01:0747                           lda $11d4,x
               S02:0000175E:  BD D4 11
F01:0748                           sta $11d7,x
               S02:00001761:  9D D7 11
F01:0749                           tay
               S02:00001764:  A8
F01:0750                           jmp L173c
               S02:00001765:  4C 3C 17
F01:0751                           
F01:0752       L1768               sta $11ce,x
               S02:00001768:  9D CE 11
F01:0753                           lda $11e0,x
               S02:0000176B:  BD E0 11
F01:0754                           sta $117a,x
               S02:0000176E:  9D 7A 11
F01:0755                           jmp L1232
               S02:00001771:  4C 32 12
F01:0756                           
F01:0757       L1774               ldx #$17
               S02:00001774:  A2 17
F01:0758       L1776               lda #$00
               S02:00001776:  A9 00
F01:0759                           sta d400_sVoc1FreqLo,x
               S02:00001778:  9D 00 B8
F01:0760                           dex
               S02:0000177B:  CA
F01:0761                           bpl L1776
               S02:0000177C:  10 F8
F01:0762                           ldx #$02
               S02:0000177E:  A2 02
F01:0763                           stx $134c
               S02:00001780:  8E 4C 13
F01:0764                           stx L11f2 + 1
               S02:00001783:  8E F3 11
F01:0765       L1786               stx $aa
               S02:00001786:  86 AA
F01:0766                           lda $1872,x
               S02:00001788:  BD 72 18
F01:0767                           sta $116b,x
               S02:0000178B:  9D 6B 11
F01:0768                           lda $186f,x
               S02:0000178E:  BD 6F 18
F01:0769                           sta $116e,x
               S02:00001791:  9D 6E 11
F01:0770                           sta $1171,x
               S02:00001794:  9D 71 11
F01:0771                           lda #$00
               S02:00001797:  A9 00
F01:0772                           sta $1165,x
               S02:00001799:  9D 65 11
F01:0773                           sta $1168,x
               S02:0000179C:  9D 68 11
F01:0774                           sta $1177,x
               S02:0000179F:  9D 77 11
F01:0775                           jsr L1264
               S02:000017A2:  20 64 12
F01:0776                           ldx $aa
               S02:000017A5:  A6 AA
F01:0777                           dex
               S02:000017A7:  CA
F01:0778                           bpl L1786
               S02:000017A8:  10 DC
F01:0779                           inx
               S02:000017AA:  E8
F01:0780                           stx $134c
               S02:000017AB:  8E 4C 13
F01:0781                           rts
               S02:000017AE:  60
F01:0782       
F01:0783       	.binary "sys4.bin"
               S02:000017AF:  0C 1C 2D 3E 51 66 7B 91 A9 C3 DD FA 18 38 5A 7D
               S02:000017BF:  A3 CC F6 23 53 86 BB F8 30 70 B4 FB 47 98 ED 47
F01:0784       
F01:0785       S202d               dey
               S02:0000202D:  88
F01:0786                           eor ($06),y
               S02:0000202E:  51 06
F01:0787       
F01:0788       	.binary "sys5.bin"
               S02:00002030:  BB 32 03 B2 37 03 88 51 06 00 A7 3A 03 98 32 03
               S02:00002040:  87 51 06 BD 3A 03 BF 32 03 87 51 06 9C 3E 03 A8
F01:0789       
F01:0790       initsid2            jsr S1100
               S02:00002656:  20 00 11
F01:0791                           lda #$00
               S02:00002659:  A9 00
F01:0792                           sta PlaySid + 1
               S02:0000265B:  8D 60 26
F01:0793                           rts
               S02:0000265E:  60
F01:0794                           
F01:0795       PlaySid             lda #$00
               S02:0000265F:  A9 00
F01:0796                           inc PlaySid + 1
               S02:00002661:  EE 60 26
F01:0797                           and #$01
               S02:00002664:  29 01
F01:0798                           asl a
               S02:00002666:  0A
F01:0799                           tax
               S02:00002667:  AA
F01:0800                           nop
               S02:00002668:  EA
F01:0801                           lda $2681,x
               S02:00002669:  BD 81 26
F01:0802                           sta $dc05
               S02:0000266C:  8D 05 DC
F01:0803                           lda $2682,x
               S02:0000266F:  BD 82 26
F01:0804                           sta $dc04
               S02:00002672:  8D 04 DC
F01:0805                           jmp L1103
               S02:00002675:  4C 03 11
F01:0806       
F01:0807       	.binary "sys6.bin"
               S02:00002678:  00 00 00 00 00 00 00 00 00 23 6F 29 57
F01:0808       
F00:0004         .include "text.s"
F02:0001       
F02:0002       ; text part of demo
F02:0003       ;
F02:0004       ;
F02:0005       ;
F02:0006       ; he he he ha
F02:0007       
F02:0008       textstart:
F02:0009         ldx #<text_01
               S02:00002685:  A2 23
F02:0010         ldy #>text_01
               S02:00002687:  A0 28
F02:0011         jsr w_acia_full	; first text
               S02:00002689:  20 F9 28
F02:0012        ; jsr wait
F02:0013       
F02:0014       ;modify:
F02:0015       ;  ldy #7		; load the amount of sayings (e)
F02:0016       ;  ldx #0		; set x
F02:0017       ;modit:
F02:0018       ;  phx
F02:0019       ;  phy
F02:0020       ;  ldx #<mrbut
F02:0021       ;  ldy #>mrbut
F02:0022       ;  jsr w_acia_full
F02:0023       ;  ply
F02:0024       ;  plx
F02:0025       ;modloop:
F02:0026       ;  jsr txpoll		; send data
F02:0027       ;  lda dat_1,x
F02:0028       ;  sta $8000
F02:0029       ;  inx			; inc
F02:0030       ;  txa
F02:0031       ;  clc
F02:0032       ;  sbc #$14		; is x=15
F02:0033       ;  bne modloop		; if ye,
F02:0034       ;  jsr wait		; wait
F02:0035       ;  dey			; dey
F02:0036       ;  bne modit		; all namez!!?!???/!1!1
F02:0037       ;
F02:0038       ;  jsr wait		; ye...
F02:0039       ;  jsr wait
F02:0040       
F02:0041         jsr wait_beat
               S02:0000268C:  20 13 27
F02:0042       
F02:0043         jsr out
               S02:0000268F:  20 D8 26
F02:0044       
F02:0045       
F02:0046         ldx #<text_03
               S02:00002692:  A2 7E
F02:0047         ldy #>text_03
               S02:00002694:  A0 28
F02:0048         jsr w_acia_full	; second text
               S02:00002696:  20 F9 28
F02:0049         jsr wait_beat
               S02:00002699:  20 13 27
F02:0050         jsr outslow
               S02:0000269C:  20 F2 26
F02:0051         
F02:0052       
F02:0053         ldx #0
               S02:0000269F:  A2 00
F02:0054       text_ii:
F02:0055         jsr txpoll
               S02:000026A1:  20 D5 28
F02:0056         lda text_data,x
               S02:000026A4:  BD 2D 27
F02:0057         beq text_ii_end
               S02:000026A7:  F0 07
F02:0058         sta $8000
               S02:000026A9:  8D 00 80
F02:0059         inx
               S02:000026AC:  E8
F02:0060         jmp text_ii
               S02:000026AD:  4C A1 26
F02:0061       
F02:0062       text_ii_end:
F02:0063         jsr wait_beat
               S02:000026B0:  20 13 27
F02:0064         jsr wait
               S02:000026B3:  20 1C 29
F02:0065         jsr wait
               S02:000026B6:  20 1C 29
F02:0066         
F02:0067         ldx #<text_02
               S02:000026B9:  A2 67
F02:0068         ldy #>text_02
               S02:000026BB:  A0 28
F02:0069         jsr w_acia_full
               S02:000026BD:  20 F9 28
F02:0070       
F02:0071         jsr wait_beat
               S02:000026C0:  20 13 27
F02:0072         jsr wait
               S02:000026C3:  20 1C 29
F02:0073         jsr wait
               S02:000026C6:  20 1C 29
F02:0074       
F02:0075         ldx #$ff
               S02:000026C9:  A2 FF
F02:0076       doomed:
F02:0077         ldx #<endtext
               S02:000026CB:  A2 92
F02:0078         ldy #>endtext
               S02:000026CD:  A0 28
F02:0079         jsr w_acia_full
               S02:000026CF:  20 F9 28
F02:0080         dex
               S02:000026D2:  CA
F02:0081         bne doomed
               S02:000026D3:  D0 F6
F02:0082       
F02:0083       loope:
F02:0084         jmp loope
               S02:000026D5:  4C D5 26
F02:0085       
F02:0086       out:
F02:0087         pha
               S02:000026D8:  48
F02:0088         phx
               S02:000026D9:  DA
F02:0089         ldx #64
               S02:000026DA:  A2 40
F02:0090       downloop:
F02:0091         jsr txpoll
               S02:000026DC:  20 D5 28
F02:0092         lda #$08
               S02:000026DF:  A9 08
F02:0093         sta $8000
               S02:000026E1:  8D 00 80
F02:0094         jsr txpoll
               S02:000026E4:  20 D5 28
F02:0095         lda #$14
               S02:000026E7:  A9 14
F02:0096         sta $8000
               S02:000026E9:  8D 00 80
F02:0097         dex
               S02:000026EC:  CA
F02:0098         bne downloop
               S02:000026ED:  D0 ED
F02:0099         plx
               S02:000026EF:  FA
F02:0100         pla
               S02:000026F0:  68
F02:0101         rts
               S02:000026F1:  60
F02:0102       
F02:0103       outslow:
F02:0104         pha
               S02:000026F2:  48
F02:0105         phx
               S02:000026F3:  DA
F02:0106         phy
               S02:000026F4:  5A
F02:0107         ldx #64
               S02:000026F5:  A2 40
F02:0108       downloop2:
F02:0109         jsr txpoll
               S02:000026F7:  20 D5 28
F02:0110         lda #$08
               S02:000026FA:  A9 08
F02:0111         sta $8000
               S02:000026FC:  8D 00 80
F02:0112         jsr txpoll
               S02:000026FF:  20 D5 28
F02:0113         lda #$14
               S02:00002702:  A9 14
F02:0114         sta $8000
               S02:00002704:  8D 00 80
F02:0115       e:
F02:0116         ldy #$ff
               S02:00002707:  A0 FF
F02:0117         dey
               S02:00002709:  88
F02:0118         bne e
               S02:0000270A:  D0 FB
F02:0119         dex
               S02:0000270C:  CA
F02:0120         bne downloop
               S02:0000270D:  D0 CD
F02:0121         ply
               S02:0000270F:  7A
F02:0122         plx
               S02:00002710:  FA
F02:0123         pla
               S02:00002711:  68
F02:0124         rts
               S02:00002712:  60
F02:0125       
F02:0126       
F02:0127       wait_beat:
F02:0128         phy
               S02:00002713:  5A
F02:0129         ldy #9
               S02:00002714:  A0 09
F02:0130       waitloop:
F02:0131         jsr wait
               S02:00002716:  20 1C 29
F02:0132         dey
               S02:00002719:  88
F02:0133         bne waitloop
               S02:0000271A:  D0 FA
F02:0134         ply
               S02:0000271C:  7A
F02:0135         rts
               S02:0000271D:  60
F02:0136       
F02:0137       long_wait:
F02:0138         phx
               S02:0000271E:  DA
F02:0139         phy
               S02:0000271F:  5A
F02:0140         pha
               S02:00002720:  48
F02:0141         ldx #$ff
               S02:00002721:  A2 FF
F02:0142       long_loop
F02:0143         jsr wait
               S02:00002723:  20 1C 29
F02:0144         dex
               S02:00002726:  CA
F02:0145         bne long_loop
               S02:00002727:  D0 FA
F02:0146         pla
               S02:00002729:  68
F02:0147         ply
               S02:0000272A:  7A
F02:0148         plx
               S02:0000272B:  FA
F02:0149         rts
               S02:0000272C:  60
F02:0150       
F02:0151       text_data:
F02:0152         .byte $0c
               S02:0000272D:  0C
F02:0153         .byte $18, $08, "40 character text", $0d, $0a
               S02:0000272E:  18
               S02:0000272F:  08
               S02:00002730:  34 30 20 63 68 61 72 61 63 74 65 72 20 74 65 78
               S02:00002740:  74
               S02:00002741:  0D
               S02:00002742:  0A
F02:0154         .byte $18, $01, "80 character text", $0d, $0a
               S02:00002743:  18
               S02:00002744:  01
               S02:00002745:  38 30 20 63 68 61 72 61 63 74 65 72 20 74 65 78
               S02:00002755:  74
               S02:00002756:  0D
               S02:00002757:  0A
F02:0155         .byte $18, $02, "40 character bold text", $0d, $0a
               S02:00002758:  18
               S02:00002759:  02
               S02:0000275A:  34 30 20 63 68 61 72 61 63 74 65 72 20 62 6F 6C
               S02:0000276A:  64 20 74 65 78 74
               S02:00002770:  0D
               S02:00002771:  0A
F02:0156         .byte $18, $03, "80 character bold text", $0d, $0a
               S02:00002772:  18
               S02:00002773:  03
               S02:00002774:  38 30 20 63 68 61 72 61 63 74 65 72 20 62 6F 6C
               S02:00002784:  64 20 74 65 78 74
               S02:0000278A:  0D
               S02:0000278B:  0A
F02:0157         .byte $18, $04, "40 character double height text", $0d, $0a
               S02:0000278C:  18
               S02:0000278D:  04
               S02:0000278E:  34 30 20 63 68 61 72 61 63 74 65 72 20 64 6F 75
               S02:0000279E:  62 6C 65 20 68 65 69 67 68 74 20 74 65 78 74
               S02:000027AD:  0D
               S02:000027AE:  0A
F02:0158         .byte $18, $05, "80 character double height text", $0d, $0a
               S02:000027AF:  18
               S02:000027B0:  05
               S02:000027B1:  38 30 20 63 68 61 72 61 63 74 65 72 20 64 6F 75
               S02:000027C1:  62 6C 65 20 68 65 69 67 68 74 20 74 65 78 74
               S02:000027D0:  0D
               S02:000027D1:  0A
F02:0159         .byte $18, $06, "40 character double height bold text", $0d, $0a
               S02:000027D2:  18
               S02:000027D3:  06
               S02:000027D4:  34 30 20 63 68 61 72 61 63 74 65 72 20 64 6F 75
               S02:000027E4:  62 6C 65 20 68 65 69 67 68 74 20 62 6F 6C 64 20
               S02:000027F4:  0D
               S02:000027F5:  0A
F02:0160         .byte $18, $07, "80 character double height bold text", $0d, $0a
               S02:000027FA:  18
               S02:000027FB:  07
               S02:000027FC:  38 30 20 63 68 61 72 61 63 74 65 72 20 64 6F 75
               S02:0000280C:  62 6C 65 20 68 65 69 67 68 74 20 62 6F 6C 64 20
               S02:0000281C:  0D
               S02:0000281D:  0A
F02:0161       text_end:
F02:0162         .byte $00
               S02:00002822:  00
F02:0163       
F02:0164       text_01:
F02:0165       ;   empty cursor|clear| column | Row      |
F02:0166         .byte $02, $ff, $18, $03, $0c, $0e, $0a, $0f, $0a, "This is a demonstration of the capabilities of the XPL-32.", $00
               S02:00002823:  02
               S02:00002824:  FF
               S02:00002825:  18
               S02:00002826:  03
               S02:00002827:  0C
               S02:00002828:  0E
               S02:00002829:  0A
               S02:0000282A:  0F
               S02:0000282B:  0A
               S02:0000282C:  54 68 69 73 20 69 73 20 61 20 64 65 6D 6F 6E 73
               S02:0000283C:  74 72 61 74 69 6F 6E 20 6F 66 20 74 68 65 20 63
               S02:0000284C:  00
F02:0167       text_02:
F02:0168         .byte $18, $06, $0c, $0e, $0c, $0f, $0c, "And graphics...", $00
               S02:00002867:  18
               S02:00002868:  06
               S02:00002869:  0C
               S02:0000286A:  0E
               S02:0000286B:  0C
               S02:0000286C:  0F
               S02:0000286D:  0C
               S02:0000286E:  41 6E 64 20 67 72 61 70 68 69 63 73 2E 2E 2E
               S02:0000287D:  00
F02:0169       text_03:
F02:0170         .byte $18, $06, $0c, $0e, $0d, $0f, $0c, "Text Mode...", $00
               S02:0000287E:  18
               S02:0000287F:  06
               S02:00002880:  0C
               S02:00002881:  0E
               S02:00002882:  0D
               S02:00002883:  0F
               S02:00002884:  0C
               S02:00002885:  54 65 78 74 20 4D 6F 64 65 2E 2E 2E
               S02:00002891:  00
F02:0171       ;dat_1:
F02:0172       ;  .byte "1Mhz WDC65c02        "
F02:0173       ;dat_2:
F02:0174       ;  .byte "1.8432 Mhz ACIA      "
F02:0175       ;dat_3:
F02:0176       ;  .byte "WDC65c22             "
F02:0177       ;dat_4:
F02:0178       ;  .byte "6581 SID             "
F02:0179       ;dat_5:
F02:0180       ;  .byte "An LCD screen        "
F02:0181       ;dat_6:
F02:0182       ;  .byte "A Serial text display"
F02:0183       ;dat_7:
F02:0184       ;  .byte "4 EXP ports          "
F02:0185       endtext:
F02:0186         .byte $08, $16, $00
               S02:00002892:  08
               S02:00002893:  16
               S02:00002894:  00
F02:0187       ;mrbut:
F02:0188       ;  .byte $0e, $0c, $0f, $44, $00
F02:0189       
F00:0005         .include "libacia.s"
F03:0001       ;       ------------------ 6551 ACIA Subroutine Library -------------------
F03:0002       ; Includes:
F03:0003       ; acia_init       - Initializes the ACIA
F03:0004       ; print_hex_acia  - Prints a hex value in A
F03:0005       ; crlf		  - Prints <CR> followed by <LF>
F03:0006       ; clear_display   - Sends a <CLS> command
F03:0007       ; txpoll          - Polls the TX bit to see if the ACIA is ready
F03:0008       ; print_chara     - Prints a Character that is stored in A
F03:0009       ; print_char_acia - Same as print_chara
F03:0010       ; ascii_home      - Home the cursor
F03:0011       ; w_acia_full     - Print a NULL-Termintated String with >HIGH in Y and <LOW in X
F03:0012       
F03:0013       acia_init:
F03:0014         pha
               S02:00002895:  48
F03:0015         lda #%00001011          ; No parity, no echo, no interrupt
               S02:00002896:  A9 0B
F03:0016         sta $8002
               S02:00002898:  8D 02 80
F03:0017         lda #%00011111          ; 1 stop bit, 8 data bits, 19200 baud
               S02:0000289B:  A9 1F
F03:0018         sta $8003
               S02:0000289D:  8D 03 80
F03:0019         pla
               S02:000028A0:  68
F03:0020         rts
               S02:000028A1:  60
F03:0021       
F03:0022       print_hex_acia:
F03:0023         pha
               S02:000028A2:  48
F03:0024         ror
               S02:000028A3:  6A
F03:0025         ror
               S02:000028A4:  6A
F03:0026         ror
               S02:000028A5:  6A
F03:0027         ror
               S02:000028A6:  6A
F03:0028         jsr print_nybble   ; This is just som usful hex cod
               S02:000028A7:  20 AB 28
F03:0029         pla
               S02:000028AA:  68
F03:0030       print_nybble:
F03:0031         and #15
               S02:000028AB:  29 0F
F03:0032         cmp #10
               S02:000028AD:  C9 0A
F03:0033         bmi .skipletter
               S02:000028AF:  30 02
F03:0034         adc #6
               S02:000028B1:  69 06
F03:0035       .skipletter
F03:0036         adc #48
               S02:000028B3:  69 30
F03:0037        ; jsr print_char
F03:0038         jsr print_chara
               S02:000028B5:  20 E5 28
F03:0039         rts
               S02:000028B8:  60
F03:0040       
F03:0041       crlf:
F03:0042         pha
               S02:000028B9:  48
F03:0043         phx
               S02:000028BA:  DA
F03:0044         phy
               S02:000028BB:  5A
F03:0045         lda #$0d
               S02:000028BC:  A9 0D
F03:0046         jsr print_chara
               S02:000028BE:  20 E5 28
F03:0047         lda #$0a
               S02:000028C1:  A9 0A
F03:0048         jsr print_chara
               S02:000028C3:  20 E5 28
F03:0049         ply
               S02:000028C6:  7A
F03:0050         plx
               S02:000028C7:  FA
F03:0051         pla
               S02:000028C8:  68
F03:0052         rts
               S02:000028C9:  60
F03:0053       
F03:0054       cleardisplay:
F03:0055         pha
               S02:000028CA:  48
F03:0056         jsr txpoll  ; Poll the TX bit
               S02:000028CB:  20 D5 28
F03:0057         lda #12     ; Print decimal 12 (CLS)
               S02:000028CE:  A9 0C
F03:0058         sta $8000
               S02:000028D0:  8D 00 80
F03:0059         pla
               S02:000028D3:  68
F03:0060         rts
               S02:000028D4:  60
F03:0061       
F03:0062       txpoll:
F03:0063         lda $8001
               S02:000028D5:  AD 01 80
F03:0064         and #$10    ; Poll the TX bit
               S02:000028D8:  29 10
F03:0065         beq txpoll
               S02:000028DA:  F0 F9
F03:0066         rts
               S02:000028DC:  60
F03:0067       
F03:0068       rxpoll:
F03:0069         lda $8001
               S02:000028DD:  AD 01 80
F03:0070         and #$08    ; Poll the RX bit
               S02:000028E0:  29 08
F03:0071         beq rxpoll
               S02:000028E2:  F0 F9
F03:0072         rts
               S02:000028E4:  60
F03:0073       
F03:0074       
F03:0075       print_chara:
F03:0076         pha
               S02:000028E5:  48
F03:0077         jsr txpoll  ; Poll the TX bit
               S02:000028E6:  20 D5 28
F03:0078         pla
               S02:000028E9:  68
F03:0079         sta $8000   ; Print character from A
               S02:000028EA:  8D 00 80
F03:0080         rts
               S02:000028ED:  60
F03:0081       
F03:0082       print_char_acia:
F03:0083         jmp print_chara  ; Same as "print_chara"
               S02:000028EE:  4C E5 28
F03:0084       
F03:0085       ascii_home:
F03:0086         pha
               S02:000028F1:  48
F03:0087         lda #1
               S02:000028F2:  A9 01
F03:0088         jsr print_chara  ; Print 1 (HOME)
               S02:000028F4:  20 E5 28
F03:0089         pla
               S02:000028F7:  68
F03:0090         rts
               S02:000028F8:  60
F03:0091       
F03:0092       w_acia_full:
F03:0093         pha
               S02:000028F9:  48
F03:0094         lda $ff
               S02:000028FA:  A5 FF
F03:0095         pha        ; Push Previous States onto the stack
               S02:000028FC:  48
F03:0096         lda $fe
               S02:000028FD:  A5 FE
F03:0097         pha
               S02:000028FF:  48
F03:0098         sty $ff    ; Set Y as the Upper Address (8-15)
               S02:00002900:  84 FF
F03:0099         stx $fe    ; Set X as the Lower Adderss (0-7)
               S02:00002902:  86 FE
F03:0100         ldy #0
               S02:00002904:  A0 00
F03:0101       acia_man:
F03:0102         jsr txpoll   ; Poll TX
               S02:00002906:  20 D5 28
F03:0103         lda ($fe),y  ; Load the Address
               S02:00002909:  B1 FE
F03:0104         sta $8000    ; Print what is at the address
               S02:0000290B:  8D 00 80
F03:0105         beq endwacia ; If Done, End
               S02:0000290E:  F0 04
F03:0106         iny          ; Next Character
               S02:00002910:  C8
F03:0107         jmp acia_man ; Back to the top
               S02:00002911:  4C 06 29
F03:0108       endwacia:
F03:0109         pla
               S02:00002914:  68
F03:0110         sta $fe
               S02:00002915:  85 FE
F03:0111         pla          ; Restore Variables
               S02:00002917:  68
F03:0112         sta $ff
               S02:00002918:  85 FF
F03:0113         pla
               S02:0000291A:  68
F03:0114         rts
               S02:0000291B:  60
F03:0115       
F00:0006       
F00:0007       reset:
F00:0008       
F00:0009       wait:
F00:0010       	phx
               S02:0000291C:  DA
F00:0011       	phy
               S02:0000291D:  5A
F00:0012               ldy  #$ff
               S02:0000291E:  A0 FF
F00:0013               ldx  #$ff
               S02:00002920:  A2 FF
F00:0014       delay   dex          ; (2 cycles)
               S02:00002922:  CA
F00:0015               bne  delay   ; (3 cycles in loop, 2 cycles at end)
               S02:00002923:  D0 FD
F00:0016               dey          ; (2 cycles)
               S02:00002925:  88
F00:0017               bne  delay   ; (3 cycles in loop, 2 cycles at end)
               S02:00002926:  D0 FA
F00:0018       	ply
               S02:00002928:  7A
F00:0019       	plx
               S02:00002929:  FA
F00:0020       	rts
               S02:0000292A:  60
F00:0021       
F00:0022       
F00:0023       


Sections:
S01  segf00
S02  seg1000


Sources:
F00  demo.s
F01  sys.s
F02  text.s
F03  libacia.s


Symbols:
delay EXPR(10530=0x2922) ABS 
reset EXPR(10524=0x291c) UNUSED ABS 
endwacia EXPR(10516=0x2914) ABS 
acia_man EXPR(10502=0x2906) ABS 
ascii_home EXPR(10481=0x28f1) UNUSED ABS 
print_char_acia EXPR(10478=0x28ee) UNUSED ABS 
rxpoll EXPR(10461=0x28dd) ABS 
cleardisplay EXPR(10442=0x28ca) UNUSED ABS 
crlf EXPR(10425=0x28b9) UNUSED ABS 
print_chara EXPR(10469=0x28e5) ABS 
 print_nybble skipletter EXPR(10419=0x28b3) ABS 
print_nybble EXPR(10411=0x28ab) ABS 
print_hex_acia EXPR(10402=0x28a2) UNUSED ABS 
acia_init EXPR(10389=0x2895) UNUSED ABS 
text_end EXPR(10274=0x2822) UNUSED ABS 
long_loop EXPR(10019=0x2723) ABS 
long_wait EXPR(10014=0x271e) UNUSED ABS 
waitloop EXPR(10006=0x2716) ABS 
e EXPR(9991=0x2707) ABS 
downloop2 EXPR(9975=0x26f7) UNUSED ABS 
downloop EXPR(9948=0x26dc) ABS 
loope EXPR(9941=0x26d5) ABS 
endtext EXPR(10386=0x2892) ABS 
doomed EXPR(9931=0x26cb) ABS 
text_02 EXPR(10343=0x2867) ABS 
wait EXPR(10524=0x291c) ABS 
text_ii_end EXPR(9904=0x26b0) ABS 
text_data EXPR(10029=0x272d) ABS 
txpoll EXPR(10453=0x28d5) ABS 
text_ii EXPR(9889=0x26a1) ABS 
outslow EXPR(9970=0x26f2) ABS 
text_03 EXPR(10366=0x287e) ABS 
out EXPR(9944=0x26d8) ABS 
wait_beat EXPR(10003=0x2713) ABS 
w_acia_full EXPR(10489=0x28f9) ABS 
text_01 EXPR(10275=0x2823) ABS 
L1786 EXPR(6022=0x1786) ABS 
L1776 EXPR(6006=0x1776) ABS 
L1768 EXPR(5992=0x1768) ABS 
L175a EXPR(5978=0x175a) ABS 
L173c EXPR(5948=0x173c) ABS 
L1748 EXPR(5960=0x1748) ABS 
L1730 EXPR(5936=0x1730) ABS 
L171d EXPR(5917=0x171d) ABS 
L170b EXPR(5899=0x170b) ABS 
L1702 EXPR(5890=0x1702) ABS 
L16f4 EXPR(5876=0x16f4) ABS 
L16e2 EXPR(5858=0x16e2) ABS 
L16d9 EXPR(5849=0x16d9) ABS 
L16f7 EXPR(5879=0x16f7) ABS 
L16cb EXPR(5835=0x16cb) ABS 
L1720 EXPR(5920=0x1720) ABS 
L16c0 EXPR(5824=0x16c0) ABS 
L16ad EXPR(5805=0x16ad) ABS 
L169e EXPR(5790=0x169e) ABS 
L1695 EXPR(5781=0x1695) ABS 
L167b EXPR(5755=0x167b) ABS 
L1672 EXPR(5746=0x1672) ABS 
L1658 EXPR(5720=0x1658) ABS 
L164f EXPR(5711=0x164f) ABS 
L1638 EXPR(5688=0x1638) ABS 
L1629 EXPR(5673=0x1629) ABS 
L1620 EXPR(5664=0x1620) ABS 
L168a EXPR(5770=0x168a) ABS 
L1615 EXPR(5653=0x1615) ABS 
L1667 EXPR(5735=0x1667) ABS 
L1644 EXPR(5700=0x1644) ABS 
L1607 EXPR(5639=0x1607) ABS 
L16b8 EXPR(5816=0x16b8) ABS 
L15fc EXPR(5628=0x15fc) ABS 
L15ea EXPR(5610=0x15ea) ABS 
L15d2 EXPR(5586=0x15d2) ABS 
L15e2 EXPR(5602=0x15e2) ABS 
L15f4 EXPR(5620=0x15f4) ABS 
L15ae EXPR(5550=0x15ae) ABS 
L1584 EXPR(5508=0x1584) ABS 
L1547 EXPR(5447=0x1547) ABS 
L151c EXPR(5404=0x151c) ABS 
L154f EXPR(5455=0x154f) ABS 
L14e7 EXPR(5351=0x14e7) ABS 
L14c1 EXPR(5313=0x14c1) ABS 
L14aa EXPR(5290=0x14aa) ABS 
L1499 EXPR(5273=0x1499) ABS 
L1472 EXPR(5234=0x1472) ABS 
L144f EXPR(5199=0x144f) ABS 
L13f5 EXPR(5109=0x13f5) ABS 
L142a EXPR(5162=0x142a) ABS 
L13b2 EXPR(5042=0x13b2) ABS 
L137c EXPR(4988=0x137c) ABS 
L1352 EXPR(4946=0x1352) ABS 
L12e0 EXPR(4832=0x12e0) ABS 
L1302 EXPR(4866=0x1302) ABS 
L1310 EXPR(4880=0x1310) ABS 
L132f EXPR(4911=0x132f) ABS 
L129f EXPR(4767=0x129f) ABS 
L12a9 EXPR(4777=0x12a9) ABS 
L12b3 EXPR(4787=0x12b3) ABS 
L128f EXPR(4751=0x128f) ABS 
L12cc EXPR(4812=0x12cc) ABS 
L1275 EXPR(4725=0x1275) ABS 
L125c EXPR(4700=0x125c) ABS 
L1254 EXPR(4692=0x1254) ABS 
L124b EXPR(4683=0x124b) ABS 
L1232 EXPR(4658=0x1232) ABS 
L12d1 EXPR(4817=0x12d1) ABS 
L1264 EXPR(4708=0x1264) ABS 
L14ea EXPR(5354=0x14ea) ABS 
L1218 EXPR(4632=0x1218) ABS 
L1353 EXPR(4947=0x1353) ABS 
L1210 EXPR(4624=0x1210) ABS 
L1215 EXPR(4629=0x1215) ABS 
L11fc EXPR(4604=0x11fc) ABS 
L11fa EXPR(4602=0x11fa) ABS 
S202d EXPR(8237=0x202d) ABS 
L115c EXPR(4444=0x115c) ABS 
L1106 EXPR(4358=0x1106) UNUSED ABS 
L11f2 EXPR(4594=0x11f2) ABS 
L1774 EXPR(6004=0x1774) ABS 
L1103 EXPR(4355=0x1103) ABS 
L1034 EXPR(4148=0x1034) UNUSED ABS 
L1031 EXPR(4145=0x1031) ABS 
S1100 EXPR(4352=0x1100) ABS 
L1000 EXPR(4096=0x1000) UNUSED ABS 
initsid2 EXPR(9814=0x2656) ABS 
PlaySid EXPR(9823=0x265f) ABS 
putbut EXPR(3904=0xf40) ABS 
textstart EXPR(9861=0x2685) ABS 
loop EXPR(3863=0xf17) UNUSED ABS 
InitSid EXPR(3885=0xf2d) ABS 
irq EXPR(3866=0xf1a) ABS 
init EXPR(3840=0xf00) UNUSED ABS 
d418_sFiltMode EXPR(47128=0xb818) EQU 
d417_sFiltControl EXPR(47127=0xb817) EQU 
d416_sFiltFreqHi EXPR(47126=0xb816) EQU 
d415_sFiltFreqLo EXPR(47125=0xb815) UNUSED EQU 
d414_sVoc3SusRel EXPR(47124=0xb814) UNUSED EQU 
d413_sVoc3AttDec EXPR(47123=0xb813) UNUSED EQU 
d412_sVoc3Control EXPR(47122=0xb812) UNUSED EQU 
d411_sVoc3PWidthHi EXPR(47121=0xb811) UNUSED EQU 
d410_sVoc3PWidthLo EXPR(47120=0xb810) UNUSED EQU 
d40f_sVoc3FreqHi EXPR(47119=0xb80f) UNUSED EQU 
d40e_sVoc3FreqLo EXPR(47118=0xb80e) UNUSED EQU 
d40d_sVoc2SusRel EXPR(47117=0xb80d) UNUSED EQU 
d40c_sVoc2AttDec EXPR(47116=0xb80c) UNUSED EQU 
d40b_sVoc2Control EXPR(47115=0xb80b) UNUSED EQU 
d40a_sVoc2PWidthHi EXPR(47114=0xb80a) UNUSED EQU 
d409_sVoc2PWidthLo EXPR(47113=0xb809) UNUSED EQU 
d408_sVoc2FreqHi EXPR(47112=0xb808) UNUSED EQU 
d407_sVoc2FreqLo EXPR(47111=0xb807) UNUSED EQU 
d406_sVoc1SusRel EXPR(47110=0xb806) EQU 
d405_sVoc1AttDec EXPR(47109=0xb805) EQU 
d404_sVoc1Control EXPR(47108=0xb804) EQU 
d403_sVoc1PWidthHi EXPR(47107=0xb803) EQU 
d402_sVoc1PWidthLo EXPR(47106=0xb802) EQU 
d401_sVoc1FreqHi EXPR(47105=0xb801) EQU 
d400_sVoc1FreqLo EXPR(47104=0xb800) EQU 
__RPTCNT EXPR(-1=0xffff) INTERNAL 
__VASM EXPR(0=0x0) INTERNAL 

There have been no errors.
