F00:0001       d400_sVoc1FreqLo = $b800
F00:0002       d401_sVoc1FreqHi = $b801
F00:0003       d402_sVoc1PWidthLo = $b802
F00:0004       d403_sVoc1PWidthHi = $b803
F00:0005       d404_sVoc1Control = $b804
F00:0006       d405_sVoc1AttDec = $b805
F00:0007       d406_sVoc1SusRel = $b806
F00:0008       d40b_sVoc2Control = $b80b
F00:0009       d412_sVoc3Control = $b812
F00:0010       d415_sFiltFreqLo = $b815
F00:0011       d416_sFiltFreqHi = $b816
F00:0012       d417_sFiltControl = $b817
F00:0013       d418_sFiltMode = $b818
F00:0014       
F00:0015         .org $0f00
F00:0016       
F00:0017       init:
F00:0018         sei
               S01:00000F00:  78
F00:0019         lda #<irq
               S01:00000F01:  A9 1A
F00:0020         sta $7ffe
               S01:00000F03:  8D FE 7F
F00:0021         lda #>irq
               S01:00000F06:  A9 0F
F00:0022         sta $7fff
               S01:00000F08:  8D FF 7F
F00:0023         lda #$c0
               S01:00000F0B:  A9 C0
F00:0024         sta $b00e
               S01:00000F0D:  8D 0E B0
F00:0025         ; IRQ Inits Go Here
F00:0026         lda #0 ; Song Number
               S01:00000F10:  A9 00
F00:0027         jsr InitSid2
               S01:00000F12:  20 2D 0F
F00:0028         cli
               S01:00000F15:  58
F00:0029         nop
               S01:00000F16:  EA
F00:0030       ; You can put code you want to run in the backround here.
F00:0031       loop:
F00:0032         jmp loop
               S01:00000F17:  4C 17 0F
F00:0033       irq:
F00:0034         pha
               S01:00000F1A:  48
F00:0035         phx
               S01:00000F1B:  DA
F00:0036         phy
               S01:00000F1C:  5A
F00:0037         ; IRQ code goes here
F00:0038         lda #$40
               S01:00000F1D:  A9 40
F00:0039         sta $b00d
               S01:00000F1F:  8D 0D B0
F00:0040         jsr putbut
               S01:00000F22:  20 36 0F
F00:0041         jsr PlaySid
               S01:00000F25:  20 03 10
F00:0042         nop
               S01:00000F28:  EA
F00:0043         ply
               S01:00000F29:  7A
F00:0044         plx
               S01:00000F2A:  FA
F00:0045         pla
               S01:00000F2B:  68
F00:0046         rti
               S01:00000F2C:  40
F00:0047       
F00:0048       InitSid2	    phx
               S01:00000F2D:  DA
F00:0049       		    jsr putbut
               S01:00000F2E:  20 36 0F
F00:0050       		    plx
               S01:00000F31:  FA
F00:0051       		    jsr InitSid
               S01:00000F32:  20 00 10
F00:0052       		    rts
               S01:00000F35:  60
F00:0053       
F00:0054       putbut              ldx #$1e
               S01:00000F36:  A2 1E
F00:0055                           stx $b004
               S01:00000F38:  8E 04 B0
F00:0056                           stx $b006
               S01:00000F3B:  8E 06 B0
F00:0057                           ldx #$4e	;50Hz IRQ
               S01:00000F3E:  A2 4E
F00:0058                           stx $b005
               S01:00000F40:  8E 05 B0
F00:0059                           stx $b007
               S01:00000F43:  8E 07 B0
F00:0060                           rts
               S01:00000F46:  60
F00:0061       
F00:0062         .org $1000
F00:0063       
F00:0064       InitSid             jmp L10f8
               S02:00001000:  4C F8 10
F00:0065                           
F00:0066       PlaySid             jmp L10fc
               S02:00001003:  4C FC 10
F00:0067                           
F00:0068       S1006               lda $178f,y
               S02:00001006:  B9 8F 17
F00:0069                           jmp L1013
               S02:00001009:  4C 13 10
F00:0070                           
F00:0071       L100c               tay
               S02:0000100C:  A8
F00:0072                           lda #$00
               S02:0000100D:  A9 00
F00:0073                           sta $1404,x
               S02:0000100F:  9D 04 14
F00:0074                           tya
               S02:00001012:  98
F00:0075       L1013               sta $13db,x
               S02:00001013:  9D DB 13
F00:0076                           lda $13ca,x
               S02:00001016:  BD CA 13
F00:0077                           sta $13da,x
               S02:00001019:  9D DA 13
F00:0078                           rts
               S02:0000101C:  60
F00:0079                           
F00:0080       L101d               sta $141e,x
               S02:0000101D:  9D 1E 14
F00:0081                           rts
               S02:00001020:  60
F00:0082                           
F00:0083       L1021               sta $141f,x
               S02:00001021:  9D 1F 14
F00:0084                           rts
               S02:00001024:  60
F00:0085                           
F00:0086       L1025               sta $13de,x
               S02:00001025:  9D DE 13
F00:0087                           rts
               S02:00001028:  60
F00:0088                           
F00:0089       L1029               sta $13dd,x
               S02:00001029:  9D DD 13
F00:0090                           lda #$00
               S02:0000102C:  A9 00
F00:0091                           sta $1406,x
               S02:0000102E:  9D 06 14
F00:0092                           rts
               S02:00001031:  60
F00:0093                           
F00:0094       L1032               sta $13df,x
               S02:00001032:  9D DF 13
F00:0095                           lda #$00
               S02:00001035:  A9 00
F00:0096                           sta $13e0,x
               S02:00001037:  9D E0 13
F00:0097                           rts
               S02:0000103A:  60
F00:0098                           
F00:0099       L103b               ldy #$00
               S02:0000103B:  A0 00
F00:0100                           sty $1144
               S02:0000103D:  8C 44 11
F00:0101       L1040               sta L113f + 1
               S02:00001040:  8D 40 11
F00:0102                           rts
               S02:00001043:  60
F00:0103                           
F00:0104       L1044               sta $118e
               S02:00001044:  8D 8E 11
F00:0105                           beq L1040
               S02:00001047:  F0 F7
F00:0106                           rts
               S02:00001049:  60
F00:0107                           
F00:0108       L104a               sta L1188 + 1
               S02:0000104A:  8D 89 11
F00:0109                           rts
               S02:0000104D:  60
F00:0110                           
F00:0111       L104e               sta $1195
               S02:0000104E:  8D 95 11
F00:0112                           rts
               S02:00001051:  60
F00:0113                           
F00:0114       L1052               tay
               S02:00001052:  A8
F00:0115                           lda $1bce,y
               S02:00001053:  B9 CE 1B
F00:0116                           sta $13c3
               S02:00001056:  8D C3 13
F00:0117                           lda $1bdf,y
               S02:00001059:  B9 DF 1B
F00:0118                           sta $13c4
               S02:0000105C:  8D C4 13
F00:0119                           lda #$00
               S02:0000105F:  A9 00
F00:0120                           beq L1065
               S02:00001061:  F0 02
F00:0121                           bmi L106f
               S02:00001063:  30 0A
F00:0122       L1065               sta $13f1
               S02:00001065:  8D F1 13
F00:0123                           sta $13f8
               S02:00001068:  8D F8 13
F00:0124                           sta $13ff
               S02:0000106B:  8D FF 13
F00:0125                           rts
               S02:0000106E:  60
F00:0126                           
F00:0127       L106f               and #$7f
               S02:0000106F:  29 7F
F00:0128                           sta $13f1,x
               S02:00001071:  9D F1 13
F00:0129                           rts
               S02:00001074:  60
F00:0130                           
F00:0131       L1075               dec $1405,x
               S02:00001075:  DE 05 14
F00:0132       L1078               jmp L12d8
               S02:00001078:  4C D8 12
F00:0133                           
F00:0134       L107b               beq L1078
               S02:0000107B:  F0 FB
F00:0135                           lda $1405,x
               S02:0000107D:  BD 05 14
F00:0136                           bne L1075
               S02:00001080:  D0 F3
F00:0137                           lda #$00
               S02:00001082:  A9 00
F00:0138                           sta $ff
               S02:00001084:  85 FF
F00:0139                           lda $1404,x
               S02:00001086:  BD 04 14
F00:0140                           bmi L1094
               S02:00001089:  30 09
F00:0141                           cmp $1bce,y
               S02:0000108B:  D9 CE 1B
F00:0142                           bcc L1095
               S02:0000108E:  90 05
F00:0143                           beq L1094
               S02:00001090:  F0 02
F00:0144                           eor #$ff
               S02:00001092:  49 FF
F00:0145       L1094               clc
               S02:00001094:  18
F00:0146       L1095               adc #$02
               S02:00001095:  69 02
F00:0147                           sta $1404,x
               S02:00001097:  9D 04 14
F00:0148                           lsr a
               S02:0000109A:  4A
F00:0149                           bcc L10cb
               S02:0000109B:  90 2E
F00:0150                           bcs L10e2
               S02:0000109D:  B0 43
F00:0151                           tya
               S02:0000109F:  98
F00:0152                           beq L10f2
               S02:000010A0:  F0 50
F00:0153                           lda $1bce,y
               S02:000010A2:  B9 CE 1B
F00:0154                           sta $ff
               S02:000010A5:  85 FF
F00:0155                           lda $13da,x
               S02:000010A7:  BD DA 13
F00:0156                           cmp #$02
               S02:000010AA:  C9 02
F00:0157                           bcc L10cb
               S02:000010AC:  90 1D
F00:0158                           beq L10e2
               S02:000010AE:  F0 32
F00:0159                           ldy $13f3,x
               S02:000010B0:  BC F3 13
F00:0160                           lda $1419,x
               S02:000010B3:  BD 19 14
F00:0161                           sbc $1432,y
               S02:000010B6:  F9 32 14
F00:0162                           pha
               S02:000010B9:  48
F00:0163                           lda $141a,x
               S02:000010BA:  BD 1A 14
F00:0164                           sbc $1492,y
               S02:000010BD:  F9 92 14
F00:0165                           tay
               S02:000010C0:  A8
F00:0166                           pla
               S02:000010C1:  68
F00:0167                           bcs L10db
               S02:000010C2:  B0 17
F00:0168                           adc $fe
               S02:000010C4:  65 FE
F00:0169                           tya
               S02:000010C6:  98
F00:0170                           adc $ff
               S02:000010C7:  65 FF
F00:0171                           bpl L10f2
               S02:000010C9:  10 27
F00:0172       L10cb               lda $1419,x
               S02:000010CB:  BD 19 14
F00:0173                           adc $fe
               S02:000010CE:  65 FE
F00:0174                           sta $1419,x
               S02:000010D0:  9D 19 14
F00:0175                           lda $141a,x
               S02:000010D3:  BD 1A 14
F00:0176                           adc $ff
               S02:000010D6:  65 FF
F00:0177                           jmp L12d5
               S02:000010D8:  4C D5 12
F00:0178                           
F00:0179       L10db               sbc $fe
               S02:000010DB:  E5 FE
F00:0180                           tya
               S02:000010DD:  98
F00:0181                           sbc $ff
               S02:000010DE:  E5 FF
F00:0182                           bmi L10f2
               S02:000010E0:  30 10
F00:0183       L10e2               lda $1419,x
               S02:000010E2:  BD 19 14
F00:0184                           sbc $fe
               S02:000010E5:  E5 FE
F00:0185                           sta $1419,x
               S02:000010E7:  9D 19 14
F00:0186                           lda $141a,x
               S02:000010EA:  BD 1A 14
F00:0187                           sbc $ff
               S02:000010ED:  E5 FF
F00:0188                           jmp L12d5
               S02:000010EF:  4C D5 12
F00:0189                           
F00:0190       L10f2               ldy $13f3,x
               S02:000010F2:  BC F3 13
F00:0191                           jmp L12c7
               S02:000010F5:  4C C7 12
F00:0192                           
F00:0193       L10f8               sta $110c
               S02:000010F8:  8D 0C 11
F00:0194                           rts
               S02:000010FB:  60
F00:0195                           
F00:0196       L10fc               ldx #$00
               S02:000010FC:  A2 00
F00:0197       L10fe               lda $1419,x
               S02:000010FE:  BD 19 14
F00:0198                           sta d400_sVoc1FreqLo,x
               S02:00001101:  9D 00 B8
F00:0199                           inx
               S02:00001104:  E8
F00:0200                           cpx #$19
               S02:00001105:  E0 19
F00:0201                           bne L10fe
               S02:00001107:  D0 F5
F00:0202                           ldx #$00
               S02:00001109:  A2 00
F00:0203                           ldy #$00
               S02:0000110B:  A0 00
F00:0204                           bmi L113f
               S02:0000110D:  30 30
F00:0205                           txa
               S02:0000110F:  8A
F00:0206                           ldx #$29
               S02:00001110:  A2 29
F00:0207       L1112               sta $13c5,x
               S02:00001112:  9D C5 13
F00:0208                           dex
               S02:00001115:  CA
F00:0209                           bpl L1112
               S02:00001116:  10 FA
F00:0210                           sta $142e
               S02:00001118:  8D 2E 14
F00:0211                           sta $118e
               S02:0000111B:  8D 8E 11
F00:0212                           sta L113f + 1
               S02:0000111E:  8D 40 11
F00:0213                           stx $110c
               S02:00001121:  8E 0C 11
F00:0214                           tax
               S02:00001124:  AA
F00:0215                           jsr S112f
               S02:00001125:  20 2F 11
F00:0216                           ldx #$07
               S02:00001128:  A2 07
F00:0217                           jsr S112f
               S02:0000112A:  20 2F 11
F00:0218                           ldx #$0e
               S02:0000112D:  A2 0E
F00:0219       S112f               lda #$05
               S02:0000112F:  A9 05
F00:0220                           sta $13f1,x
               S02:00001131:  9D F1 13
F00:0221                           lda #$01
               S02:00001134:  A9 01
F00:0222                           sta $13f2,x
               S02:00001136:  9D F2 13
F00:0223                           sta $13f4,x
               S02:00001139:  9D F4 13
F00:0224                           jmp L13a4
               S02:0000113C:  4C A4 13
F00:0225                           
F00:0226       L113f               ldy #$00
               S02:0000113F:  A0 00
F00:0227                           beq L1188
               S02:00001141:  F0 45
F00:0228                           lda #$00
               S02:00001143:  A9 00
F00:0229                           bne L116a
               S02:00001145:  D0 23
F00:0230                           lda $1a9b,y
               S02:00001147:  B9 9B 1A
F00:0231                           beq L115e
               S02:0000114A:  F0 12
F00:0232                           bpl L1167
               S02:0000114C:  10 19
F00:0233                           asl a
               S02:0000114E:  0A
F00:0234                           sta $1193
               S02:0000114F:  8D 93 11
F00:0235                           lda $1b34,y
               S02:00001152:  B9 34 1B
F00:0236                           sta $118e
               S02:00001155:  8D 8E 11
F00:0237                           lda $1a9c,y
               S02:00001158:  B9 9C 1A
F00:0238                           bne L117c
               S02:0000115B:  D0 1F
F00:0239                           iny
               S02:0000115D:  C8
F00:0240       L115e               lda $1b34,y
               S02:0000115E:  B9 34 1B
F00:0241                           sta L1188 + 1
               S02:00001161:  8D 89 11
F00:0242                           jmp L1179
               S02:00001164:  4C 79 11
F00:0243                           
F00:0244       L1167               sta $1144
               S02:00001167:  8D 44 11
F00:0245       L116a               lda $1b34,y
               S02:0000116A:  B9 34 1B
F00:0246                           clc
               S02:0000116D:  18
F00:0247                           adc L1188 + 1
               S02:0000116E:  6D 89 11
F00:0248                           sta L1188 + 1
               S02:00001171:  8D 89 11
F00:0249                           dec $1144
               S02:00001174:  CE 44 11
F00:0250                           bne L118a
               S02:00001177:  D0 11
F00:0251       L1179               lda $1a9c,y
               S02:00001179:  B9 9C 1A
F00:0252       L117c               cmp #$ff
               S02:0000117C:  C9 FF
F00:0253                           iny
               S02:0000117E:  C8
F00:0254                           tya
               S02:0000117F:  98
F00:0255                           bcc L1185
               S02:00001180:  90 03
F00:0256                           lda $1b34,y
               S02:00001182:  B9 34 1B
F00:0257       L1185               sta L113f + 1
               S02:00001185:  8D 40 11
F00:0258       L1188               lda #$00
               S02:00001188:  A9 00
F00:0259       L118a               sta $142f
               S02:0000118A:  8D 2F 14
F00:0260                           lda #$00
               S02:0000118D:  A9 00
F00:0261                           sta $1430
               S02:0000118F:  8D 30 14
F00:0262                           lda #$00
               S02:00001192:  A9 00
F00:0263                           ora #$0f
               S02:00001194:  09 0F
F00:0264                           sta $1431
               S02:00001196:  8D 31 14
F00:0265                           jsr S11a3
               S02:00001199:  20 A3 11
F00:0266                           ldx #$07
               S02:0000119C:  A2 07
F00:0267                           jsr S11a3
               S02:0000119E:  20 A3 11
F00:0268                           ldx #$0e
               S02:000011A1:  A2 0E
F00:0269       S11a3               dec $13f2,x
               S02:000011A3:  DE F2 13
F00:0270                           beq L11c2
               S02:000011A6:  F0 1A
F00:0271                           bpl L11bf
               S02:000011A8:  10 15
F00:0272                           lda $13f1,x
               S02:000011AA:  BD F1 13
F00:0273                           cmp #$02
               S02:000011AD:  C9 02
F00:0274                           bcs L11bc
               S02:000011AF:  B0 0B
F00:0275                           tay
               S02:000011B1:  A8
F00:0276                           eor #$01
               S02:000011B2:  49 01
F00:0277                           sta $13f1,x
               S02:000011B4:  9D F1 13
F00:0278                           lda $13c3,y
               S02:000011B7:  B9 C3 13
F00:0279                           sbc #$00
               S02:000011BA:  E9 00
F00:0280       L11bc               sta $13f2,x
               S02:000011BC:  9D F2 13
F00:0281       L11bf               jmp L1276
               S02:000011BF:  4C 76 12
F00:0282                           
F00:0283       L11c2               ldy $13ca,x
               S02:000011C2:  BC CA 13
F00:0284                           lda $13ae,y
               S02:000011C5:  B9 AE 13
F00:0285                           sta $126b
               S02:000011C8:  8D 6B 12
F00:0286                           sta $1274
               S02:000011CB:  8D 74 12
F00:0287                           lda $13c8,x
               S02:000011CE:  BD C8 13
F00:0288                           bne L1203
               S02:000011D1:  D0 30
F00:0289                           ldy $13ef,x
               S02:000011D3:  BC EF 13
F00:0290                           lda $14f2,y
               S02:000011D6:  B9 F2 14
F00:0291                           sta $fe
               S02:000011D9:  85 FE
F00:0292                           lda $14f5,y
               S02:000011DB:  B9 F5 14
F00:0293                           sta $ff
               S02:000011DE:  85 FF
F00:0294                           ldy $13c5,x
               S02:000011E0:  BC C5 13
F00:0295                           lda ($fe),y
               S02:000011E3:  B1 FE
F00:0296                           cmp #$ff
               S02:000011E5:  C9 FF
F00:0297                           bcc L11ef
               S02:000011E7:  90 06
F00:0298                           iny
               S02:000011E9:  C8
F00:0299                           lda ($fe),y
               S02:000011EA:  B1 FE
F00:0300                           tay
               S02:000011EC:  A8
F00:0301                           lda ($fe),y
               S02:000011ED:  B1 FE
F00:0302       L11ef               cmp #$e0
               S02:000011EF:  C9 E0
F00:0303                           bcc L11fb
               S02:000011F1:  90 08
F00:0304                           sbc #$f0
               S02:000011F3:  E9 F0
F00:0305                           sta $13c6,x
               S02:000011F5:  9D C6 13
F00:0306                           iny
               S02:000011F8:  C8
F00:0307                           lda ($fe),y
               S02:000011F9:  B1 FE
F00:0308       L11fb               sta $13f0,x
               S02:000011FB:  9D F0 13
F00:0309                           iny
               S02:000011FE:  C8
F00:0310                           tya
               S02:000011FF:  98
F00:0311                           sta $13c5,x
               S02:00001200:  9D C5 13
F00:0312       L1203               ldy $13f4,x
               S02:00001203:  BC F4 13
F00:0313                           lda $17fb,y
               S02:00001206:  B9 FB 17
F00:0314                           sta $140a,x
               S02:00001209:  9D 0A 14
F00:0315                           lda $13dc,x
               S02:0000120C:  BD DC 13
F00:0316                           beq L1270
               S02:0000120F:  F0 5F
F00:0317                           sec
               S02:00001211:  38
F00:0318                           sbc #$60
               S02:00001212:  E9 60
F00:0319                           sta $13f3,x
               S02:00001214:  9D F3 13
F00:0320                           lda #$00
               S02:00001217:  A9 00
F00:0321                           sta $13da,x
               S02:00001219:  9D DA 13
F00:0322                           sta $13dc,x
               S02:0000121C:  9D DC 13
F00:0323                           lda $17c5,y
               S02:0000121F:  B9 C5 17
F00:0324                           sta $1405,x
               S02:00001222:  9D 05 14
F00:0325                           lda $178f,y
               S02:00001225:  B9 8F 17
F00:0326                           sta $13db,x
               S02:00001228:  9D DB 13
F00:0327                           lda $13ca,x
               S02:0000122B:  BD CA 13
F00:0328                           cmp #$03
               S02:0000122E:  C9 03
F00:0329                           beq L1270
               S02:00001230:  F0 3E
F00:0330                           lda $1831,y
               S02:00001232:  B9 31 18
F00:0331                           sta $13de,x
               S02:00001235:  9D DE 13
F00:0332                           inc $13f5,x
               S02:00001238:  FE F5 13
F00:0333                           lda $16ed,y
               S02:0000123B:  B9 ED 16
F00:0334                           sta $13dd,x
               S02:0000123E:  9D DD 13
F00:0335                           lda $1723,y
               S02:00001241:  B9 23 17
F00:0336                           beq L124e
               S02:00001244:  F0 08
F00:0337                           sta $13df,x
               S02:00001246:  9D DF 13
F00:0338                           lda #$00
               S02:00001249:  A9 00
F00:0339                           sta $13e0,x
               S02:0000124B:  9D E0 13
F00:0340       L124e               lda $1759,y
               S02:0000124E:  B9 59 17
F00:0341                           beq L125b
               S02:00001251:  F0 08
F00:0342                           sta L113f + 1
               S02:00001253:  8D 40 11
F00:0343                           lda #$00
               S02:00001256:  A9 00
F00:0344                           sta $1144
               S02:00001258:  8D 44 11
F00:0345       L125b               lda $1681,y
               S02:0000125B:  B9 81 16
F00:0346                           sta $141e,x
               S02:0000125E:  9D 1E 14
F00:0347                           lda $16b7,y
               S02:00001261:  B9 B7 16
F00:0348                           sta $141f,x
               S02:00001264:  9D 1F 14
F00:0349                           lda $13cb,x
               S02:00001267:  BD CB 13
F00:0350                           jsr S1006
               S02:0000126A:  20 06 10
F00:0351                           jmp L13a4
               S02:0000126D:  4C A4 13
F00:0352                           
F00:0353       L1270               lda $13cb,x
               S02:00001270:  BD CB 13
F00:0354                           jsr S1006
               S02:00001273:  20 06 10
F00:0355       L1276               ldy $13dd,x
               S02:00001276:  BC DD 13
F00:0356                           beq L12ab
               S02:00001279:  F0 30
F00:0357                           lda $1867,y
               S02:0000127B:  B9 67 18
F00:0358                           cmp #$10
               S02:0000127E:  C9 10
F00:0359                           bcs L128c
               S02:00001280:  B0 0A
F00:0360                           cmp $1406,x
               S02:00001282:  DD 06 14
F00:0361                           beq L1291
               S02:00001285:  F0 0A
F00:0362                           inc $1406,x
               S02:00001287:  FE 06 14
F00:0363                           bne L12ab
               S02:0000128A:  D0 1F
F00:0364       L128c               sbc #$10
               S02:0000128C:  E9 10
F00:0365                           sta $13de,x
               S02:0000128E:  9D DE 13
F00:0366       L1291               lda $1868,y
               S02:00001291:  B9 68 18
F00:0367                           cmp #$ff
               S02:00001294:  C9 FF
F00:0368                           iny
               S02:00001296:  C8
F00:0369                           tya
               S02:00001297:  98
F00:0370                           bcc L129e
               S02:00001298:  90 04
F00:0371                           clc
               S02:0000129A:  18
F00:0372                           lda $194c,y
               S02:0000129B:  B9 4C 19
F00:0373       L129e               sta $13dd,x
               S02:0000129E:  9D DD 13
F00:0374                           lda #$00
               S02:000012A1:  A9 00
F00:0375                           sta $1406,x
               S02:000012A3:  9D 06 14
F00:0376                           lda $194b,y
               S02:000012A6:  B9 4B 19
F00:0377                           bne L12bf
               S02:000012A9:  D0 14
F00:0378       L12ab               ldy $13da,x
               S02:000012AB:  BC DA 13
F00:0379                           lda $13be,y
               S02:000012AE:  B9 BE 13
F00:0380                           sta $12bd
               S02:000012B1:  8D BD 12
F00:0381                           ldy $13db,x
               S02:000012B4:  BC DB 13
F00:0382                           lda $1bdf,y
               S02:000012B7:  B9 DF 1B
F00:0383                           sta $fe
               S02:000012BA:  85 FE
F00:0384                           jmp L107b
               S02:000012BC:  4C 7B 10
F00:0385                           
F00:0386       L12bf               bpl L12c6
               S02:000012BF:  10 05
F00:0387                           adc $13f3,x
               S02:000012C1:  7D F3 13
F00:0388                           and #$7f
               S02:000012C4:  29 7F
F00:0389       L12c6               tay
               S02:000012C6:  A8
F00:0390       L12c7               lda #$00
               S02:000012C7:  A9 00
F00:0391                           sta $1404,x
               S02:000012C9:  9D 04 14
F00:0392                           lda $1432,y
               S02:000012CC:  B9 32 14
F00:0393                           sta $1419,x
               S02:000012CF:  9D 19 14
F00:0394                           lda $1492,y
               S02:000012D2:  B9 92 14
F00:0395       L12d5               sta $141a,x
               S02:000012D5:  9D 1A 14
F00:0396       L12d8               ldy $13df,x
               S02:000012D8:  BC DF 13
F00:0397                           beq L131e
               S02:000012DB:  F0 41
F00:0398                           lda $13e0,x
               S02:000012DD:  BD E0 13
F00:0399                           bne L12f6
               S02:000012E0:  D0 14
F00:0400                           lda $1a31,y
               S02:000012E2:  B9 31 1A
F00:0401                           bpl L12f3
               S02:000012E5:  10 0C
F00:0402                           sta $141c,x
               S02:000012E7:  9D 1C 14
F00:0403                           lda $1a66,y
               S02:000012EA:  B9 66 1A
F00:0404                           sta $141b,x
               S02:000012ED:  9D 1B 14
F00:0405                           jmp L130f
               S02:000012F0:  4C 0F 13
F00:0406                           
F00:0407       L12f3               sta $13e0,x
               S02:000012F3:  9D E0 13
F00:0408       L12f6               lda $1a66,y
               S02:000012F6:  B9 66 1A
F00:0409                           clc
               S02:000012F9:  18
F00:0410                           bpl L12ff
               S02:000012FA:  10 03
F00:0411                           dec $141c,x
               S02:000012FC:  DE 1C 14
F00:0412       L12ff               adc $141b,x
               S02:000012FF:  7D 1B 14
F00:0413                           sta $141b,x
               S02:00001302:  9D 1B 14
F00:0414                           bcc L130a
               S02:00001305:  90 03
F00:0415                           inc $141c,x
               S02:00001307:  FE 1C 14
F00:0416       L130a               dec $13e0,x
               S02:0000130A:  DE E0 13
F00:0417                           bne L131e
               S02:0000130D:  D0 0F
F00:0418       L130f               lda $1a32,y
               S02:0000130F:  B9 32 1A
F00:0419                           cmp #$ff
               S02:00001312:  C9 FF
F00:0420                           iny
               S02:00001314:  C8
F00:0421                           tya
               S02:00001315:  98
F00:0422                           bcc L131b
               S02:00001316:  90 03
F00:0423                           lda $1a66,y
               S02:00001318:  B9 66 1A
F00:0424       L131b               sta $13df,x
               S02:0000131B:  9D DF 13
F00:0425       L131e               lda $13f2,x
               S02:0000131E:  BD F2 13
F00:0426                           cmp $140a,x
               S02:00001321:  DD 0A 14
F00:0427                           beq L1329
               S02:00001324:  F0 03
F00:0428                           jmp L13a4
               S02:00001326:  4C A4 13
F00:0429                           
F00:0430       L1329               ldy $13f0,x
               S02:00001329:  BC F0 13
F00:0431                           lda $14f8,y
               S02:0000132C:  B9 F8 14
F00:0432                           sta $fe
               S02:0000132F:  85 FE
F00:0433                           lda $15bd,y
               S02:00001331:  B9 BD 15
F00:0434                           sta $ff
               S02:00001334:  85 FF
F00:0435                           ldy $13c8,x
               S02:00001336:  BC C8 13
F00:0436                           lda ($fe),y
               S02:00001339:  B1 FE
F00:0437                           cmp #$40
               S02:0000133B:  C9 40
F00:0438                           bcc L1357
               S02:0000133D:  90 18
F00:0439                           cmp #$60
               S02:0000133F:  C9 60
F00:0440                           bcc L1361
               S02:00001341:  90 1E
F00:0441                           cmp #$c0
               S02:00001343:  C9 C0
F00:0442                           bcc L1375
               S02:00001345:  90 2E
F00:0443                           lda $13c9,x
               S02:00001347:  BD C9 13
F00:0444                           bne L134e
               S02:0000134A:  D0 02
F00:0445                           lda ($fe),y
               S02:0000134C:  B1 FE
F00:0446       L134e               adc #$00
               S02:0000134E:  69 00
F00:0447                           sta $13c9,x
               S02:00001350:  9D C9 13
F00:0448                           beq L139b
               S02:00001353:  F0 46
F00:0449                           bne L13a4
               S02:00001355:  D0 4D
F00:0450       L1357               sta $13f4,x
               S02:00001357:  9D F4 13
F00:0451                           iny
               S02:0000135A:  C8
F00:0452                           lda ($fe),y
               S02:0000135B:  B1 FE
F00:0453                           cmp #$60
               S02:0000135D:  C9 60
F00:0454                           bcs L1375
               S02:0000135F:  B0 14
F00:0455       L1361               cmp #$50
               S02:00001361:  C9 50
F00:0456                           and #$0f
               S02:00001363:  29 0F
F00:0457                           sta $13ca,x
               S02:00001365:  9D CA 13
F00:0458                           beq L1370
               S02:00001368:  F0 06
F00:0459                           iny
               S02:0000136A:  C8
F00:0460                           lda ($fe),y
               S02:0000136B:  B1 FE
F00:0461                           sta $13cb,x
               S02:0000136D:  9D CB 13
F00:0462       L1370               bcs L139b
               S02:00001370:  B0 29
F00:0463                           iny
               S02:00001372:  C8
F00:0464                           lda ($fe),y
               S02:00001373:  B1 FE
F00:0465       L1375               cmp #$bd
               S02:00001375:  C9 BD
F00:0466                           bcc L137f
               S02:00001377:  90 06
F00:0467                           beq L139b
               S02:00001379:  F0 20
F00:0468                           ora #$f0
               S02:0000137B:  09 F0
F00:0469                           bne L1398
               S02:0000137D:  D0 19
F00:0470       L137f               adc $13c6,x
               S02:0000137F:  7D C6 13
F00:0471                           sta $13dc,x
               S02:00001382:  9D DC 13
F00:0472                           lda $13ca,x
               S02:00001385:  BD CA 13
F00:0473                           cmp #$03
               S02:00001388:  C9 03
F00:0474                           beq L139b
               S02:0000138A:  F0 0F
F00:0475                           lda #$ff
               S02:0000138C:  A9 FF
F00:0476                           sta $141e,x
               S02:0000138E:  9D 1E 14
F00:0477                           lda #$00
               S02:00001391:  A9 00
F00:0478                           sta $141f,x
               S02:00001393:  9D 1F 14
F00:0479                           lda #$fe
               S02:00001396:  A9 FE
F00:0480       L1398               sta $13f5,x
               S02:00001398:  9D F5 13
F00:0481       L139b               iny
               S02:0000139B:  C8
F00:0482                           lda ($fe),y
               S02:0000139C:  B1 FE
F00:0483                           beq L13a1
               S02:0000139E:  F0 01
F00:0484                           tya
               S02:000013A0:  98
F00:0485       L13a1               sta $13c8,x
               S02:000013A1:  9D C8 13
F00:0486       L13a4               lda $13de,x
               S02:000013A4:  BD DE 13
F00:0487                           and $13f5,x
               S02:000013A7:  3D F5 13
F00:0488                           sta $141d,x
               S02:000013AA:  9D 1D 14
F00:0489                           rts
               S02:000013AD:  60
F00:0490       
F00:0491         .binary "Friend_Data.bin"
               S02:000013AE:  06 0C 0C 13 13 1D 21 25 29 32 3B 44 4A 4E 52 63
               S02:000013BE:  7B A2 A2 9F 82 08 05 00 00 00 00 00 00 00 00 00
F00:0492       


Sections:
S01  segf00
S02  seg1000


Sources:
F00  friend.s


Symbols:
L13a1 EXPR(5025=0x13a1) ABS 
L1398 EXPR(5016=0x1398) ABS 
L137f EXPR(4991=0x137f) ABS 
L1370 EXPR(4976=0x1370) ABS 
L139b EXPR(5019=0x139b) ABS 
L134e EXPR(4942=0x134e) ABS 
L1375 EXPR(4981=0x1375) ABS 
L1361 EXPR(4961=0x1361) ABS 
L1357 EXPR(4951=0x1357) ABS 
L1329 EXPR(4905=0x1329) ABS 
L131b EXPR(4891=0x131b) ABS 
L130a EXPR(4874=0x130a) ABS 
L12ff EXPR(4863=0x12ff) ABS 
L130f EXPR(4879=0x130f) ABS 
L12f3 EXPR(4851=0x12f3) ABS 
L12f6 EXPR(4854=0x12f6) ABS 
L131e EXPR(4894=0x131e) ABS 
L12c6 EXPR(4806=0x12c6) ABS 
L12bf EXPR(4799=0x12bf) ABS 
L129e EXPR(4766=0x129e) ABS 
L1291 EXPR(4753=0x1291) ABS 
L128c EXPR(4748=0x128c) ABS 
L12ab EXPR(4779=0x12ab) ABS 
L125b EXPR(4699=0x125b) ABS 
L124e EXPR(4686=0x124e) ABS 
L1270 EXPR(4720=0x1270) ABS 
L11fb EXPR(4603=0x11fb) ABS 
L11ef EXPR(4591=0x11ef) ABS 
L1203 EXPR(4611=0x1203) ABS 
L1276 EXPR(4726=0x1276) ABS 
L11bc EXPR(4540=0x11bc) ABS 
L11bf EXPR(4543=0x11bf) ABS 
L11c2 EXPR(4546=0x11c2) ABS 
S11a3 EXPR(4515=0x11a3) ABS 
L1185 EXPR(4485=0x1185) ABS 
L118a EXPR(4490=0x118a) ABS 
L1179 EXPR(4473=0x1179) ABS 
L117c EXPR(4476=0x117c) ABS 
L1167 EXPR(4455=0x1167) ABS 
L115e EXPR(4446=0x115e) ABS 
L116a EXPR(4458=0x116a) ABS 
L13a4 EXPR(5028=0x13a4) ABS 
S112f EXPR(4399=0x112f) ABS 
L1112 EXPR(4370=0x1112) ABS 
L10fe EXPR(4350=0x10fe) ABS 
L12c7 EXPR(4807=0x12c7) ABS 
L12d5 EXPR(4821=0x12d5) ABS 
L10db EXPR(4315=0x10db) ABS 
L10f2 EXPR(4338=0x10f2) ABS 
L10e2 EXPR(4322=0x10e2) ABS 
L10cb EXPR(4299=0x10cb) ABS 
L1095 EXPR(4245=0x1095) ABS 
L1094 EXPR(4244=0x1094) ABS 
L107b EXPR(4219=0x107b) ABS 
L12d8 EXPR(4824=0x12d8) ABS 
L1078 EXPR(4216=0x1078) ABS 
L1075 EXPR(4213=0x1075) ABS 
L106f EXPR(4207=0x106f) ABS 
L1065 EXPR(4197=0x1065) ABS 
L1052 EXPR(4178=0x1052) UNUSED ABS 
L104e EXPR(4174=0x104e) UNUSED ABS 
L1188 EXPR(4488=0x1188) ABS 
L104a EXPR(4170=0x104a) UNUSED ABS 
L1044 EXPR(4164=0x1044) UNUSED ABS 
L113f EXPR(4415=0x113f) ABS 
L1040 EXPR(4160=0x1040) ABS 
L103b EXPR(4155=0x103b) UNUSED ABS 
L1032 EXPR(4146=0x1032) UNUSED ABS 
L1029 EXPR(4137=0x1029) UNUSED ABS 
L1025 EXPR(4133=0x1025) UNUSED ABS 
L1021 EXPR(4129=0x1021) UNUSED ABS 
L101d EXPR(4125=0x101d) UNUSED ABS 
L100c EXPR(4108=0x100c) UNUSED ABS 
L1013 EXPR(4115=0x1013) ABS 
S1006 EXPR(4102=0x1006) ABS 
L10fc EXPR(4348=0x10fc) ABS 
L10f8 EXPR(4344=0x10f8) ABS 
InitSid EXPR(4096=0x1000) ABS 
PlaySid EXPR(4099=0x1003) ABS 
putbut EXPR(3894=0xf36) ABS 
loop EXPR(3863=0xf17) ABS 
InitSid2 EXPR(3885=0xf2d) ABS 
irq EXPR(3866=0xf1a) ABS 
init EXPR(3840=0xf00) UNUSED ABS 
d418_sFiltMode EXPR(47128=0xb818) UNUSED EQU 
d417_sFiltControl EXPR(47127=0xb817) UNUSED EQU 
d416_sFiltFreqHi EXPR(47126=0xb816) UNUSED EQU 
d415_sFiltFreqLo EXPR(47125=0xb815) UNUSED EQU 
d412_sVoc3Control EXPR(47122=0xb812) UNUSED EQU 
d40b_sVoc2Control EXPR(47115=0xb80b) UNUSED EQU 
d406_sVoc1SusRel EXPR(47110=0xb806) UNUSED EQU 
d405_sVoc1AttDec EXPR(47109=0xb805) UNUSED EQU 
d404_sVoc1Control EXPR(47108=0xb804) UNUSED EQU 
d403_sVoc1PWidthHi EXPR(47107=0xb803) UNUSED EQU 
d402_sVoc1PWidthLo EXPR(47106=0xb802) UNUSED EQU 
d401_sVoc1FreqHi EXPR(47105=0xb801) UNUSED EQU 
d400_sVoc1FreqLo EXPR(47104=0xb800) EQU 
__RPTCNT EXPR(-1=0xffff) INTERNAL 
__VASM EXPR(0=0x0) INTERNAL 

There have been no errors.
